ARM GAS  C:\Users\acw\AppData\Local\Temp\ccM4zvfr.s 			page 1


   1              		.cpu cortex-m4
   2              		.eabi_attribute 27, 1
   3              		.eabi_attribute 28, 1
   4              		.eabi_attribute 20, 1
   5              		.eabi_attribute 21, 1
   6              		.eabi_attribute 23, 3
   7              		.eabi_attribute 24, 1
   8              		.eabi_attribute 25, 1
   9              		.eabi_attribute 26, 1
  10              		.eabi_attribute 30, 1
  11              		.eabi_attribute 34, 1
  12              		.eabi_attribute 18, 4
  13              		.file	"freertos.c"
  14              		.text
  15              	.Ltext0:
  16              		.cfi_sections	.debug_frame
  17              		.section	.text.StartDefaultTask,"ax",%progbits
  18              		.align	1
  19              		.global	StartDefaultTask
  20              		.syntax unified
  21              		.thumb
  22              		.thumb_func
  23              		.fpu fpv4-sp-d16
  25              	StartDefaultTask:
  26              	.LFB132:
  27              		.file 1 "Src/freertos.c"
   1:Src/freertos.c **** /* USER CODE BEGIN Header */
   2:Src/freertos.c **** /**
   3:Src/freertos.c ****   ******************************************************************************
   4:Src/freertos.c ****   * File Name          : freertos.c
   5:Src/freertos.c ****   * Description        : Code for freertos applications
   6:Src/freertos.c ****   ******************************************************************************
   7:Src/freertos.c ****   * @attention
   8:Src/freertos.c ****   *
   9:Src/freertos.c ****   * <h2><center>&copy; Copyright (c) 2019 STMicroelectronics.
  10:Src/freertos.c ****   * All rights reserved.</center></h2>
  11:Src/freertos.c ****   *
  12:Src/freertos.c ****   * This software component is licensed by ST under Ultimate Liberty license
  13:Src/freertos.c ****   * SLA0044, the "License"; You may not use this file except in compliance with
  14:Src/freertos.c ****   * the License. You may obtain a copy of the License at:
  15:Src/freertos.c ****   *                             www.st.com/SLA0044
  16:Src/freertos.c ****   *
  17:Src/freertos.c ****   ******************************************************************************
  18:Src/freertos.c ****   */
  19:Src/freertos.c **** /* USER CODE END Header */
  20:Src/freertos.c **** 
  21:Src/freertos.c **** /* Includes ------------------------------------------------------------------*/
  22:Src/freertos.c **** #include "FreeRTOS.h"
  23:Src/freertos.c **** #include "task.h"
  24:Src/freertos.c **** #include "main.h"
  25:Src/freertos.c **** #include "cmsis_os.h"
  26:Src/freertos.c **** 
  27:Src/freertos.c **** /* Private includes ----------------------------------------------------------*/
  28:Src/freertos.c **** /* USER CODE BEGIN Includes */
  29:Src/freertos.c **** #include "can.h"
  30:Src/freertos.c **** #include "sampling.h"
  31:Src/freertos.c **** /* USER CODE END Includes */
ARM GAS  C:\Users\acw\AppData\Local\Temp\ccM4zvfr.s 			page 2


  32:Src/freertos.c **** 
  33:Src/freertos.c **** /* Private typedef -----------------------------------------------------------*/
  34:Src/freertos.c **** /* USER CODE BEGIN PTD */
  35:Src/freertos.c **** 
  36:Src/freertos.c **** /* USER CODE END PTD */
  37:Src/freertos.c **** 
  38:Src/freertos.c **** /* Private define ------------------------------------------------------------*/
  39:Src/freertos.c **** /* USER CODE BEGIN PD */
  40:Src/freertos.c **** 
  41:Src/freertos.c **** /* USER CODE END PD */
  42:Src/freertos.c **** 
  43:Src/freertos.c **** /* Private macro -------------------------------------------------------------*/
  44:Src/freertos.c **** /* USER CODE BEGIN PM */
  45:Src/freertos.c **** 
  46:Src/freertos.c **** /* USER CODE END PM */
  47:Src/freertos.c **** 
  48:Src/freertos.c **** /* Private variables ---------------------------------------------------------*/
  49:Src/freertos.c **** /* USER CODE BEGIN Variables */
  50:Src/freertos.c **** 
  51:Src/freertos.c **** /* USER CODE END Variables */
  52:Src/freertos.c **** osThreadId defaultTaskHandle;
  53:Src/freertos.c **** 
  54:Src/freertos.c **** /* Private function prototypes -----------------------------------------------*/
  55:Src/freertos.c **** /* USER CODE BEGIN FunctionPrototypes */
  56:Src/freertos.c **** 
  57:Src/freertos.c **** /* USER CODE END FunctionPrototypes */
  58:Src/freertos.c **** 
  59:Src/freertos.c **** void StartDefaultTask(void const *argument);
  60:Src/freertos.c **** 
  61:Src/freertos.c **** void MX_FREERTOS_Init(void); /* (MISRA C 2004 rule 8.1) */
  62:Src/freertos.c **** 
  63:Src/freertos.c **** /**
  64:Src/freertos.c ****   * @brief  FreeRTOS initialization
  65:Src/freertos.c ****   * @param  None
  66:Src/freertos.c ****   * @retval None
  67:Src/freertos.c ****   */
  68:Src/freertos.c **** void MX_FREERTOS_Init(void)
  69:Src/freertos.c **** {
  70:Src/freertos.c ****   /* USER CODE BEGIN Init */
  71:Src/freertos.c **** 
  72:Src/freertos.c ****   /* USER CODE END Init */
  73:Src/freertos.c **** 
  74:Src/freertos.c ****   /* USER CODE BEGIN RTOS_MUTEX */
  75:Src/freertos.c ****   /* add mutexes, ... */
  76:Src/freertos.c ****   /* USER CODE END RTOS_MUTEX */
  77:Src/freertos.c **** 
  78:Src/freertos.c ****   /* USER CODE BEGIN RTOS_SEMAPHORES */
  79:Src/freertos.c ****   /* add semaphores, ... */
  80:Src/freertos.c ****   /* USER CODE END RTOS_SEMAPHORES */
  81:Src/freertos.c **** 
  82:Src/freertos.c ****   /* USER CODE BEGIN RTOS_TIMERS */
  83:Src/freertos.c ****   /* start timers, add new ones, ... */
  84:Src/freertos.c ****   /* USER CODE END RTOS_TIMERS */
  85:Src/freertos.c **** 
  86:Src/freertos.c ****   /* USER CODE BEGIN RTOS_QUEUES */
  87:Src/freertos.c ****   /* add queues, ... */
  88:Src/freertos.c ****   /* USER CODE END RTOS_QUEUES */
ARM GAS  C:\Users\acw\AppData\Local\Temp\ccM4zvfr.s 			page 3


  89:Src/freertos.c **** 
  90:Src/freertos.c ****   /* Create the thread(s) */
  91:Src/freertos.c ****   /* definition and creation of defaultTask */
  92:Src/freertos.c ****   osThreadDef(defaultTask, StartDefaultTask, osPriorityNormal, 0, 128);
  93:Src/freertos.c ****   defaultTaskHandle = osThreadCreate(osThread(defaultTask), NULL);
  94:Src/freertos.c **** 
  95:Src/freertos.c ****   /* USER CODE BEGIN RTOS_THREADS */
  96:Src/freertos.c ****   /* add threads, ... */
  97:Src/freertos.c ****   /* USER CODE END RTOS_THREADS */
  98:Src/freertos.c **** }
  99:Src/freertos.c **** 
 100:Src/freertos.c **** /* USER CODE BEGIN Header_StartDefaultTask */
 101:Src/freertos.c **** /**
 102:Src/freertos.c ****   * @brief  Function implementing the defaultTask thread.
 103:Src/freertos.c ****   * @param  argument: Not used 
 104:Src/freertos.c ****   * @retval None
 105:Src/freertos.c ****   */
 106:Src/freertos.c **** /* USER CODE END Header_StartDefaultTask */
 107:Src/freertos.c **** void StartDefaultTask(void const *argument)
 108:Src/freertos.c **** {
  28              		.loc 1 108 0
  29              		.cfi_startproc
  30              		@ Volatile: function does not return.
  31              		@ args = 0, pretend = 0, frame = 32
  32              		@ frame_needed = 0, uses_anonymous_args = 0
  33              	.LVL0:
  34 0000 00B5     		push	{lr}
  35              	.LCFI0:
  36              		.cfi_def_cfa_offset 4
  37              		.cfi_offset 14, -4
  38 0002 89B0     		sub	sp, sp, #36
  39              	.LCFI1:
  40              		.cfi_def_cfa_offset 40
 109:Src/freertos.c ****   /* USER CODE BEGIN StartDefaultTask */
 110:Src/freertos.c ****   HAL_CAN_Start(&hcan);
  41              		.loc 1 110 0
  42 0004 0E48     		ldr	r0, .L4
  43              	.LVL1:
  44 0006 FFF7FEFF 		bl	HAL_CAN_Start
  45              	.LVL2:
  46              	.L2:
  47              	.LBB2:
 111:Src/freertos.c ****   /* Infinite loop */
 112:Src/freertos.c ****   while (1)
 113:Src/freertos.c ****   {
 114:Src/freertos.c ****     CAN_TxHeaderTypeDef pHeader;
 115:Src/freertos.c ****     pHeader.StdId = 0x301;
  48              		.loc 1 115 0 discriminator 1
  49 000a 40F20133 		movw	r3, #769
  50 000e 0293     		str	r3, [sp, #8]
 116:Src/freertos.c ****     // pHeader.ExtId =
 117:Src/freertos.c ****     pHeader.IDE = CAN_ID_STD;
  51              		.loc 1 117 0 discriminator 1
  52 0010 0023     		movs	r3, #0
  53 0012 0493     		str	r3, [sp, #16]
 118:Src/freertos.c ****     pHeader.RTR = CAN_RTR_DATA;
  54              		.loc 1 118 0 discriminator 1
ARM GAS  C:\Users\acw\AppData\Local\Temp\ccM4zvfr.s 			page 4


  55 0014 0593     		str	r3, [sp, #20]
 119:Src/freertos.c ****     pHeader.DLC = 4;
  56              		.loc 1 119 0 discriminator 1
  57 0016 0422     		movs	r2, #4
  58 0018 0692     		str	r2, [sp, #24]
 120:Src/freertos.c ****     pHeader.TransmitGlobalTime = DISABLE;
  59              		.loc 1 120 0 discriminator 1
  60 001a 8DF81C30 		strb	r3, [sp, #28]
 121:Src/freertos.c **** 
 122:Src/freertos.c ****     uint32_t mailbox;
 123:Src/freertos.c ****     HAL_CAN_AddTxMessage(&hcan, &pHeader, &currentAvg, &mailbox);
  61              		.loc 1 123 0 discriminator 1
  62 001e 0DEB0203 		add	r3, sp, r2
  63 0022 084A     		ldr	r2, .L4+4
  64 0024 02A9     		add	r1, sp, #8
  65 0026 0648     		ldr	r0, .L4
  66 0028 FFF7FEFF 		bl	HAL_CAN_AddTxMessage
  67              	.LVL3:
 124:Src/freertos.c ****     HAL_GPIO_TogglePin(LED_GPIO_Port, LED_Pin);
  68              		.loc 1 124 0 discriminator 1
  69 002c 4FF40051 		mov	r1, #8192
  70 0030 0548     		ldr	r0, .L4+8
  71 0032 FFF7FEFF 		bl	HAL_GPIO_TogglePin
  72              	.LVL4:
 125:Src/freertos.c ****     osDelay(5);
  73              		.loc 1 125 0 discriminator 1
  74 0036 0520     		movs	r0, #5
  75 0038 FFF7FEFF 		bl	osDelay
  76              	.LVL5:
  77 003c E5E7     		b	.L2
  78              	.L5:
  79 003e 00BF     		.align	2
  80              	.L4:
  81 0040 00000000 		.word	hcan
  82 0044 00000000 		.word	currentAvg
  83 0048 00080048 		.word	1207961600
  84              	.LBE2:
  85              		.cfi_endproc
  86              	.LFE132:
  88              		.section	.text.MX_FREERTOS_Init,"ax",%progbits
  89              		.align	1
  90              		.global	MX_FREERTOS_Init
  91              		.syntax unified
  92              		.thumb
  93              		.thumb_func
  94              		.fpu fpv4-sp-d16
  96              	MX_FREERTOS_Init:
  97              	.LFB131:
  69:Src/freertos.c ****   /* USER CODE BEGIN Init */
  98              		.loc 1 69 0
  99              		.cfi_startproc
 100              		@ args = 0, pretend = 0, frame = 24
 101              		@ frame_needed = 0, uses_anonymous_args = 0
 102 0000 30B5     		push	{r4, r5, lr}
 103              	.LCFI2:
 104              		.cfi_def_cfa_offset 12
 105              		.cfi_offset 4, -12
ARM GAS  C:\Users\acw\AppData\Local\Temp\ccM4zvfr.s 			page 5


 106              		.cfi_offset 5, -8
 107              		.cfi_offset 14, -4
 108 0002 87B0     		sub	sp, sp, #28
 109              	.LCFI3:
 110              		.cfi_def_cfa_offset 40
  92:Src/freertos.c ****   defaultTaskHandle = osThreadCreate(osThread(defaultTask), NULL);
 111              		.loc 1 92 0
 112 0004 01AC     		add	r4, sp, #4
 113 0006 064D     		ldr	r5, .L8
 114 0008 0FCD     		ldmia	r5!, {r0, r1, r2, r3}
 115 000a 0FC4     		stmia	r4!, {r0, r1, r2, r3}
 116 000c 2B68     		ldr	r3, [r5]
 117 000e 2360     		str	r3, [r4]
  93:Src/freertos.c **** 
 118              		.loc 1 93 0
 119 0010 0021     		movs	r1, #0
 120 0012 01A8     		add	r0, sp, #4
 121 0014 FFF7FEFF 		bl	osThreadCreate
 122              	.LVL6:
 123 0018 024B     		ldr	r3, .L8+4
 124 001a 1860     		str	r0, [r3]
  98:Src/freertos.c **** 
 125              		.loc 1 98 0
 126 001c 07B0     		add	sp, sp, #28
 127              	.LCFI4:
 128              		.cfi_def_cfa_offset 12
 129              		@ sp needed
 130 001e 30BD     		pop	{r4, r5, pc}
 131              	.L9:
 132              		.align	2
 133              	.L8:
 134 0020 00000000 		.word	.LANCHOR0
 135 0024 00000000 		.word	defaultTaskHandle
 136              		.cfi_endproc
 137              	.LFE131:
 139              		.comm	defaultTaskHandle,4,4
 140              		.section	.rodata
 141              		.align	2
 142              		.set	.LANCHOR0,. + 0
 143              	.LC2:
 144 0000 00000000 		.word	.LC0
 145 0004 00000000 		.word	StartDefaultTask
 146 0008 0000     		.short	0
 147 000a 0000     		.space	2
 148 000c 00000000 		.word	0
 149 0010 80000000 		.word	128
 150              		.section	.rodata.str1.4,"aMS",%progbits,1
 151              		.align	2
 152              	.LC0:
 153 0000 64656661 		.ascii	"defaultTask\000"
 153      756C7454 
 153      61736B00 
 154              		.text
 155              	.Letext0:
 156              		.file 2 "c:\\program files (x86)\\gnu tools arm embedded\\7 2018-q2-update\\arm-none-eabi\\include
 157              		.file 3 "c:\\program files (x86)\\gnu tools arm embedded\\7 2018-q2-update\\arm-none-eabi\\include
 158              		.file 4 "Middlewares/Third_Party/FreeRTOS/Source/include/task.h"
ARM GAS  C:\Users\acw\AppData\Local\Temp\ccM4zvfr.s 			page 6


 159              		.file 5 "Inc/FreeRTOSConfig.h"
 160              		.file 6 "Drivers/CMSIS/Include/core_cm4.h"
 161              		.file 7 "Drivers/CMSIS/Device/ST/STM32F3xx/Include/system_stm32f3xx.h"
 162              		.file 8 "Drivers/CMSIS/Device/ST/STM32F3xx/Include/stm32f373xc.h"
 163              		.file 9 "Drivers/CMSIS/Device/ST/STM32F3xx/Include/stm32f3xx.h"
 164              		.file 10 "c:\\program files (x86)\\gnu tools arm embedded\\7 2018-q2-update\\arm-none-eabi\\includ
 165              		.file 11 "c:\\program files (x86)\\gnu tools arm embedded\\7 2018-q2-update\\arm-none-eabi\\includ
 166              		.file 12 "c:\\program files (x86)\\gnu tools arm embedded\\7 2018-q2-update\\lib\\gcc\\arm-none-ea
 167              		.file 13 "c:\\program files (x86)\\gnu tools arm embedded\\7 2018-q2-update\\arm-none-eabi\\includ
 168              		.file 14 "Drivers/STM32F3xx_HAL_Driver/Inc/stm32f3xx_hal_can.h"
 169              		.file 15 "Drivers/STM32F3xx_HAL_Driver/Inc/stm32f3xx_hal.h"
 170              		.file 16 "Middlewares/Third_Party/FreeRTOS/Source/CMSIS_RTOS/cmsis_os.h"
 171              		.file 17 "Inc/can.h"
 172              		.file 18 "Inc/sampling.h"
 173              		.file 19 "Drivers/STM32F3xx_HAL_Driver/Inc/stm32f3xx_hal_gpio.h"
ARM GAS  C:\Users\acw\AppData\Local\Temp\ccM4zvfr.s 			page 7


DEFINED SYMBOLS
                            *ABS*:00000000 freertos.c
C:\Users\acw\AppData\Local\Temp\ccM4zvfr.s:18     .text.StartDefaultTask:00000000 $t
C:\Users\acw\AppData\Local\Temp\ccM4zvfr.s:25     .text.StartDefaultTask:00000000 StartDefaultTask
C:\Users\acw\AppData\Local\Temp\ccM4zvfr.s:81     .text.StartDefaultTask:00000040 $d
C:\Users\acw\AppData\Local\Temp\ccM4zvfr.s:89     .text.MX_FREERTOS_Init:00000000 $t
C:\Users\acw\AppData\Local\Temp\ccM4zvfr.s:96     .text.MX_FREERTOS_Init:00000000 MX_FREERTOS_Init
C:\Users\acw\AppData\Local\Temp\ccM4zvfr.s:134    .text.MX_FREERTOS_Init:00000020 $d
                            *COM*:00000004 defaultTaskHandle
C:\Users\acw\AppData\Local\Temp\ccM4zvfr.s:141    .rodata:00000000 $d
C:\Users\acw\AppData\Local\Temp\ccM4zvfr.s:151    .rodata.str1.4:00000000 $d

UNDEFINED SYMBOLS
HAL_CAN_Start
HAL_CAN_AddTxMessage
HAL_GPIO_TogglePin
osDelay
hcan
currentAvg
osThreadCreate
