ARM GAS  C:\Users\acw\AppData\Local\Temp\ccJweLay.s 			page 1


   1              		.cpu cortex-m4
   2              		.eabi_attribute 27, 1
   3              		.eabi_attribute 28, 1
   4              		.eabi_attribute 20, 1
   5              		.eabi_attribute 21, 1
   6              		.eabi_attribute 23, 3
   7              		.eabi_attribute 24, 1
   8              		.eabi_attribute 25, 1
   9              		.eabi_attribute 26, 1
  10              		.eabi_attribute 30, 1
  11              		.eabi_attribute 34, 1
  12              		.eabi_attribute 18, 4
  13              		.file	"gpio.c"
  14              		.text
  15              	.Ltext0:
  16              		.cfi_sections	.debug_frame
  17              		.section	.text.MX_GPIO_Init,"ax",%progbits
  18              		.align	1
  19              		.global	MX_GPIO_Init
  20              		.syntax unified
  21              		.thumb
  22              		.thumb_func
  23              		.fpu fpv4-sp-d16
  25              	MX_GPIO_Init:
  26              	.LFB126:
  27              		.file 1 "Src/gpio.c"
   1:Src/gpio.c    **** /**
   2:Src/gpio.c    ****   ******************************************************************************
   3:Src/gpio.c    ****   * File Name          : gpio.c
   4:Src/gpio.c    ****   * Description        : This file provides code for the configuration
   5:Src/gpio.c    ****   *                      of all used GPIO pins.
   6:Src/gpio.c    ****   ******************************************************************************
   7:Src/gpio.c    ****   * @attention
   8:Src/gpio.c    ****   *
   9:Src/gpio.c    ****   * <h2><center>&copy; Copyright (c) 2019 STMicroelectronics.
  10:Src/gpio.c    ****   * All rights reserved.</center></h2>
  11:Src/gpio.c    ****   *
  12:Src/gpio.c    ****   * This software component is licensed by ST under Ultimate Liberty license
  13:Src/gpio.c    ****   * SLA0044, the "License"; You may not use this file except in compliance with
  14:Src/gpio.c    ****   * the License. You may obtain a copy of the License at:
  15:Src/gpio.c    ****   *                             www.st.com/SLA0044
  16:Src/gpio.c    ****   *
  17:Src/gpio.c    ****   ******************************************************************************
  18:Src/gpio.c    ****   */
  19:Src/gpio.c    **** 
  20:Src/gpio.c    **** /* Includes ------------------------------------------------------------------*/
  21:Src/gpio.c    **** #include "gpio.h"
  22:Src/gpio.c    **** /* USER CODE BEGIN 0 */
  23:Src/gpio.c    **** 
  24:Src/gpio.c    **** /* USER CODE END 0 */
  25:Src/gpio.c    **** 
  26:Src/gpio.c    **** /*----------------------------------------------------------------------------*/
  27:Src/gpio.c    **** /* Configure GPIO                                                             */
  28:Src/gpio.c    **** /*----------------------------------------------------------------------------*/
  29:Src/gpio.c    **** /* USER CODE BEGIN 1 */
  30:Src/gpio.c    **** 
  31:Src/gpio.c    **** /* USER CODE END 1 */
ARM GAS  C:\Users\acw\AppData\Local\Temp\ccJweLay.s 			page 2


  32:Src/gpio.c    **** 
  33:Src/gpio.c    **** /** Configure pins as 
  34:Src/gpio.c    ****         * Analog 
  35:Src/gpio.c    ****         * Input 
  36:Src/gpio.c    ****         * Output
  37:Src/gpio.c    ****         * EVENT_OUT
  38:Src/gpio.c    ****         * EXTI
  39:Src/gpio.c    ****         * Free pins are configured automatically as Analog (this feature is enabled through 
  40:Src/gpio.c    ****         * the Code Generation settings)
  41:Src/gpio.c    **** */
  42:Src/gpio.c    **** void MX_GPIO_Init(void)
  43:Src/gpio.c    **** {
  28              		.loc 1 43 0
  29              		.cfi_startproc
  30              		@ args = 0, pretend = 0, frame = 48
  31              		@ frame_needed = 0, uses_anonymous_args = 0
  32 0000 30B5     		push	{r4, r5, lr}
  33              	.LCFI0:
  34              		.cfi_def_cfa_offset 12
  35              		.cfi_offset 4, -12
  36              		.cfi_offset 5, -8
  37              		.cfi_offset 14, -4
  38 0002 8DB0     		sub	sp, sp, #52
  39              	.LCFI1:
  40              		.cfi_def_cfa_offset 64
  44:Src/gpio.c    **** 
  45:Src/gpio.c    ****   GPIO_InitTypeDef GPIO_InitStruct = {0};
  41              		.loc 1 45 0
  42 0004 0024     		movs	r4, #0
  43 0006 0794     		str	r4, [sp, #28]
  44 0008 0894     		str	r4, [sp, #32]
  45 000a 0994     		str	r4, [sp, #36]
  46 000c 0A94     		str	r4, [sp, #40]
  47 000e 0B94     		str	r4, [sp, #44]
  48              	.LBB2:
  46:Src/gpio.c    **** 
  47:Src/gpio.c    ****   /* GPIO Ports Clock Enable */
  48:Src/gpio.c    ****   __HAL_RCC_GPIOC_CLK_ENABLE();
  49              		.loc 1 48 0
  50 0010 374B     		ldr	r3, .L3
  51 0012 5A69     		ldr	r2, [r3, #20]
  52 0014 42F40022 		orr	r2, r2, #524288
  53 0018 5A61     		str	r2, [r3, #20]
  54 001a 5A69     		ldr	r2, [r3, #20]
  55 001c 02F40022 		and	r2, r2, #524288
  56 0020 0192     		str	r2, [sp, #4]
  57 0022 019A     		ldr	r2, [sp, #4]
  58              	.LBE2:
  59              	.LBB3:
  49:Src/gpio.c    ****   __HAL_RCC_GPIOF_CLK_ENABLE();
  60              		.loc 1 49 0
  61 0024 5A69     		ldr	r2, [r3, #20]
  62 0026 42F48002 		orr	r2, r2, #4194304
  63 002a 5A61     		str	r2, [r3, #20]
  64 002c 5A69     		ldr	r2, [r3, #20]
  65 002e 02F48002 		and	r2, r2, #4194304
  66 0032 0292     		str	r2, [sp, #8]
ARM GAS  C:\Users\acw\AppData\Local\Temp\ccJweLay.s 			page 3


  67 0034 029A     		ldr	r2, [sp, #8]
  68              	.LBE3:
  69              	.LBB4:
  50:Src/gpio.c    ****   __HAL_RCC_GPIOA_CLK_ENABLE();
  70              		.loc 1 50 0
  71 0036 5A69     		ldr	r2, [r3, #20]
  72 0038 42F40032 		orr	r2, r2, #131072
  73 003c 5A61     		str	r2, [r3, #20]
  74 003e 5A69     		ldr	r2, [r3, #20]
  75 0040 02F40032 		and	r2, r2, #131072
  76 0044 0392     		str	r2, [sp, #12]
  77 0046 039A     		ldr	r2, [sp, #12]
  78              	.LBE4:
  79              	.LBB5:
  51:Src/gpio.c    ****   __HAL_RCC_GPIOB_CLK_ENABLE();
  80              		.loc 1 51 0
  81 0048 5A69     		ldr	r2, [r3, #20]
  82 004a 42F48022 		orr	r2, r2, #262144
  83 004e 5A61     		str	r2, [r3, #20]
  84 0050 5A69     		ldr	r2, [r3, #20]
  85 0052 02F48022 		and	r2, r2, #262144
  86 0056 0492     		str	r2, [sp, #16]
  87 0058 049A     		ldr	r2, [sp, #16]
  88              	.LBE5:
  89              	.LBB6:
  52:Src/gpio.c    ****   __HAL_RCC_GPIOE_CLK_ENABLE();
  90              		.loc 1 52 0
  91 005a 5A69     		ldr	r2, [r3, #20]
  92 005c 42F40012 		orr	r2, r2, #2097152
  93 0060 5A61     		str	r2, [r3, #20]
  94 0062 5A69     		ldr	r2, [r3, #20]
  95 0064 02F40012 		and	r2, r2, #2097152
  96 0068 0592     		str	r2, [sp, #20]
  97 006a 059A     		ldr	r2, [sp, #20]
  98              	.LBE6:
  99              	.LBB7:
  53:Src/gpio.c    ****   __HAL_RCC_GPIOD_CLK_ENABLE();
 100              		.loc 1 53 0
 101 006c 5A69     		ldr	r2, [r3, #20]
 102 006e 42F48012 		orr	r2, r2, #1048576
 103 0072 5A61     		str	r2, [r3, #20]
 104 0074 5B69     		ldr	r3, [r3, #20]
 105 0076 03F48013 		and	r3, r3, #1048576
 106 007a 0693     		str	r3, [sp, #24]
 107 007c 069B     		ldr	r3, [sp, #24]
 108              	.LBE7:
  54:Src/gpio.c    **** 
  55:Src/gpio.c    ****   /*Configure GPIO pin Output Level */
  56:Src/gpio.c    ****   HAL_GPIO_WritePin(LED_GPIO_Port, LED_Pin, GPIO_PIN_RESET);
 109              		.loc 1 56 0
 110 007e 1D4D     		ldr	r5, .L3+4
 111 0080 2246     		mov	r2, r4
 112 0082 4FF40051 		mov	r1, #8192
 113 0086 2846     		mov	r0, r5
 114 0088 FFF7FEFF 		bl	HAL_GPIO_WritePin
 115              	.LVL0:
  57:Src/gpio.c    **** 
ARM GAS  C:\Users\acw\AppData\Local\Temp\ccJweLay.s 			page 4


  58:Src/gpio.c    ****   /*Configure GPIO pin : PtPin */
  59:Src/gpio.c    ****   GPIO_InitStruct.Pin = LED_Pin;
 116              		.loc 1 59 0
 117 008c 4FF40053 		mov	r3, #8192
 118 0090 0793     		str	r3, [sp, #28]
  60:Src/gpio.c    ****   GPIO_InitStruct.Mode = GPIO_MODE_OUTPUT_PP;
 119              		.loc 1 60 0
 120 0092 0123     		movs	r3, #1
 121 0094 0893     		str	r3, [sp, #32]
  61:Src/gpio.c    ****   GPIO_InitStruct.Pull = GPIO_NOPULL;
 122              		.loc 1 61 0
 123 0096 0994     		str	r4, [sp, #36]
  62:Src/gpio.c    ****   GPIO_InitStruct.Speed = GPIO_SPEED_FREQ_LOW;
 124              		.loc 1 62 0
 125 0098 0A94     		str	r4, [sp, #40]
  63:Src/gpio.c    ****   HAL_GPIO_Init(LED_GPIO_Port, &GPIO_InitStruct);
 126              		.loc 1 63 0
 127 009a 07A9     		add	r1, sp, #28
 128 009c 2846     		mov	r0, r5
 129 009e FFF7FEFF 		bl	HAL_GPIO_Init
 130              	.LVL1:
  64:Src/gpio.c    **** 
  65:Src/gpio.c    ****   /*Configure GPIO pins : PA0 PA1 PA2 PA3 
  66:Src/gpio.c    ****                            PA5 PA6 PA8 PA15 */
  67:Src/gpio.c    ****   GPIO_InitStruct.Pin = GPIO_PIN_0|GPIO_PIN_1|GPIO_PIN_2|GPIO_PIN_3 
 131              		.loc 1 67 0
 132 00a2 48F26F13 		movw	r3, #33135
 133 00a6 0793     		str	r3, [sp, #28]
  68:Src/gpio.c    ****                           |GPIO_PIN_5|GPIO_PIN_6|GPIO_PIN_8|GPIO_PIN_15;
  69:Src/gpio.c    ****   GPIO_InitStruct.Mode = GPIO_MODE_ANALOG;
 134              		.loc 1 69 0
 135 00a8 0325     		movs	r5, #3
 136 00aa 0895     		str	r5, [sp, #32]
  70:Src/gpio.c    ****   GPIO_InitStruct.Pull = GPIO_NOPULL;
 137              		.loc 1 70 0
 138 00ac 0994     		str	r4, [sp, #36]
  71:Src/gpio.c    ****   HAL_GPIO_Init(GPIOA, &GPIO_InitStruct);
 139              		.loc 1 71 0
 140 00ae 07A9     		add	r1, sp, #28
 141 00b0 4FF09040 		mov	r0, #1207959552
 142 00b4 FFF7FEFF 		bl	HAL_GPIO_Init
 143              	.LVL2:
  72:Src/gpio.c    **** 
  73:Src/gpio.c    ****   /*Configure GPIO pins : PB2 PB3 PB4 PB5 
  74:Src/gpio.c    ****                            PB6 PB7 */
  75:Src/gpio.c    ****   GPIO_InitStruct.Pin = GPIO_PIN_2|GPIO_PIN_3|GPIO_PIN_4|GPIO_PIN_5 
 144              		.loc 1 75 0
 145 00b8 FC23     		movs	r3, #252
 146 00ba 0793     		str	r3, [sp, #28]
  76:Src/gpio.c    ****                           |GPIO_PIN_6|GPIO_PIN_7;
  77:Src/gpio.c    ****   GPIO_InitStruct.Mode = GPIO_MODE_ANALOG;
 147              		.loc 1 77 0
 148 00bc 0895     		str	r5, [sp, #32]
  78:Src/gpio.c    ****   GPIO_InitStruct.Pull = GPIO_NOPULL;
 149              		.loc 1 78 0
 150 00be 0994     		str	r4, [sp, #36]
  79:Src/gpio.c    ****   HAL_GPIO_Init(GPIOB, &GPIO_InitStruct);
ARM GAS  C:\Users\acw\AppData\Local\Temp\ccJweLay.s 			page 5


 151              		.loc 1 79 0
 152 00c0 07A9     		add	r1, sp, #28
 153 00c2 0D48     		ldr	r0, .L3+8
 154 00c4 FFF7FEFF 		bl	HAL_GPIO_Init
 155              	.LVL3:
  80:Src/gpio.c    **** 
  81:Src/gpio.c    ****   /*Configure GPIO pins : PE8 PE9 */
  82:Src/gpio.c    ****   GPIO_InitStruct.Pin = GPIO_PIN_8|GPIO_PIN_9;
 156              		.loc 1 82 0
 157 00c8 4FF44073 		mov	r3, #768
 158 00cc 0793     		str	r3, [sp, #28]
  83:Src/gpio.c    ****   GPIO_InitStruct.Mode = GPIO_MODE_ANALOG;
 159              		.loc 1 83 0
 160 00ce 0895     		str	r5, [sp, #32]
  84:Src/gpio.c    ****   GPIO_InitStruct.Pull = GPIO_NOPULL;
 161              		.loc 1 84 0
 162 00d0 0994     		str	r4, [sp, #36]
  85:Src/gpio.c    ****   HAL_GPIO_Init(GPIOE, &GPIO_InitStruct);
 163              		.loc 1 85 0
 164 00d2 07A9     		add	r1, sp, #28
 165 00d4 0948     		ldr	r0, .L3+12
 166 00d6 FFF7FEFF 		bl	HAL_GPIO_Init
 167              	.LVL4:
  86:Src/gpio.c    **** 
  87:Src/gpio.c    ****   /*Configure GPIO pins : PF6 PF7 */
  88:Src/gpio.c    ****   GPIO_InitStruct.Pin = GPIO_PIN_6|GPIO_PIN_7;
 168              		.loc 1 88 0
 169 00da C023     		movs	r3, #192
 170 00dc 0793     		str	r3, [sp, #28]
  89:Src/gpio.c    ****   GPIO_InitStruct.Mode = GPIO_MODE_ANALOG;
 171              		.loc 1 89 0
 172 00de 0895     		str	r5, [sp, #32]
  90:Src/gpio.c    ****   GPIO_InitStruct.Pull = GPIO_NOPULL;
 173              		.loc 1 90 0
 174 00e0 0994     		str	r4, [sp, #36]
  91:Src/gpio.c    ****   HAL_GPIO_Init(GPIOF, &GPIO_InitStruct);
 175              		.loc 1 91 0
 176 00e2 07A9     		add	r1, sp, #28
 177 00e4 0648     		ldr	r0, .L3+16
 178 00e6 FFF7FEFF 		bl	HAL_GPIO_Init
 179              	.LVL5:
  92:Src/gpio.c    **** 
  93:Src/gpio.c    **** }
 180              		.loc 1 93 0
 181 00ea 0DB0     		add	sp, sp, #52
 182              	.LCFI2:
 183              		.cfi_def_cfa_offset 12
 184              		@ sp needed
 185 00ec 30BD     		pop	{r4, r5, pc}
 186              	.L4:
 187 00ee 00BF     		.align	2
 188              	.L3:
 189 00f0 00100240 		.word	1073876992
 190 00f4 00080048 		.word	1207961600
 191 00f8 00040048 		.word	1207960576
 192 00fc 00100048 		.word	1207963648
 193 0100 00140048 		.word	1207964672
ARM GAS  C:\Users\acw\AppData\Local\Temp\ccJweLay.s 			page 6


 194              		.cfi_endproc
 195              	.LFE126:
 197              		.text
 198              	.Letext0:
 199              		.file 2 "c:\\program files (x86)\\gnu tools arm embedded\\7 2018-q2-update\\arm-none-eabi\\include
 200              		.file 3 "c:\\program files (x86)\\gnu tools arm embedded\\7 2018-q2-update\\arm-none-eabi\\include
 201              		.file 4 "Drivers/CMSIS/Include/core_cm4.h"
 202              		.file 5 "Drivers/CMSIS/Device/ST/STM32F3xx/Include/system_stm32f3xx.h"
 203              		.file 6 "Drivers/CMSIS/Device/ST/STM32F3xx/Include/stm32f373xc.h"
 204              		.file 7 "c:\\program files (x86)\\gnu tools arm embedded\\7 2018-q2-update\\arm-none-eabi\\include
 205              		.file 8 "c:\\program files (x86)\\gnu tools arm embedded\\7 2018-q2-update\\arm-none-eabi\\include
 206              		.file 9 "c:\\program files (x86)\\gnu tools arm embedded\\7 2018-q2-update\\lib\\gcc\\arm-none-eab
 207              		.file 10 "c:\\program files (x86)\\gnu tools arm embedded\\7 2018-q2-update\\arm-none-eabi\\includ
 208              		.file 11 "Drivers/STM32F3xx_HAL_Driver/Inc/stm32f3xx_hal_gpio.h"
 209              		.file 12 "Drivers/STM32F3xx_HAL_Driver/Inc/stm32f3xx_hal.h"
ARM GAS  C:\Users\acw\AppData\Local\Temp\ccJweLay.s 			page 7


DEFINED SYMBOLS
                            *ABS*:00000000 gpio.c
C:\Users\acw\AppData\Local\Temp\ccJweLay.s:18     .text.MX_GPIO_Init:00000000 $t
C:\Users\acw\AppData\Local\Temp\ccJweLay.s:25     .text.MX_GPIO_Init:00000000 MX_GPIO_Init
C:\Users\acw\AppData\Local\Temp\ccJweLay.s:189    .text.MX_GPIO_Init:000000f0 $d

UNDEFINED SYMBOLS
HAL_GPIO_WritePin
HAL_GPIO_Init
