ARM GAS  C:\Users\acw\AppData\Local\Temp\cc56yJZN.s 			page 1


   1              		.cpu cortex-m4
   2              		.eabi_attribute 27, 1
   3              		.eabi_attribute 28, 1
   4              		.eabi_attribute 20, 1
   5              		.eabi_attribute 21, 1
   6              		.eabi_attribute 23, 3
   7              		.eabi_attribute 24, 1
   8              		.eabi_attribute 25, 1
   9              		.eabi_attribute 26, 1
  10              		.eabi_attribute 30, 1
  11              		.eabi_attribute 34, 1
  12              		.eabi_attribute 18, 4
  13              		.file	"sdadc.c"
  14              		.text
  15              	.Ltext0:
  16              		.cfi_sections	.debug_frame
  17              		.section	.text.MX_SDADC1_Init,"ax",%progbits
  18              		.align	1
  19              		.global	MX_SDADC1_Init
  20              		.syntax unified
  21              		.thumb
  22              		.thumb_func
  23              		.fpu fpv4-sp-d16
  25              	MX_SDADC1_Init:
  26              	.LFB126:
  27              		.file 1 "Src/sdadc.c"
   1:Src/sdadc.c   **** /**
   2:Src/sdadc.c   ****   ******************************************************************************
   3:Src/sdadc.c   ****   * File Name          : SDADC.c
   4:Src/sdadc.c   ****   * Description        : This file provides code for the configuration
   5:Src/sdadc.c   ****   *                      of the SDADC instances.
   6:Src/sdadc.c   ****   ******************************************************************************
   7:Src/sdadc.c   ****   * @attention
   8:Src/sdadc.c   ****   *
   9:Src/sdadc.c   ****   * <h2><center>&copy; Copyright (c) 2019 STMicroelectronics.
  10:Src/sdadc.c   ****   * All rights reserved.</center></h2>
  11:Src/sdadc.c   ****   *
  12:Src/sdadc.c   ****   * This software component is licensed by ST under Ultimate Liberty license
  13:Src/sdadc.c   ****   * SLA0044, the "License"; You may not use this file except in compliance with
  14:Src/sdadc.c   ****   * the License. You may obtain a copy of the License at:
  15:Src/sdadc.c   ****   *                             www.st.com/SLA0044
  16:Src/sdadc.c   ****   *
  17:Src/sdadc.c   ****   ******************************************************************************
  18:Src/sdadc.c   ****   */
  19:Src/sdadc.c   **** 
  20:Src/sdadc.c   **** /* Includes ------------------------------------------------------------------*/
  21:Src/sdadc.c   **** #include "sdadc.h"
  22:Src/sdadc.c   **** 
  23:Src/sdadc.c   **** /* USER CODE BEGIN 0 */
  24:Src/sdadc.c   **** 
  25:Src/sdadc.c   **** /* USER CODE END 0 */
  26:Src/sdadc.c   **** 
  27:Src/sdadc.c   **** SDADC_HandleTypeDef hsdadc1;
  28:Src/sdadc.c   **** SDADC_HandleTypeDef hsdadc3;
  29:Src/sdadc.c   **** DMA_HandleTypeDef hdma_sdadc1;
  30:Src/sdadc.c   **** DMA_HandleTypeDef hdma_sdadc3;
  31:Src/sdadc.c   **** 
ARM GAS  C:\Users\acw\AppData\Local\Temp\cc56yJZN.s 			page 2


  32:Src/sdadc.c   **** /* SDADC1 init function */
  33:Src/sdadc.c   **** void MX_SDADC1_Init(void)
  34:Src/sdadc.c   **** {
  28              		.loc 1 34 0
  29              		.cfi_startproc
  30              		@ args = 0, pretend = 0, frame = 16
  31              		@ frame_needed = 0, uses_anonymous_args = 0
  32 0000 00B5     		push	{lr}
  33              	.LCFI0:
  34              		.cfi_def_cfa_offset 4
  35              		.cfi_offset 14, -4
  36 0002 85B0     		sub	sp, sp, #20
  37              	.LCFI1:
  38              		.cfi_def_cfa_offset 24
  35:Src/sdadc.c   ****   SDADC_ConfParamTypeDef ConfParamStruct = {0};
  39              		.loc 1 35 0
  40 0004 0023     		movs	r3, #0
  41 0006 0093     		str	r3, [sp]
  42 0008 0193     		str	r3, [sp, #4]
  43 000a 0293     		str	r3, [sp, #8]
  44 000c 0393     		str	r3, [sp, #12]
  36:Src/sdadc.c   **** 
  37:Src/sdadc.c   ****   /** Configure the SDADC low power mode, fast conversion mode,
  38:Src/sdadc.c   ****   slow clock mode and SDADC1 reference voltage 
  39:Src/sdadc.c   ****   */
  40:Src/sdadc.c   ****   hsdadc1.Instance = SDADC1;
  45              		.loc 1 40 0
  46 000e 1D48     		ldr	r0, .L13
  47 0010 1D4A     		ldr	r2, .L13+4
  48 0012 0260     		str	r2, [r0]
  41:Src/sdadc.c   ****   hsdadc1.Init.IdleLowPowerMode = SDADC_LOWPOWER_NONE;
  49              		.loc 1 41 0
  50 0014 4360     		str	r3, [r0, #4]
  42:Src/sdadc.c   ****   hsdadc1.Init.FastConversionMode = SDADC_FAST_CONV_ENABLE;
  51              		.loc 1 42 0
  52 0016 4FF08072 		mov	r2, #16777216
  53 001a 8260     		str	r2, [r0, #8]
  43:Src/sdadc.c   ****   hsdadc1.Init.SlowClockMode = SDADC_SLOW_CLOCK_DISABLE;
  54              		.loc 1 43 0
  55 001c C360     		str	r3, [r0, #12]
  44:Src/sdadc.c   ****   hsdadc1.Init.ReferenceVoltage = SDADC_VREF_VREFINT2;
  56              		.loc 1 44 0
  57 001e 4FF40073 		mov	r3, #512
  58 0022 0361     		str	r3, [r0, #16]
  45:Src/sdadc.c   ****   if (HAL_SDADC_Init(&hsdadc1) != HAL_OK)
  59              		.loc 1 45 0
  60 0024 FFF7FEFF 		bl	HAL_SDADC_Init
  61              	.LVL0:
  62 0028 E8B9     		cbnz	r0, .L8
  63              	.L2:
  46:Src/sdadc.c   ****   {
  47:Src/sdadc.c   ****     Error_Handler();
  48:Src/sdadc.c   ****   }
  49:Src/sdadc.c   ****   /** Configure The Regular Mode 
  50:Src/sdadc.c   ****   */
  51:Src/sdadc.c   ****   if (HAL_SDADC_SelectRegularTrigger(&hsdadc1, SDADC_SOFTWARE_TRIGGER) != HAL_OK)
  64              		.loc 1 51 0
ARM GAS  C:\Users\acw\AppData\Local\Temp\cc56yJZN.s 			page 3


  65 002a 0021     		movs	r1, #0
  66 002c 1548     		ldr	r0, .L13
  67 002e FFF7FEFF 		bl	HAL_SDADC_SelectRegularTrigger
  68              	.LVL1:
  69 0032 D8B9     		cbnz	r0, .L9
  70              	.L3:
  52:Src/sdadc.c   ****   {
  53:Src/sdadc.c   ****     Error_Handler();
  54:Src/sdadc.c   ****   }
  55:Src/sdadc.c   ****   /** Set parameters for SDADC configuration 0 Register 
  56:Src/sdadc.c   ****   */
  57:Src/sdadc.c   ****   ConfParamStruct.InputMode = SDADC_INPUT_MODE_DIFF;
  71              		.loc 1 57 0
  72 0034 0021     		movs	r1, #0
  73 0036 0091     		str	r1, [sp]
  58:Src/sdadc.c   ****   ConfParamStruct.Gain = SDADC_GAIN_1;
  74              		.loc 1 58 0
  75 0038 0191     		str	r1, [sp, #4]
  59:Src/sdadc.c   ****   ConfParamStruct.CommonMode = SDADC_COMMON_MODE_VSSA;
  76              		.loc 1 59 0
  77 003a 0291     		str	r1, [sp, #8]
  60:Src/sdadc.c   ****   ConfParamStruct.Offset = 0;
  78              		.loc 1 60 0
  79 003c 0391     		str	r1, [sp, #12]
  61:Src/sdadc.c   ****   if (HAL_SDADC_PrepareChannelConfig(&hsdadc1, SDADC_CONF_INDEX_0, &ConfParamStruct) != HAL_OK)
  80              		.loc 1 61 0
  81 003e 6A46     		mov	r2, sp
  82 0040 1048     		ldr	r0, .L13
  83 0042 FFF7FEFF 		bl	HAL_SDADC_PrepareChannelConfig
  84              	.LVL2:
  85 0046 A0B9     		cbnz	r0, .L10
  86              	.L4:
  62:Src/sdadc.c   ****   {
  63:Src/sdadc.c   ****     Error_Handler();
  64:Src/sdadc.c   ****   }
  65:Src/sdadc.c   ****   /** Configure the Regular Channel 
  66:Src/sdadc.c   ****   */
  67:Src/sdadc.c   ****   if (HAL_SDADC_AssociateChannelConfig(&hsdadc1, SDADC_CHANNEL_6, SDADC_CONF_INDEX_0) != HAL_OK)
  87              		.loc 1 67 0
  88 0048 0022     		movs	r2, #0
  89 004a 1049     		ldr	r1, .L13+8
  90 004c 0D48     		ldr	r0, .L13
  91 004e FFF7FEFF 		bl	HAL_SDADC_AssociateChannelConfig
  92              	.LVL3:
  93 0052 88B9     		cbnz	r0, .L11
  94              	.L5:
  68:Src/sdadc.c   ****   {
  69:Src/sdadc.c   ****     Error_Handler();
  70:Src/sdadc.c   ****   }
  71:Src/sdadc.c   ****   if (HAL_SDADC_ConfigChannel(&hsdadc1, SDADC_CHANNEL_6, SDADC_CONTINUOUS_CONV_ON) != HAL_OK)
  95              		.loc 1 71 0
  96 0054 0122     		movs	r2, #1
  97 0056 0D49     		ldr	r1, .L13+8
  98 0058 0A48     		ldr	r0, .L13
  99 005a FFF7FEFF 		bl	HAL_SDADC_ConfigChannel
 100              	.LVL4:
 101 005e 70B9     		cbnz	r0, .L12
ARM GAS  C:\Users\acw\AppData\Local\Temp\cc56yJZN.s 			page 4


 102              	.L1:
  72:Src/sdadc.c   ****   {
  73:Src/sdadc.c   ****     Error_Handler();
  74:Src/sdadc.c   ****   }
  75:Src/sdadc.c   **** 
  76:Src/sdadc.c   **** }
 103              		.loc 1 76 0
 104 0060 05B0     		add	sp, sp, #20
 105              	.LCFI2:
 106              		.cfi_remember_state
 107              		.cfi_def_cfa_offset 4
 108              		@ sp needed
 109 0062 5DF804FB 		ldr	pc, [sp], #4
 110              	.L8:
 111              	.LCFI3:
 112              		.cfi_restore_state
  47:Src/sdadc.c   ****   }
 113              		.loc 1 47 0
 114 0066 FFF7FEFF 		bl	Error_Handler
 115              	.LVL5:
 116 006a DEE7     		b	.L2
 117              	.L9:
  53:Src/sdadc.c   ****   }
 118              		.loc 1 53 0
 119 006c FFF7FEFF 		bl	Error_Handler
 120              	.LVL6:
 121 0070 E0E7     		b	.L3
 122              	.L10:
  63:Src/sdadc.c   ****   }
 123              		.loc 1 63 0
 124 0072 FFF7FEFF 		bl	Error_Handler
 125              	.LVL7:
 126 0076 E7E7     		b	.L4
 127              	.L11:
  69:Src/sdadc.c   ****   }
 128              		.loc 1 69 0
 129 0078 FFF7FEFF 		bl	Error_Handler
 130              	.LVL8:
 131 007c EAE7     		b	.L5
 132              	.L12:
  73:Src/sdadc.c   ****   }
 133              		.loc 1 73 0
 134 007e FFF7FEFF 		bl	Error_Handler
 135              	.LVL9:
 136              		.loc 1 76 0
 137 0082 EDE7     		b	.L1
 138              	.L14:
 139              		.align	2
 140              	.L13:
 141 0084 00000000 		.word	hsdadc1
 142 0088 00600140 		.word	1073831936
 143 008c 40000600 		.word	393280
 144              		.cfi_endproc
 145              	.LFE126:
 147              		.section	.text.MX_SDADC3_Init,"ax",%progbits
 148              		.align	1
 149              		.global	MX_SDADC3_Init
ARM GAS  C:\Users\acw\AppData\Local\Temp\cc56yJZN.s 			page 5


 150              		.syntax unified
 151              		.thumb
 152              		.thumb_func
 153              		.fpu fpv4-sp-d16
 155              	MX_SDADC3_Init:
 156              	.LFB127:
  77:Src/sdadc.c   **** /* SDADC3 init function */
  78:Src/sdadc.c   **** void MX_SDADC3_Init(void)
  79:Src/sdadc.c   **** {
 157              		.loc 1 79 0
 158              		.cfi_startproc
 159              		@ args = 0, pretend = 0, frame = 16
 160              		@ frame_needed = 0, uses_anonymous_args = 0
 161 0000 00B5     		push	{lr}
 162              	.LCFI4:
 163              		.cfi_def_cfa_offset 4
 164              		.cfi_offset 14, -4
 165 0002 85B0     		sub	sp, sp, #20
 166              	.LCFI5:
 167              		.cfi_def_cfa_offset 24
  80:Src/sdadc.c   ****   SDADC_ConfParamTypeDef ConfParamStruct = {0};
 168              		.loc 1 80 0
 169 0004 0023     		movs	r3, #0
 170 0006 0093     		str	r3, [sp]
 171 0008 0193     		str	r3, [sp, #4]
 172 000a 0293     		str	r3, [sp, #8]
 173 000c 0393     		str	r3, [sp, #12]
  81:Src/sdadc.c   **** 
  82:Src/sdadc.c   ****   /** Configure the SDADC low power mode, fast conversion mode,
  83:Src/sdadc.c   ****   slow clock mode and SDADC1 reference voltage 
  84:Src/sdadc.c   ****   */
  85:Src/sdadc.c   ****   hsdadc3.Instance = SDADC3;
 174              		.loc 1 85 0
 175 000e 1D48     		ldr	r0, .L27
 176 0010 1D4A     		ldr	r2, .L27+4
 177 0012 0260     		str	r2, [r0]
  86:Src/sdadc.c   ****   hsdadc3.Init.IdleLowPowerMode = SDADC_LOWPOWER_NONE;
 178              		.loc 1 86 0
 179 0014 4360     		str	r3, [r0, #4]
  87:Src/sdadc.c   ****   hsdadc3.Init.FastConversionMode = SDADC_FAST_CONV_ENABLE;
 180              		.loc 1 87 0
 181 0016 4FF08072 		mov	r2, #16777216
 182 001a 8260     		str	r2, [r0, #8]
  88:Src/sdadc.c   ****   hsdadc3.Init.SlowClockMode = SDADC_SLOW_CLOCK_DISABLE;
 183              		.loc 1 88 0
 184 001c C360     		str	r3, [r0, #12]
  89:Src/sdadc.c   ****   hsdadc3.Init.ReferenceVoltage = SDADC_VREF_VREFINT2;
 185              		.loc 1 89 0
 186 001e 4FF40073 		mov	r3, #512
 187 0022 0361     		str	r3, [r0, #16]
  90:Src/sdadc.c   ****   if (HAL_SDADC_Init(&hsdadc3) != HAL_OK)
 188              		.loc 1 90 0
 189 0024 FFF7FEFF 		bl	HAL_SDADC_Init
 190              	.LVL10:
 191 0028 E8B9     		cbnz	r0, .L22
 192              	.L16:
  91:Src/sdadc.c   ****   {
ARM GAS  C:\Users\acw\AppData\Local\Temp\cc56yJZN.s 			page 6


  92:Src/sdadc.c   ****     Error_Handler();
  93:Src/sdadc.c   ****   }
  94:Src/sdadc.c   ****   /** Configure The Regular Mode 
  95:Src/sdadc.c   ****   */
  96:Src/sdadc.c   ****   if (HAL_SDADC_SelectRegularTrigger(&hsdadc3, SDADC_SOFTWARE_TRIGGER) != HAL_OK)
 193              		.loc 1 96 0
 194 002a 0021     		movs	r1, #0
 195 002c 1548     		ldr	r0, .L27
 196 002e FFF7FEFF 		bl	HAL_SDADC_SelectRegularTrigger
 197              	.LVL11:
 198 0032 D8B9     		cbnz	r0, .L23
 199              	.L17:
  97:Src/sdadc.c   ****   {
  98:Src/sdadc.c   ****     Error_Handler();
  99:Src/sdadc.c   ****   }
 100:Src/sdadc.c   ****   /** Set parameters for SDADC configuration 0 Register 
 101:Src/sdadc.c   ****   */
 102:Src/sdadc.c   ****   ConfParamStruct.InputMode = SDADC_INPUT_MODE_DIFF;
 200              		.loc 1 102 0
 201 0034 0021     		movs	r1, #0
 202 0036 0091     		str	r1, [sp]
 103:Src/sdadc.c   ****   ConfParamStruct.Gain = SDADC_GAIN_1;
 203              		.loc 1 103 0
 204 0038 0191     		str	r1, [sp, #4]
 104:Src/sdadc.c   ****   ConfParamStruct.CommonMode = SDADC_COMMON_MODE_VSSA;
 205              		.loc 1 104 0
 206 003a 0291     		str	r1, [sp, #8]
 105:Src/sdadc.c   ****   ConfParamStruct.Offset = 0;
 207              		.loc 1 105 0
 208 003c 0391     		str	r1, [sp, #12]
 106:Src/sdadc.c   ****   if (HAL_SDADC_PrepareChannelConfig(&hsdadc3, SDADC_CONF_INDEX_0, &ConfParamStruct) != HAL_OK)
 209              		.loc 1 106 0
 210 003e 6A46     		mov	r2, sp
 211 0040 1048     		ldr	r0, .L27
 212 0042 FFF7FEFF 		bl	HAL_SDADC_PrepareChannelConfig
 213              	.LVL12:
 214 0046 A0B9     		cbnz	r0, .L24
 215              	.L18:
 107:Src/sdadc.c   ****   {
 108:Src/sdadc.c   ****     Error_Handler();
 109:Src/sdadc.c   ****   }
 110:Src/sdadc.c   ****   /** Configure the Regular Channel 
 111:Src/sdadc.c   ****   */
 112:Src/sdadc.c   ****   if (HAL_SDADC_AssociateChannelConfig(&hsdadc3, SDADC_CHANNEL_8, SDADC_CONF_INDEX_0) != HAL_OK)
 216              		.loc 1 112 0
 217 0048 0022     		movs	r2, #0
 218 004a 1049     		ldr	r1, .L27+8
 219 004c 0D48     		ldr	r0, .L27
 220 004e FFF7FEFF 		bl	HAL_SDADC_AssociateChannelConfig
 221              	.LVL13:
 222 0052 88B9     		cbnz	r0, .L25
 223              	.L19:
 113:Src/sdadc.c   ****   {
 114:Src/sdadc.c   ****     Error_Handler();
 115:Src/sdadc.c   ****   }
 116:Src/sdadc.c   ****   if (HAL_SDADC_ConfigChannel(&hsdadc3, SDADC_CHANNEL_8, SDADC_CONTINUOUS_CONV_ON) != HAL_OK)
 224              		.loc 1 116 0
ARM GAS  C:\Users\acw\AppData\Local\Temp\cc56yJZN.s 			page 7


 225 0054 0122     		movs	r2, #1
 226 0056 0D49     		ldr	r1, .L27+8
 227 0058 0A48     		ldr	r0, .L27
 228 005a FFF7FEFF 		bl	HAL_SDADC_ConfigChannel
 229              	.LVL14:
 230 005e 70B9     		cbnz	r0, .L26
 231              	.L15:
 117:Src/sdadc.c   ****   {
 118:Src/sdadc.c   ****     Error_Handler();
 119:Src/sdadc.c   ****   }
 120:Src/sdadc.c   **** 
 121:Src/sdadc.c   **** }
 232              		.loc 1 121 0
 233 0060 05B0     		add	sp, sp, #20
 234              	.LCFI6:
 235              		.cfi_remember_state
 236              		.cfi_def_cfa_offset 4
 237              		@ sp needed
 238 0062 5DF804FB 		ldr	pc, [sp], #4
 239              	.L22:
 240              	.LCFI7:
 241              		.cfi_restore_state
  92:Src/sdadc.c   ****   }
 242              		.loc 1 92 0
 243 0066 FFF7FEFF 		bl	Error_Handler
 244              	.LVL15:
 245 006a DEE7     		b	.L16
 246              	.L23:
  98:Src/sdadc.c   ****   }
 247              		.loc 1 98 0
 248 006c FFF7FEFF 		bl	Error_Handler
 249              	.LVL16:
 250 0070 E0E7     		b	.L17
 251              	.L24:
 108:Src/sdadc.c   ****   }
 252              		.loc 1 108 0
 253 0072 FFF7FEFF 		bl	Error_Handler
 254              	.LVL17:
 255 0076 E7E7     		b	.L18
 256              	.L25:
 114:Src/sdadc.c   ****   }
 257              		.loc 1 114 0
 258 0078 FFF7FEFF 		bl	Error_Handler
 259              	.LVL18:
 260 007c EAE7     		b	.L19
 261              	.L26:
 118:Src/sdadc.c   ****   }
 262              		.loc 1 118 0
 263 007e FFF7FEFF 		bl	Error_Handler
 264              	.LVL19:
 265              		.loc 1 121 0
 266 0082 EDE7     		b	.L15
 267              	.L28:
 268              		.align	2
 269              	.L27:
 270 0084 00000000 		.word	hsdadc3
 271 0088 00680140 		.word	1073833984
ARM GAS  C:\Users\acw\AppData\Local\Temp\cc56yJZN.s 			page 8


 272 008c 00010800 		.word	524544
 273              		.cfi_endproc
 274              	.LFE127:
 276              		.section	.text.HAL_SDADC_MspInit,"ax",%progbits
 277              		.align	1
 278              		.global	HAL_SDADC_MspInit
 279              		.syntax unified
 280              		.thumb
 281              		.thumb_func
 282              		.fpu fpv4-sp-d16
 284              	HAL_SDADC_MspInit:
 285              	.LFB128:
 122:Src/sdadc.c   **** 
 123:Src/sdadc.c   **** void HAL_SDADC_MspInit(SDADC_HandleTypeDef* sdadcHandle)
 124:Src/sdadc.c   **** {
 286              		.loc 1 124 0
 287              		.cfi_startproc
 288              		@ args = 0, pretend = 0, frame = 40
 289              		@ frame_needed = 0, uses_anonymous_args = 0
 290              	.LVL20:
 291 0000 10B5     		push	{r4, lr}
 292              	.LCFI8:
 293              		.cfi_def_cfa_offset 8
 294              		.cfi_offset 4, -8
 295              		.cfi_offset 14, -4
 296 0002 8AB0     		sub	sp, sp, #40
 297              	.LCFI9:
 298              		.cfi_def_cfa_offset 48
 299 0004 0446     		mov	r4, r0
 125:Src/sdadc.c   **** 
 126:Src/sdadc.c   ****   GPIO_InitTypeDef GPIO_InitStruct = {0};
 300              		.loc 1 126 0
 301 0006 0023     		movs	r3, #0
 302 0008 0593     		str	r3, [sp, #20]
 303 000a 0693     		str	r3, [sp, #24]
 304 000c 0793     		str	r3, [sp, #28]
 305 000e 0893     		str	r3, [sp, #32]
 306 0010 0993     		str	r3, [sp, #36]
 127:Src/sdadc.c   ****   if(sdadcHandle->Instance==SDADC1)
 307              		.loc 1 127 0
 308 0012 0368     		ldr	r3, [r0]
 309 0014 3B4A     		ldr	r2, .L39
 310 0016 9342     		cmp	r3, r2
 311 0018 04D0     		beq	.L35
 128:Src/sdadc.c   ****   {
 129:Src/sdadc.c   ****   /* USER CODE BEGIN SDADC1_MspInit 0 */
 130:Src/sdadc.c   **** 
 131:Src/sdadc.c   ****   /* USER CODE END SDADC1_MspInit 0 */
 132:Src/sdadc.c   ****     /* SDADC1 clock enable */
 133:Src/sdadc.c   ****     __HAL_RCC_SDADC1_CLK_ENABLE();
 134:Src/sdadc.c   ****   
 135:Src/sdadc.c   ****     __HAL_RCC_GPIOB_CLK_ENABLE();
 136:Src/sdadc.c   ****     /**SDADC1 GPIO Configuration    
 137:Src/sdadc.c   ****     PB0     ------> SDADC1_AIN6P
 138:Src/sdadc.c   ****     PB1     ------> SDADC1_AIN6M 
 139:Src/sdadc.c   ****     */
 140:Src/sdadc.c   ****     GPIO_InitStruct.Pin = GPIO_PIN_0|GPIO_PIN_1;
ARM GAS  C:\Users\acw\AppData\Local\Temp\cc56yJZN.s 			page 9


 141:Src/sdadc.c   ****     GPIO_InitStruct.Mode = GPIO_MODE_ANALOG;
 142:Src/sdadc.c   ****     GPIO_InitStruct.Pull = GPIO_NOPULL;
 143:Src/sdadc.c   ****     HAL_GPIO_Init(GPIOB, &GPIO_InitStruct);
 144:Src/sdadc.c   **** 
 145:Src/sdadc.c   ****     /* SDADC1 DMA Init */
 146:Src/sdadc.c   ****     /* SDADC1 Init */
 147:Src/sdadc.c   ****     hdma_sdadc1.Instance = DMA2_Channel3;
 148:Src/sdadc.c   ****     hdma_sdadc1.Init.Direction = DMA_PERIPH_TO_MEMORY;
 149:Src/sdadc.c   ****     hdma_sdadc1.Init.PeriphInc = DMA_PINC_DISABLE;
 150:Src/sdadc.c   ****     hdma_sdadc1.Init.MemInc = DMA_MINC_ENABLE;
 151:Src/sdadc.c   ****     hdma_sdadc1.Init.PeriphDataAlignment = DMA_PDATAALIGN_HALFWORD;
 152:Src/sdadc.c   ****     hdma_sdadc1.Init.MemDataAlignment = DMA_MDATAALIGN_HALFWORD;
 153:Src/sdadc.c   ****     hdma_sdadc1.Init.Mode = DMA_NORMAL;
 154:Src/sdadc.c   ****     hdma_sdadc1.Init.Priority = DMA_PRIORITY_MEDIUM;
 155:Src/sdadc.c   ****     if (HAL_DMA_Init(&hdma_sdadc1) != HAL_OK)
 156:Src/sdadc.c   ****     {
 157:Src/sdadc.c   ****       Error_Handler();
 158:Src/sdadc.c   ****     }
 159:Src/sdadc.c   **** 
 160:Src/sdadc.c   ****     __HAL_LINKDMA(sdadcHandle,hdma,hdma_sdadc1);
 161:Src/sdadc.c   **** 
 162:Src/sdadc.c   ****   /* USER CODE BEGIN SDADC1_MspInit 1 */
 163:Src/sdadc.c   **** 
 164:Src/sdadc.c   ****   /* USER CODE END SDADC1_MspInit 1 */
 165:Src/sdadc.c   ****   }
 166:Src/sdadc.c   ****   else if(sdadcHandle->Instance==SDADC3)
 312              		.loc 1 166 0
 313 001a 3B4A     		ldr	r2, .L39+4
 314 001c 9342     		cmp	r3, r2
 315 001e 37D0     		beq	.L36
 316              	.LVL21:
 317              	.L29:
 167:Src/sdadc.c   ****   {
 168:Src/sdadc.c   ****   /* USER CODE BEGIN SDADC3_MspInit 0 */
 169:Src/sdadc.c   **** 
 170:Src/sdadc.c   ****   /* USER CODE END SDADC3_MspInit 0 */
 171:Src/sdadc.c   ****     /* SDADC3 clock enable */
 172:Src/sdadc.c   ****     __HAL_RCC_SDADC3_CLK_ENABLE();
 173:Src/sdadc.c   ****   
 174:Src/sdadc.c   ****     __HAL_RCC_GPIOB_CLK_ENABLE();
 175:Src/sdadc.c   ****     /**SDADC3 GPIO Configuration    
 176:Src/sdadc.c   ****     PB14     ------> SDADC3_AIN8P
 177:Src/sdadc.c   ****     PB15     ------> SDADC3_AIN8M 
 178:Src/sdadc.c   ****     */
 179:Src/sdadc.c   ****     GPIO_InitStruct.Pin = GPIO_PIN_14|GPIO_PIN_15;
 180:Src/sdadc.c   ****     GPIO_InitStruct.Mode = GPIO_MODE_ANALOG;
 181:Src/sdadc.c   ****     GPIO_InitStruct.Pull = GPIO_NOPULL;
 182:Src/sdadc.c   ****     HAL_GPIO_Init(GPIOB, &GPIO_InitStruct);
 183:Src/sdadc.c   **** 
 184:Src/sdadc.c   ****     /* SDADC3 DMA Init */
 185:Src/sdadc.c   ****     /* SDADC3 Init */
 186:Src/sdadc.c   ****     hdma_sdadc3.Instance = DMA2_Channel5;
 187:Src/sdadc.c   ****     hdma_sdadc3.Init.Direction = DMA_PERIPH_TO_MEMORY;
 188:Src/sdadc.c   ****     hdma_sdadc3.Init.PeriphInc = DMA_PINC_DISABLE;
 189:Src/sdadc.c   ****     hdma_sdadc3.Init.MemInc = DMA_MINC_ENABLE;
 190:Src/sdadc.c   ****     hdma_sdadc3.Init.PeriphDataAlignment = DMA_PDATAALIGN_WORD;
 191:Src/sdadc.c   ****     hdma_sdadc3.Init.MemDataAlignment = DMA_MDATAALIGN_WORD;
ARM GAS  C:\Users\acw\AppData\Local\Temp\cc56yJZN.s 			page 10


 192:Src/sdadc.c   ****     hdma_sdadc3.Init.Mode = DMA_CIRCULAR;
 193:Src/sdadc.c   ****     hdma_sdadc3.Init.Priority = DMA_PRIORITY_MEDIUM;
 194:Src/sdadc.c   ****     if (HAL_DMA_Init(&hdma_sdadc3) != HAL_OK)
 195:Src/sdadc.c   ****     {
 196:Src/sdadc.c   ****       Error_Handler();
 197:Src/sdadc.c   ****     }
 198:Src/sdadc.c   **** 
 199:Src/sdadc.c   ****     __HAL_LINKDMA(sdadcHandle,hdma,hdma_sdadc3);
 200:Src/sdadc.c   **** 
 201:Src/sdadc.c   ****   /* USER CODE BEGIN SDADC3_MspInit 1 */
 202:Src/sdadc.c   **** 
 203:Src/sdadc.c   ****   /* USER CODE END SDADC3_MspInit 1 */
 204:Src/sdadc.c   ****   }
 205:Src/sdadc.c   **** }
 318              		.loc 1 205 0
 319 0020 0AB0     		add	sp, sp, #40
 320              	.LCFI10:
 321              		.cfi_remember_state
 322              		.cfi_def_cfa_offset 8
 323              		@ sp needed
 324 0022 10BD     		pop	{r4, pc}
 325              	.LVL22:
 326              	.L35:
 327              	.LCFI11:
 328              		.cfi_restore_state
 329              	.LBB2:
 133:Src/sdadc.c   ****   
 330              		.loc 1 133 0
 331 0024 394B     		ldr	r3, .L39+8
 332 0026 9A69     		ldr	r2, [r3, #24]
 333 0028 42F08072 		orr	r2, r2, #16777216
 334 002c 9A61     		str	r2, [r3, #24]
 335 002e 9A69     		ldr	r2, [r3, #24]
 336 0030 02F08072 		and	r2, r2, #16777216
 337 0034 0192     		str	r2, [sp, #4]
 338 0036 019A     		ldr	r2, [sp, #4]
 339              	.LBE2:
 340              	.LBB3:
 135:Src/sdadc.c   ****     /**SDADC1 GPIO Configuration    
 341              		.loc 1 135 0
 342 0038 5A69     		ldr	r2, [r3, #20]
 343 003a 42F48022 		orr	r2, r2, #262144
 344 003e 5A61     		str	r2, [r3, #20]
 345 0040 5B69     		ldr	r3, [r3, #20]
 346 0042 03F48023 		and	r3, r3, #262144
 347 0046 0293     		str	r3, [sp, #8]
 348 0048 029B     		ldr	r3, [sp, #8]
 349              	.LBE3:
 140:Src/sdadc.c   ****     GPIO_InitStruct.Mode = GPIO_MODE_ANALOG;
 350              		.loc 1 140 0
 351 004a 0323     		movs	r3, #3
 352 004c 0593     		str	r3, [sp, #20]
 141:Src/sdadc.c   ****     GPIO_InitStruct.Pull = GPIO_NOPULL;
 353              		.loc 1 141 0
 354 004e 0693     		str	r3, [sp, #24]
 143:Src/sdadc.c   **** 
 355              		.loc 1 143 0
ARM GAS  C:\Users\acw\AppData\Local\Temp\cc56yJZN.s 			page 11


 356 0050 05A9     		add	r1, sp, #20
 357 0052 2F48     		ldr	r0, .L39+12
 358              	.LVL23:
 359 0054 FFF7FEFF 		bl	HAL_GPIO_Init
 360              	.LVL24:
 147:Src/sdadc.c   ****     hdma_sdadc1.Init.Direction = DMA_PERIPH_TO_MEMORY;
 361              		.loc 1 147 0
 362 0058 2E48     		ldr	r0, .L39+16
 363 005a 2F4B     		ldr	r3, .L39+20
 364 005c 0360     		str	r3, [r0]
 148:Src/sdadc.c   ****     hdma_sdadc1.Init.PeriphInc = DMA_PINC_DISABLE;
 365              		.loc 1 148 0
 366 005e 0023     		movs	r3, #0
 367 0060 4360     		str	r3, [r0, #4]
 149:Src/sdadc.c   ****     hdma_sdadc1.Init.MemInc = DMA_MINC_ENABLE;
 368              		.loc 1 149 0
 369 0062 8360     		str	r3, [r0, #8]
 150:Src/sdadc.c   ****     hdma_sdadc1.Init.PeriphDataAlignment = DMA_PDATAALIGN_HALFWORD;
 370              		.loc 1 150 0
 371 0064 8022     		movs	r2, #128
 372 0066 C260     		str	r2, [r0, #12]
 151:Src/sdadc.c   ****     hdma_sdadc1.Init.MemDataAlignment = DMA_MDATAALIGN_HALFWORD;
 373              		.loc 1 151 0
 374 0068 4FF48072 		mov	r2, #256
 375 006c 0261     		str	r2, [r0, #16]
 152:Src/sdadc.c   ****     hdma_sdadc1.Init.Mode = DMA_NORMAL;
 376              		.loc 1 152 0
 377 006e 4FF48062 		mov	r2, #1024
 378 0072 4261     		str	r2, [r0, #20]
 153:Src/sdadc.c   ****     hdma_sdadc1.Init.Priority = DMA_PRIORITY_MEDIUM;
 379              		.loc 1 153 0
 380 0074 8361     		str	r3, [r0, #24]
 154:Src/sdadc.c   ****     if (HAL_DMA_Init(&hdma_sdadc1) != HAL_OK)
 381              		.loc 1 154 0
 382 0076 4FF48053 		mov	r3, #4096
 383 007a C361     		str	r3, [r0, #28]
 155:Src/sdadc.c   ****     {
 384              		.loc 1 155 0
 385 007c FFF7FEFF 		bl	HAL_DMA_Init
 386              	.LVL25:
 387 0080 18B9     		cbnz	r0, .L37
 388              	.L31:
 160:Src/sdadc.c   **** 
 389              		.loc 1 160 0
 390 0082 244B     		ldr	r3, .L39+16
 391 0084 6361     		str	r3, [r4, #20]
 392 0086 5C62     		str	r4, [r3, #36]
 393 0088 CAE7     		b	.L29
 394              	.L37:
 157:Src/sdadc.c   ****     }
 395              		.loc 1 157 0
 396 008a FFF7FEFF 		bl	Error_Handler
 397              	.LVL26:
 398 008e F8E7     		b	.L31
 399              	.LVL27:
 400              	.L36:
 401              	.LBB4:
ARM GAS  C:\Users\acw\AppData\Local\Temp\cc56yJZN.s 			page 12


 172:Src/sdadc.c   ****   
 402              		.loc 1 172 0
 403 0090 1E4B     		ldr	r3, .L39+8
 404 0092 9A69     		ldr	r2, [r3, #24]
 405 0094 42F08062 		orr	r2, r2, #67108864
 406 0098 9A61     		str	r2, [r3, #24]
 407 009a 9A69     		ldr	r2, [r3, #24]
 408 009c 02F08062 		and	r2, r2, #67108864
 409 00a0 0392     		str	r2, [sp, #12]
 410 00a2 039A     		ldr	r2, [sp, #12]
 411              	.LBE4:
 412              	.LBB5:
 174:Src/sdadc.c   ****     /**SDADC3 GPIO Configuration    
 413              		.loc 1 174 0
 414 00a4 5A69     		ldr	r2, [r3, #20]
 415 00a6 42F48022 		orr	r2, r2, #262144
 416 00aa 5A61     		str	r2, [r3, #20]
 417 00ac 5B69     		ldr	r3, [r3, #20]
 418 00ae 03F48023 		and	r3, r3, #262144
 419 00b2 0493     		str	r3, [sp, #16]
 420 00b4 049B     		ldr	r3, [sp, #16]
 421              	.LBE5:
 179:Src/sdadc.c   ****     GPIO_InitStruct.Mode = GPIO_MODE_ANALOG;
 422              		.loc 1 179 0
 423 00b6 4FF44043 		mov	r3, #49152
 424 00ba 0593     		str	r3, [sp, #20]
 180:Src/sdadc.c   ****     GPIO_InitStruct.Pull = GPIO_NOPULL;
 425              		.loc 1 180 0
 426 00bc 0323     		movs	r3, #3
 427 00be 0693     		str	r3, [sp, #24]
 182:Src/sdadc.c   **** 
 428              		.loc 1 182 0
 429 00c0 05A9     		add	r1, sp, #20
 430 00c2 1348     		ldr	r0, .L39+12
 431              	.LVL28:
 432 00c4 FFF7FEFF 		bl	HAL_GPIO_Init
 433              	.LVL29:
 186:Src/sdadc.c   ****     hdma_sdadc3.Init.Direction = DMA_PERIPH_TO_MEMORY;
 434              		.loc 1 186 0
 435 00c8 1448     		ldr	r0, .L39+24
 436 00ca 154B     		ldr	r3, .L39+28
 437 00cc 0360     		str	r3, [r0]
 187:Src/sdadc.c   ****     hdma_sdadc3.Init.PeriphInc = DMA_PINC_DISABLE;
 438              		.loc 1 187 0
 439 00ce 0023     		movs	r3, #0
 440 00d0 4360     		str	r3, [r0, #4]
 188:Src/sdadc.c   ****     hdma_sdadc3.Init.MemInc = DMA_MINC_ENABLE;
 441              		.loc 1 188 0
 442 00d2 8360     		str	r3, [r0, #8]
 189:Src/sdadc.c   ****     hdma_sdadc3.Init.PeriphDataAlignment = DMA_PDATAALIGN_WORD;
 443              		.loc 1 189 0
 444 00d4 8023     		movs	r3, #128
 445 00d6 C360     		str	r3, [r0, #12]
 190:Src/sdadc.c   ****     hdma_sdadc3.Init.MemDataAlignment = DMA_MDATAALIGN_WORD;
 446              		.loc 1 190 0
 447 00d8 4FF40073 		mov	r3, #512
 448 00dc 0361     		str	r3, [r0, #16]
ARM GAS  C:\Users\acw\AppData\Local\Temp\cc56yJZN.s 			page 13


 191:Src/sdadc.c   ****     hdma_sdadc3.Init.Mode = DMA_CIRCULAR;
 449              		.loc 1 191 0
 450 00de 4FF40063 		mov	r3, #2048
 451 00e2 4361     		str	r3, [r0, #20]
 192:Src/sdadc.c   ****     hdma_sdadc3.Init.Priority = DMA_PRIORITY_MEDIUM;
 452              		.loc 1 192 0
 453 00e4 2023     		movs	r3, #32
 454 00e6 8361     		str	r3, [r0, #24]
 193:Src/sdadc.c   ****     if (HAL_DMA_Init(&hdma_sdadc3) != HAL_OK)
 455              		.loc 1 193 0
 456 00e8 4FF48053 		mov	r3, #4096
 457 00ec C361     		str	r3, [r0, #28]
 194:Src/sdadc.c   ****     {
 458              		.loc 1 194 0
 459 00ee FFF7FEFF 		bl	HAL_DMA_Init
 460              	.LVL30:
 461 00f2 18B9     		cbnz	r0, .L38
 462              	.L33:
 199:Src/sdadc.c   **** 
 463              		.loc 1 199 0
 464 00f4 094B     		ldr	r3, .L39+24
 465 00f6 6361     		str	r3, [r4, #20]
 466 00f8 5C62     		str	r4, [r3, #36]
 467              		.loc 1 205 0
 468 00fa 91E7     		b	.L29
 469              	.L38:
 196:Src/sdadc.c   ****     }
 470              		.loc 1 196 0
 471 00fc FFF7FEFF 		bl	Error_Handler
 472              	.LVL31:
 473 0100 F8E7     		b	.L33
 474              	.L40:
 475 0102 00BF     		.align	2
 476              	.L39:
 477 0104 00600140 		.word	1073831936
 478 0108 00680140 		.word	1073833984
 479 010c 00100240 		.word	1073876992
 480 0110 00040048 		.word	1207960576
 481 0114 00000000 		.word	hdma_sdadc1
 482 0118 30040240 		.word	1073873968
 483 011c 00000000 		.word	hdma_sdadc3
 484 0120 58040240 		.word	1073874008
 485              		.cfi_endproc
 486              	.LFE128:
 488              		.section	.text.HAL_SDADC_MspDeInit,"ax",%progbits
 489              		.align	1
 490              		.global	HAL_SDADC_MspDeInit
 491              		.syntax unified
 492              		.thumb
 493              		.thumb_func
 494              		.fpu fpv4-sp-d16
 496              	HAL_SDADC_MspDeInit:
 497              	.LFB129:
 206:Src/sdadc.c   **** 
 207:Src/sdadc.c   **** void HAL_SDADC_MspDeInit(SDADC_HandleTypeDef* sdadcHandle)
 208:Src/sdadc.c   **** {
 498              		.loc 1 208 0
ARM GAS  C:\Users\acw\AppData\Local\Temp\cc56yJZN.s 			page 14


 499              		.cfi_startproc
 500              		@ args = 0, pretend = 0, frame = 0
 501              		@ frame_needed = 0, uses_anonymous_args = 0
 502              	.LVL32:
 503 0000 10B5     		push	{r4, lr}
 504              	.LCFI12:
 505              		.cfi_def_cfa_offset 8
 506              		.cfi_offset 4, -8
 507              		.cfi_offset 14, -4
 508 0002 0446     		mov	r4, r0
 209:Src/sdadc.c   **** 
 210:Src/sdadc.c   ****   if(sdadcHandle->Instance==SDADC1)
 509              		.loc 1 210 0
 510 0004 0368     		ldr	r3, [r0]
 511 0006 124A     		ldr	r2, .L47
 512 0008 9342     		cmp	r3, r2
 513 000a 03D0     		beq	.L45
 211:Src/sdadc.c   ****   {
 212:Src/sdadc.c   ****   /* USER CODE BEGIN SDADC1_MspDeInit 0 */
 213:Src/sdadc.c   **** 
 214:Src/sdadc.c   ****   /* USER CODE END SDADC1_MspDeInit 0 */
 215:Src/sdadc.c   ****     /* Peripheral clock disable */
 216:Src/sdadc.c   ****     __HAL_RCC_SDADC1_CLK_DISABLE();
 217:Src/sdadc.c   ****   
 218:Src/sdadc.c   ****     /**SDADC1 GPIO Configuration    
 219:Src/sdadc.c   ****     PB0     ------> SDADC1_AIN6P
 220:Src/sdadc.c   ****     PB1     ------> SDADC1_AIN6M 
 221:Src/sdadc.c   ****     */
 222:Src/sdadc.c   ****     HAL_GPIO_DeInit(GPIOB, GPIO_PIN_0|GPIO_PIN_1);
 223:Src/sdadc.c   **** 
 224:Src/sdadc.c   ****     /* SDADC1 DMA DeInit */
 225:Src/sdadc.c   ****     HAL_DMA_DeInit(sdadcHandle->hdma);
 226:Src/sdadc.c   ****   /* USER CODE BEGIN SDADC1_MspDeInit 1 */
 227:Src/sdadc.c   **** 
 228:Src/sdadc.c   ****   /* USER CODE END SDADC1_MspDeInit 1 */
 229:Src/sdadc.c   ****   }
 230:Src/sdadc.c   ****   else if(sdadcHandle->Instance==SDADC3)
 514              		.loc 1 230 0
 515 000c 114A     		ldr	r2, .L47+4
 516 000e 9342     		cmp	r3, r2
 517 0010 0ED0     		beq	.L46
 518              	.LVL33:
 519              	.L41:
 231:Src/sdadc.c   ****   {
 232:Src/sdadc.c   ****   /* USER CODE BEGIN SDADC3_MspDeInit 0 */
 233:Src/sdadc.c   **** 
 234:Src/sdadc.c   ****   /* USER CODE END SDADC3_MspDeInit 0 */
 235:Src/sdadc.c   ****     /* Peripheral clock disable */
 236:Src/sdadc.c   ****     __HAL_RCC_SDADC3_CLK_DISABLE();
 237:Src/sdadc.c   ****   
 238:Src/sdadc.c   ****     /**SDADC3 GPIO Configuration    
 239:Src/sdadc.c   ****     PB14     ------> SDADC3_AIN8P
 240:Src/sdadc.c   ****     PB15     ------> SDADC3_AIN8M 
 241:Src/sdadc.c   ****     */
 242:Src/sdadc.c   ****     HAL_GPIO_DeInit(GPIOB, GPIO_PIN_14|GPIO_PIN_15);
 243:Src/sdadc.c   **** 
 244:Src/sdadc.c   ****     /* SDADC3 DMA DeInit */
ARM GAS  C:\Users\acw\AppData\Local\Temp\cc56yJZN.s 			page 15


 245:Src/sdadc.c   ****     HAL_DMA_DeInit(sdadcHandle->hdma);
 246:Src/sdadc.c   ****   /* USER CODE BEGIN SDADC3_MspDeInit 1 */
 247:Src/sdadc.c   **** 
 248:Src/sdadc.c   ****   /* USER CODE END SDADC3_MspDeInit 1 */
 249:Src/sdadc.c   ****   }
 250:Src/sdadc.c   **** } 
 520              		.loc 1 250 0
 521 0012 10BD     		pop	{r4, pc}
 522              	.LVL34:
 523              	.L45:
 216:Src/sdadc.c   ****   
 524              		.loc 1 216 0
 525 0014 02F53042 		add	r2, r2, #45056
 526 0018 9369     		ldr	r3, [r2, #24]
 527 001a 23F08073 		bic	r3, r3, #16777216
 528 001e 9361     		str	r3, [r2, #24]
 222:Src/sdadc.c   **** 
 529              		.loc 1 222 0
 530 0020 0321     		movs	r1, #3
 531 0022 0D48     		ldr	r0, .L47+8
 532              	.LVL35:
 533 0024 FFF7FEFF 		bl	HAL_GPIO_DeInit
 534              	.LVL36:
 225:Src/sdadc.c   ****   /* USER CODE BEGIN SDADC1_MspDeInit 1 */
 535              		.loc 1 225 0
 536 0028 6069     		ldr	r0, [r4, #20]
 537 002a FFF7FEFF 		bl	HAL_DMA_DeInit
 538              	.LVL37:
 539 002e F0E7     		b	.L41
 540              	.LVL38:
 541              	.L46:
 236:Src/sdadc.c   ****   
 542              		.loc 1 236 0
 543 0030 02F52842 		add	r2, r2, #43008
 544 0034 9369     		ldr	r3, [r2, #24]
 545 0036 23F08063 		bic	r3, r3, #67108864
 546 003a 9361     		str	r3, [r2, #24]
 242:Src/sdadc.c   **** 
 547              		.loc 1 242 0
 548 003c 4FF44041 		mov	r1, #49152
 549 0040 0548     		ldr	r0, .L47+8
 550              	.LVL39:
 551 0042 FFF7FEFF 		bl	HAL_GPIO_DeInit
 552              	.LVL40:
 245:Src/sdadc.c   ****   /* USER CODE BEGIN SDADC3_MspDeInit 1 */
 553              		.loc 1 245 0
 554 0046 6069     		ldr	r0, [r4, #20]
 555 0048 FFF7FEFF 		bl	HAL_DMA_DeInit
 556              	.LVL41:
 557              		.loc 1 250 0
 558 004c E1E7     		b	.L41
 559              	.L48:
 560 004e 00BF     		.align	2
 561              	.L47:
 562 0050 00600140 		.word	1073831936
 563 0054 00680140 		.word	1073833984
 564 0058 00040048 		.word	1207960576
ARM GAS  C:\Users\acw\AppData\Local\Temp\cc56yJZN.s 			page 16


 565              		.cfi_endproc
 566              	.LFE129:
 568              		.comm	hdma_sdadc3,68,4
 569              		.comm	hdma_sdadc1,68,4
 570              		.comm	hsdadc3,68,4
 571              		.comm	hsdadc1,68,4
 572              		.text
 573              	.Letext0:
 574              		.file 2 "c:\\program files (x86)\\gnu tools arm embedded\\7 2018-q2-update\\arm-none-eabi\\include
 575              		.file 3 "c:\\program files (x86)\\gnu tools arm embedded\\7 2018-q2-update\\arm-none-eabi\\include
 576              		.file 4 "Drivers/CMSIS/Include/core_cm4.h"
 577              		.file 5 "Drivers/CMSIS/Device/ST/STM32F3xx/Include/system_stm32f3xx.h"
 578              		.file 6 "Drivers/CMSIS/Device/ST/STM32F3xx/Include/stm32f373xc.h"
 579              		.file 7 "c:\\program files (x86)\\gnu tools arm embedded\\7 2018-q2-update\\arm-none-eabi\\include
 580              		.file 8 "c:\\program files (x86)\\gnu tools arm embedded\\7 2018-q2-update\\arm-none-eabi\\include
 581              		.file 9 "c:\\program files (x86)\\gnu tools arm embedded\\7 2018-q2-update\\lib\\gcc\\arm-none-eab
 582              		.file 10 "c:\\program files (x86)\\gnu tools arm embedded\\7 2018-q2-update\\arm-none-eabi\\includ
 583              		.file 11 "Drivers/STM32F3xx_HAL_Driver/Inc/stm32f3xx_hal_def.h"
 584              		.file 12 "Drivers/STM32F3xx_HAL_Driver/Inc/stm32f3xx_hal_gpio.h"
 585              		.file 13 "Drivers/STM32F3xx_HAL_Driver/Inc/stm32f3xx_hal_dma.h"
 586              		.file 14 "Drivers/STM32F3xx_HAL_Driver/Inc/stm32f3xx_hal_sdadc.h"
 587              		.file 15 "Drivers/STM32F3xx_HAL_Driver/Inc/stm32f3xx_hal.h"
 588              		.file 16 "Inc/sdadc.h"
 589              		.file 17 "Inc/main.h"
ARM GAS  C:\Users\acw\AppData\Local\Temp\cc56yJZN.s 			page 17


DEFINED SYMBOLS
                            *ABS*:00000000 sdadc.c
C:\Users\acw\AppData\Local\Temp\cc56yJZN.s:18     .text.MX_SDADC1_Init:00000000 $t
C:\Users\acw\AppData\Local\Temp\cc56yJZN.s:25     .text.MX_SDADC1_Init:00000000 MX_SDADC1_Init
C:\Users\acw\AppData\Local\Temp\cc56yJZN.s:141    .text.MX_SDADC1_Init:00000084 $d
                            *COM*:00000044 hsdadc1
C:\Users\acw\AppData\Local\Temp\cc56yJZN.s:148    .text.MX_SDADC3_Init:00000000 $t
C:\Users\acw\AppData\Local\Temp\cc56yJZN.s:155    .text.MX_SDADC3_Init:00000000 MX_SDADC3_Init
C:\Users\acw\AppData\Local\Temp\cc56yJZN.s:270    .text.MX_SDADC3_Init:00000084 $d
                            *COM*:00000044 hsdadc3
C:\Users\acw\AppData\Local\Temp\cc56yJZN.s:277    .text.HAL_SDADC_MspInit:00000000 $t
C:\Users\acw\AppData\Local\Temp\cc56yJZN.s:284    .text.HAL_SDADC_MspInit:00000000 HAL_SDADC_MspInit
C:\Users\acw\AppData\Local\Temp\cc56yJZN.s:477    .text.HAL_SDADC_MspInit:00000104 $d
                            *COM*:00000044 hdma_sdadc1
                            *COM*:00000044 hdma_sdadc3
C:\Users\acw\AppData\Local\Temp\cc56yJZN.s:489    .text.HAL_SDADC_MspDeInit:00000000 $t
C:\Users\acw\AppData\Local\Temp\cc56yJZN.s:496    .text.HAL_SDADC_MspDeInit:00000000 HAL_SDADC_MspDeInit
C:\Users\acw\AppData\Local\Temp\cc56yJZN.s:562    .text.HAL_SDADC_MspDeInit:00000050 $d

UNDEFINED SYMBOLS
HAL_SDADC_Init
HAL_SDADC_SelectRegularTrigger
HAL_SDADC_PrepareChannelConfig
HAL_SDADC_AssociateChannelConfig
HAL_SDADC_ConfigChannel
Error_Handler
HAL_GPIO_Init
HAL_DMA_Init
HAL_GPIO_DeInit
HAL_DMA_DeInit
