ARM GAS  C:\Users\acw\AppData\Local\Temp\cccYzvfr.s 			page 1


   1              		.cpu cortex-m4
   2              		.eabi_attribute 27, 1
   3              		.eabi_attribute 28, 1
   4              		.eabi_attribute 20, 1
   5              		.eabi_attribute 21, 1
   6              		.eabi_attribute 23, 3
   7              		.eabi_attribute 24, 1
   8              		.eabi_attribute 25, 1
   9              		.eabi_attribute 26, 1
  10              		.eabi_attribute 30, 1
  11              		.eabi_attribute 34, 1
  12              		.eabi_attribute 18, 4
  13              		.file	"spi.c"
  14              		.text
  15              	.Ltext0:
  16              		.cfi_sections	.debug_frame
  17              		.section	.text.MX_SPI2_Init,"ax",%progbits
  18              		.align	1
  19              		.global	MX_SPI2_Init
  20              		.syntax unified
  21              		.thumb
  22              		.thumb_func
  23              		.fpu fpv4-sp-d16
  25              	MX_SPI2_Init:
  26              	.LFB126:
  27              		.file 1 "Src/spi.c"
   1:Src/spi.c     **** /**
   2:Src/spi.c     ****   ******************************************************************************
   3:Src/spi.c     ****   * File Name          : SPI.c
   4:Src/spi.c     ****   * Description        : This file provides code for the configuration
   5:Src/spi.c     ****   *                      of the SPI instances.
   6:Src/spi.c     ****   ******************************************************************************
   7:Src/spi.c     ****   * @attention
   8:Src/spi.c     ****   *
   9:Src/spi.c     ****   * <h2><center>&copy; Copyright (c) 2019 STMicroelectronics.
  10:Src/spi.c     ****   * All rights reserved.</center></h2>
  11:Src/spi.c     ****   *
  12:Src/spi.c     ****   * This software component is licensed by ST under Ultimate Liberty license
  13:Src/spi.c     ****   * SLA0044, the "License"; You may not use this file except in compliance with
  14:Src/spi.c     ****   * the License. You may obtain a copy of the License at:
  15:Src/spi.c     ****   *                             www.st.com/SLA0044
  16:Src/spi.c     ****   *
  17:Src/spi.c     ****   ******************************************************************************
  18:Src/spi.c     ****   */
  19:Src/spi.c     **** 
  20:Src/spi.c     **** /* Includes ------------------------------------------------------------------*/
  21:Src/spi.c     **** #include "spi.h"
  22:Src/spi.c     **** 
  23:Src/spi.c     **** /* USER CODE BEGIN 0 */
  24:Src/spi.c     **** 
  25:Src/spi.c     **** /* USER CODE END 0 */
  26:Src/spi.c     **** 
  27:Src/spi.c     **** SPI_HandleTypeDef hspi2;
  28:Src/spi.c     **** 
  29:Src/spi.c     **** /* SPI2 init function */
  30:Src/spi.c     **** void MX_SPI2_Init(void)
  31:Src/spi.c     **** {
ARM GAS  C:\Users\acw\AppData\Local\Temp\cccYzvfr.s 			page 2


  28              		.loc 1 31 0
  29              		.cfi_startproc
  30              		@ args = 0, pretend = 0, frame = 0
  31              		@ frame_needed = 0, uses_anonymous_args = 0
  32 0000 08B5     		push	{r3, lr}
  33              	.LCFI0:
  34              		.cfi_def_cfa_offset 8
  35              		.cfi_offset 3, -8
  36              		.cfi_offset 14, -4
  32:Src/spi.c     **** 
  33:Src/spi.c     ****   hspi2.Instance = SPI2;
  37              		.loc 1 33 0
  38 0002 1048     		ldr	r0, .L5
  39 0004 104B     		ldr	r3, .L5+4
  40 0006 0360     		str	r3, [r0]
  34:Src/spi.c     ****   hspi2.Init.Mode = SPI_MODE_MASTER;
  41              		.loc 1 34 0
  42 0008 4FF48273 		mov	r3, #260
  43 000c 4360     		str	r3, [r0, #4]
  35:Src/spi.c     ****   hspi2.Init.Direction = SPI_DIRECTION_2LINES;
  44              		.loc 1 35 0
  45 000e 0023     		movs	r3, #0
  46 0010 8360     		str	r3, [r0, #8]
  36:Src/spi.c     ****   hspi2.Init.DataSize = SPI_DATASIZE_8BIT;
  47              		.loc 1 36 0
  48 0012 4FF4E062 		mov	r2, #1792
  49 0016 C260     		str	r2, [r0, #12]
  37:Src/spi.c     ****   hspi2.Init.CLKPolarity = SPI_POLARITY_LOW;
  50              		.loc 1 37 0
  51 0018 0361     		str	r3, [r0, #16]
  38:Src/spi.c     ****   hspi2.Init.CLKPhase = SPI_PHASE_1EDGE;
  52              		.loc 1 38 0
  53 001a 4361     		str	r3, [r0, #20]
  39:Src/spi.c     ****   hspi2.Init.NSS = SPI_NSS_SOFT;
  54              		.loc 1 39 0
  55 001c 4FF40072 		mov	r2, #512
  56 0020 8261     		str	r2, [r0, #24]
  40:Src/spi.c     ****   hspi2.Init.BaudRatePrescaler = SPI_BAUDRATEPRESCALER_128;
  57              		.loc 1 40 0
  58 0022 3022     		movs	r2, #48
  59 0024 C261     		str	r2, [r0, #28]
  41:Src/spi.c     ****   hspi2.Init.FirstBit = SPI_FIRSTBIT_MSB;
  60              		.loc 1 41 0
  61 0026 0362     		str	r3, [r0, #32]
  42:Src/spi.c     ****   hspi2.Init.TIMode = SPI_TIMODE_DISABLE;
  62              		.loc 1 42 0
  63 0028 4362     		str	r3, [r0, #36]
  43:Src/spi.c     ****   hspi2.Init.CRCCalculation = SPI_CRCCALCULATION_DISABLE;
  64              		.loc 1 43 0
  65 002a 8362     		str	r3, [r0, #40]
  44:Src/spi.c     ****   hspi2.Init.CRCPolynomial = 7;
  66              		.loc 1 44 0
  67 002c 0722     		movs	r2, #7
  68 002e C262     		str	r2, [r0, #44]
  45:Src/spi.c     ****   hspi2.Init.CRCLength = SPI_CRC_LENGTH_DATASIZE;
  69              		.loc 1 45 0
  70 0030 0363     		str	r3, [r0, #48]
ARM GAS  C:\Users\acw\AppData\Local\Temp\cccYzvfr.s 			page 3


  46:Src/spi.c     ****   hspi2.Init.NSSPMode = SPI_NSS_PULSE_ENABLE;
  71              		.loc 1 46 0
  72 0032 0823     		movs	r3, #8
  73 0034 4363     		str	r3, [r0, #52]
  47:Src/spi.c     ****   if (HAL_SPI_Init(&hspi2) != HAL_OK)
  74              		.loc 1 47 0
  75 0036 FFF7FEFF 		bl	HAL_SPI_Init
  76              	.LVL0:
  77 003a 00B9     		cbnz	r0, .L4
  78              	.L1:
  48:Src/spi.c     ****   {
  49:Src/spi.c     ****     Error_Handler();
  50:Src/spi.c     ****   }
  51:Src/spi.c     **** 
  52:Src/spi.c     **** }
  79              		.loc 1 52 0
  80 003c 08BD     		pop	{r3, pc}
  81              	.L4:
  49:Src/spi.c     ****   }
  82              		.loc 1 49 0
  83 003e FFF7FEFF 		bl	Error_Handler
  84              	.LVL1:
  85              		.loc 1 52 0
  86 0042 FBE7     		b	.L1
  87              	.L6:
  88              		.align	2
  89              	.L5:
  90 0044 00000000 		.word	hspi2
  91 0048 00380040 		.word	1073756160
  92              		.cfi_endproc
  93              	.LFE126:
  95              		.section	.text.HAL_SPI_MspInit,"ax",%progbits
  96              		.align	1
  97              		.global	HAL_SPI_MspInit
  98              		.syntax unified
  99              		.thumb
 100              		.thumb_func
 101              		.fpu fpv4-sp-d16
 103              	HAL_SPI_MspInit:
 104              	.LFB127:
  53:Src/spi.c     **** 
  54:Src/spi.c     **** void HAL_SPI_MspInit(SPI_HandleTypeDef* spiHandle)
  55:Src/spi.c     **** {
 105              		.loc 1 55 0
 106              		.cfi_startproc
 107              		@ args = 0, pretend = 0, frame = 32
 108              		@ frame_needed = 0, uses_anonymous_args = 0
 109              	.LVL2:
 110 0000 70B5     		push	{r4, r5, r6, lr}
 111              	.LCFI1:
 112              		.cfi_def_cfa_offset 16
 113              		.cfi_offset 4, -16
 114              		.cfi_offset 5, -12
 115              		.cfi_offset 6, -8
 116              		.cfi_offset 14, -4
 117 0002 88B0     		sub	sp, sp, #32
 118              	.LCFI2:
ARM GAS  C:\Users\acw\AppData\Local\Temp\cccYzvfr.s 			page 4


 119              		.cfi_def_cfa_offset 48
  56:Src/spi.c     **** 
  57:Src/spi.c     ****   GPIO_InitTypeDef GPIO_InitStruct = {0};
 120              		.loc 1 57 0
 121 0004 0023     		movs	r3, #0
 122 0006 0393     		str	r3, [sp, #12]
 123 0008 0493     		str	r3, [sp, #16]
 124 000a 0593     		str	r3, [sp, #20]
 125 000c 0693     		str	r3, [sp, #24]
 126 000e 0793     		str	r3, [sp, #28]
  58:Src/spi.c     ****   if(spiHandle->Instance==SPI2)
 127              		.loc 1 58 0
 128 0010 0268     		ldr	r2, [r0]
 129 0012 1E4B     		ldr	r3, .L11
 130 0014 9A42     		cmp	r2, r3
 131 0016 01D0     		beq	.L10
 132              	.LVL3:
 133              	.L7:
  59:Src/spi.c     ****   {
  60:Src/spi.c     ****   /* USER CODE BEGIN SPI2_MspInit 0 */
  61:Src/spi.c     **** 
  62:Src/spi.c     ****   /* USER CODE END SPI2_MspInit 0 */
  63:Src/spi.c     ****     /* SPI2 clock enable */
  64:Src/spi.c     ****     __HAL_RCC_SPI2_CLK_ENABLE();
  65:Src/spi.c     ****   
  66:Src/spi.c     ****     __HAL_RCC_GPIOD_CLK_ENABLE();
  67:Src/spi.c     ****     __HAL_RCC_GPIOA_CLK_ENABLE();
  68:Src/spi.c     ****     /**SPI2 GPIO Configuration    
  69:Src/spi.c     ****     PD8     ------> SPI2_SCK
  70:Src/spi.c     ****     PA9     ------> SPI2_MISO
  71:Src/spi.c     ****     PA10     ------> SPI2_MOSI 
  72:Src/spi.c     ****     */
  73:Src/spi.c     ****     GPIO_InitStruct.Pin = GPIO_PIN_8;
  74:Src/spi.c     ****     GPIO_InitStruct.Mode = GPIO_MODE_AF_PP;
  75:Src/spi.c     ****     GPIO_InitStruct.Pull = GPIO_NOPULL;
  76:Src/spi.c     ****     GPIO_InitStruct.Speed = GPIO_SPEED_FREQ_HIGH;
  77:Src/spi.c     ****     GPIO_InitStruct.Alternate = GPIO_AF5_SPI2;
  78:Src/spi.c     ****     HAL_GPIO_Init(GPIOD, &GPIO_InitStruct);
  79:Src/spi.c     **** 
  80:Src/spi.c     ****     GPIO_InitStruct.Pin = GPIO_PIN_9|GPIO_PIN_10;
  81:Src/spi.c     ****     GPIO_InitStruct.Mode = GPIO_MODE_AF_PP;
  82:Src/spi.c     ****     GPIO_InitStruct.Pull = GPIO_NOPULL;
  83:Src/spi.c     ****     GPIO_InitStruct.Speed = GPIO_SPEED_FREQ_HIGH;
  84:Src/spi.c     ****     GPIO_InitStruct.Alternate = GPIO_AF5_SPI2;
  85:Src/spi.c     ****     HAL_GPIO_Init(GPIOA, &GPIO_InitStruct);
  86:Src/spi.c     **** 
  87:Src/spi.c     ****   /* USER CODE BEGIN SPI2_MspInit 1 */
  88:Src/spi.c     **** 
  89:Src/spi.c     ****   /* USER CODE END SPI2_MspInit 1 */
  90:Src/spi.c     ****   }
  91:Src/spi.c     **** }
 134              		.loc 1 91 0
 135 0018 08B0     		add	sp, sp, #32
 136              	.LCFI3:
 137              		.cfi_remember_state
 138              		.cfi_def_cfa_offset 16
 139              		@ sp needed
ARM GAS  C:\Users\acw\AppData\Local\Temp\cccYzvfr.s 			page 5


 140 001a 70BD     		pop	{r4, r5, r6, pc}
 141              	.LVL4:
 142              	.L10:
 143              	.LCFI4:
 144              		.cfi_restore_state
 145              	.LBB2:
  64:Src/spi.c     ****   
 146              		.loc 1 64 0
 147 001c 03F5EC33 		add	r3, r3, #120832
 148 0020 DA69     		ldr	r2, [r3, #28]
 149 0022 42F48042 		orr	r2, r2, #16384
 150 0026 DA61     		str	r2, [r3, #28]
 151 0028 DA69     		ldr	r2, [r3, #28]
 152 002a 02F48042 		and	r2, r2, #16384
 153 002e 0092     		str	r2, [sp]
 154 0030 009A     		ldr	r2, [sp]
 155              	.LBE2:
 156              	.LBB3:
  66:Src/spi.c     ****     __HAL_RCC_GPIOA_CLK_ENABLE();
 157              		.loc 1 66 0
 158 0032 5A69     		ldr	r2, [r3, #20]
 159 0034 42F48012 		orr	r2, r2, #1048576
 160 0038 5A61     		str	r2, [r3, #20]
 161 003a 5A69     		ldr	r2, [r3, #20]
 162 003c 02F48012 		and	r2, r2, #1048576
 163 0040 0192     		str	r2, [sp, #4]
 164 0042 019A     		ldr	r2, [sp, #4]
 165              	.LBE3:
 166              	.LBB4:
  67:Src/spi.c     ****     /**SPI2 GPIO Configuration    
 167              		.loc 1 67 0
 168 0044 5A69     		ldr	r2, [r3, #20]
 169 0046 42F40032 		orr	r2, r2, #131072
 170 004a 5A61     		str	r2, [r3, #20]
 171 004c 5B69     		ldr	r3, [r3, #20]
 172 004e 03F40033 		and	r3, r3, #131072
 173 0052 0293     		str	r3, [sp, #8]
 174 0054 029B     		ldr	r3, [sp, #8]
 175              	.LBE4:
  73:Src/spi.c     ****     GPIO_InitStruct.Mode = GPIO_MODE_AF_PP;
 176              		.loc 1 73 0
 177 0056 4FF48073 		mov	r3, #256
 178 005a 0393     		str	r3, [sp, #12]
  74:Src/spi.c     ****     GPIO_InitStruct.Pull = GPIO_NOPULL;
 179              		.loc 1 74 0
 180 005c 0226     		movs	r6, #2
 181 005e 0496     		str	r6, [sp, #16]
  76:Src/spi.c     ****     GPIO_InitStruct.Alternate = GPIO_AF5_SPI2;
 182              		.loc 1 76 0
 183 0060 0325     		movs	r5, #3
 184 0062 0695     		str	r5, [sp, #24]
  77:Src/spi.c     ****     HAL_GPIO_Init(GPIOD, &GPIO_InitStruct);
 185              		.loc 1 77 0
 186 0064 0524     		movs	r4, #5
 187 0066 0794     		str	r4, [sp, #28]
  78:Src/spi.c     **** 
 188              		.loc 1 78 0
ARM GAS  C:\Users\acw\AppData\Local\Temp\cccYzvfr.s 			page 6


 189 0068 03A9     		add	r1, sp, #12
 190 006a 0948     		ldr	r0, .L11+4
 191              	.LVL5:
 192 006c FFF7FEFF 		bl	HAL_GPIO_Init
 193              	.LVL6:
  80:Src/spi.c     ****     GPIO_InitStruct.Mode = GPIO_MODE_AF_PP;
 194              		.loc 1 80 0
 195 0070 4FF4C063 		mov	r3, #1536
 196 0074 0393     		str	r3, [sp, #12]
  81:Src/spi.c     ****     GPIO_InitStruct.Pull = GPIO_NOPULL;
 197              		.loc 1 81 0
 198 0076 0496     		str	r6, [sp, #16]
  82:Src/spi.c     ****     GPIO_InitStruct.Speed = GPIO_SPEED_FREQ_HIGH;
 199              		.loc 1 82 0
 200 0078 0023     		movs	r3, #0
 201 007a 0593     		str	r3, [sp, #20]
  83:Src/spi.c     ****     GPIO_InitStruct.Alternate = GPIO_AF5_SPI2;
 202              		.loc 1 83 0
 203 007c 0695     		str	r5, [sp, #24]
  84:Src/spi.c     ****     HAL_GPIO_Init(GPIOA, &GPIO_InitStruct);
 204              		.loc 1 84 0
 205 007e 0794     		str	r4, [sp, #28]
  85:Src/spi.c     **** 
 206              		.loc 1 85 0
 207 0080 03A9     		add	r1, sp, #12
 208 0082 4FF09040 		mov	r0, #1207959552
 209 0086 FFF7FEFF 		bl	HAL_GPIO_Init
 210              	.LVL7:
 211              		.loc 1 91 0
 212 008a C5E7     		b	.L7
 213              	.L12:
 214              		.align	2
 215              	.L11:
 216 008c 00380040 		.word	1073756160
 217 0090 000C0048 		.word	1207962624
 218              		.cfi_endproc
 219              	.LFE127:
 221              		.section	.text.HAL_SPI_MspDeInit,"ax",%progbits
 222              		.align	1
 223              		.global	HAL_SPI_MspDeInit
 224              		.syntax unified
 225              		.thumb
 226              		.thumb_func
 227              		.fpu fpv4-sp-d16
 229              	HAL_SPI_MspDeInit:
 230              	.LFB128:
  92:Src/spi.c     **** 
  93:Src/spi.c     **** void HAL_SPI_MspDeInit(SPI_HandleTypeDef* spiHandle)
  94:Src/spi.c     **** {
 231              		.loc 1 94 0
 232              		.cfi_startproc
 233              		@ args = 0, pretend = 0, frame = 0
 234              		@ frame_needed = 0, uses_anonymous_args = 0
 235              	.LVL8:
 236 0000 08B5     		push	{r3, lr}
 237              	.LCFI5:
 238              		.cfi_def_cfa_offset 8
ARM GAS  C:\Users\acw\AppData\Local\Temp\cccYzvfr.s 			page 7


 239              		.cfi_offset 3, -8
 240              		.cfi_offset 14, -4
  95:Src/spi.c     **** 
  96:Src/spi.c     ****   if(spiHandle->Instance==SPI2)
 241              		.loc 1 96 0
 242 0002 0268     		ldr	r2, [r0]
 243 0004 0A4B     		ldr	r3, .L17
 244 0006 9A42     		cmp	r2, r3
 245 0008 00D0     		beq	.L16
 246              	.LVL9:
 247              	.L13:
  97:Src/spi.c     ****   {
  98:Src/spi.c     ****   /* USER CODE BEGIN SPI2_MspDeInit 0 */
  99:Src/spi.c     **** 
 100:Src/spi.c     ****   /* USER CODE END SPI2_MspDeInit 0 */
 101:Src/spi.c     ****     /* Peripheral clock disable */
 102:Src/spi.c     ****     __HAL_RCC_SPI2_CLK_DISABLE();
 103:Src/spi.c     ****   
 104:Src/spi.c     ****     /**SPI2 GPIO Configuration    
 105:Src/spi.c     ****     PD8     ------> SPI2_SCK
 106:Src/spi.c     ****     PA9     ------> SPI2_MISO
 107:Src/spi.c     ****     PA10     ------> SPI2_MOSI 
 108:Src/spi.c     ****     */
 109:Src/spi.c     ****     HAL_GPIO_DeInit(GPIOD, GPIO_PIN_8);
 110:Src/spi.c     **** 
 111:Src/spi.c     ****     HAL_GPIO_DeInit(GPIOA, GPIO_PIN_9|GPIO_PIN_10);
 112:Src/spi.c     **** 
 113:Src/spi.c     ****   /* USER CODE BEGIN SPI2_MspDeInit 1 */
 114:Src/spi.c     **** 
 115:Src/spi.c     ****   /* USER CODE END SPI2_MspDeInit 1 */
 116:Src/spi.c     ****   }
 117:Src/spi.c     **** } 
 248              		.loc 1 117 0
 249 000a 08BD     		pop	{r3, pc}
 250              	.LVL10:
 251              	.L16:
 102:Src/spi.c     ****   
 252              		.loc 1 102 0
 253 000c 094A     		ldr	r2, .L17+4
 254 000e D369     		ldr	r3, [r2, #28]
 255 0010 23F48043 		bic	r3, r3, #16384
 256 0014 D361     		str	r3, [r2, #28]
 109:Src/spi.c     **** 
 257              		.loc 1 109 0
 258 0016 4FF48071 		mov	r1, #256
 259 001a 0748     		ldr	r0, .L17+8
 260              	.LVL11:
 261 001c FFF7FEFF 		bl	HAL_GPIO_DeInit
 262              	.LVL12:
 111:Src/spi.c     **** 
 263              		.loc 1 111 0
 264 0020 4FF4C061 		mov	r1, #1536
 265 0024 4FF09040 		mov	r0, #1207959552
 266 0028 FFF7FEFF 		bl	HAL_GPIO_DeInit
 267              	.LVL13:
 268              		.loc 1 117 0
 269 002c EDE7     		b	.L13
ARM GAS  C:\Users\acw\AppData\Local\Temp\cccYzvfr.s 			page 8


 270              	.L18:
 271 002e 00BF     		.align	2
 272              	.L17:
 273 0030 00380040 		.word	1073756160
 274 0034 00100240 		.word	1073876992
 275 0038 000C0048 		.word	1207962624
 276              		.cfi_endproc
 277              	.LFE128:
 279              		.comm	hspi2,100,4
 280              		.text
 281              	.Letext0:
 282              		.file 2 "c:\\program files (x86)\\gnu tools arm embedded\\7 2018-q2-update\\arm-none-eabi\\include
 283              		.file 3 "c:\\program files (x86)\\gnu tools arm embedded\\7 2018-q2-update\\arm-none-eabi\\include
 284              		.file 4 "Drivers/CMSIS/Include/core_cm4.h"
 285              		.file 5 "Drivers/CMSIS/Device/ST/STM32F3xx/Include/system_stm32f3xx.h"
 286              		.file 6 "Drivers/CMSIS/Device/ST/STM32F3xx/Include/stm32f373xc.h"
 287              		.file 7 "c:\\program files (x86)\\gnu tools arm embedded\\7 2018-q2-update\\arm-none-eabi\\include
 288              		.file 8 "c:\\program files (x86)\\gnu tools arm embedded\\7 2018-q2-update\\arm-none-eabi\\include
 289              		.file 9 "c:\\program files (x86)\\gnu tools arm embedded\\7 2018-q2-update\\lib\\gcc\\arm-none-eab
 290              		.file 10 "c:\\program files (x86)\\gnu tools arm embedded\\7 2018-q2-update\\arm-none-eabi\\includ
 291              		.file 11 "Drivers/STM32F3xx_HAL_Driver/Inc/stm32f3xx_hal_def.h"
 292              		.file 12 "Drivers/STM32F3xx_HAL_Driver/Inc/stm32f3xx_hal_gpio.h"
 293              		.file 13 "Drivers/STM32F3xx_HAL_Driver/Inc/stm32f3xx_hal_dma.h"
 294              		.file 14 "Drivers/STM32F3xx_HAL_Driver/Inc/stm32f3xx_hal_spi.h"
 295              		.file 15 "Drivers/STM32F3xx_HAL_Driver/Inc/stm32f3xx_hal.h"
 296              		.file 16 "Inc/spi.h"
 297              		.file 17 "Inc/main.h"
ARM GAS  C:\Users\acw\AppData\Local\Temp\cccYzvfr.s 			page 9


DEFINED SYMBOLS
                            *ABS*:00000000 spi.c
C:\Users\acw\AppData\Local\Temp\cccYzvfr.s:18     .text.MX_SPI2_Init:00000000 $t
C:\Users\acw\AppData\Local\Temp\cccYzvfr.s:25     .text.MX_SPI2_Init:00000000 MX_SPI2_Init
C:\Users\acw\AppData\Local\Temp\cccYzvfr.s:90     .text.MX_SPI2_Init:00000044 $d
                            *COM*:00000064 hspi2
C:\Users\acw\AppData\Local\Temp\cccYzvfr.s:96     .text.HAL_SPI_MspInit:00000000 $t
C:\Users\acw\AppData\Local\Temp\cccYzvfr.s:103    .text.HAL_SPI_MspInit:00000000 HAL_SPI_MspInit
C:\Users\acw\AppData\Local\Temp\cccYzvfr.s:216    .text.HAL_SPI_MspInit:0000008c $d
C:\Users\acw\AppData\Local\Temp\cccYzvfr.s:222    .text.HAL_SPI_MspDeInit:00000000 $t
C:\Users\acw\AppData\Local\Temp\cccYzvfr.s:229    .text.HAL_SPI_MspDeInit:00000000 HAL_SPI_MspDeInit
C:\Users\acw\AppData\Local\Temp\cccYzvfr.s:273    .text.HAL_SPI_MspDeInit:00000030 $d

UNDEFINED SYMBOLS
HAL_SPI_Init
Error_Handler
HAL_GPIO_Init
HAL_GPIO_DeInit
