ARM GAS  C:\Users\acw\AppData\Local\Temp\ccqFSWtL.s 			page 1


   1              		.cpu cortex-m4
   2              		.eabi_attribute 27, 1
   3              		.eabi_attribute 28, 1
   4              		.eabi_attribute 20, 1
   5              		.eabi_attribute 21, 1
   6              		.eabi_attribute 23, 3
   7              		.eabi_attribute 24, 1
   8              		.eabi_attribute 25, 1
   9              		.eabi_attribute 26, 1
  10              		.eabi_attribute 30, 1
  11              		.eabi_attribute 34, 1
  12              		.eabi_attribute 18, 4
  13              		.file	"stm32f3xx_hal_gpio.c"
  14              		.text
  15              	.Ltext0:
  16              		.cfi_sections	.debug_frame
  17              		.section	.text.HAL_GPIO_Init,"ax",%progbits
  18              		.align	1
  19              		.global	HAL_GPIO_Init
  20              		.syntax unified
  21              		.thumb
  22              		.thumb_func
  23              		.fpu fpv4-sp-d16
  25              	HAL_GPIO_Init:
  26              	.LFB126:
  27              		.file 1 "Drivers/STM32F3xx_HAL_Driver/Src/stm32f3xx_hal_gpio.c"
   1:Drivers/STM32F3xx_HAL_Driver/Src/stm32f3xx_hal_gpio.c **** /**
   2:Drivers/STM32F3xx_HAL_Driver/Src/stm32f3xx_hal_gpio.c ****   ******************************************************************************
   3:Drivers/STM32F3xx_HAL_Driver/Src/stm32f3xx_hal_gpio.c ****   * @file    stm32f3xx_hal_gpio.c
   4:Drivers/STM32F3xx_HAL_Driver/Src/stm32f3xx_hal_gpio.c ****   * @author  MCD Application Team
   5:Drivers/STM32F3xx_HAL_Driver/Src/stm32f3xx_hal_gpio.c ****   * @brief   GPIO HAL module driver.
   6:Drivers/STM32F3xx_HAL_Driver/Src/stm32f3xx_hal_gpio.c ****   *          This file provides firmware functions to manage the following
   7:Drivers/STM32F3xx_HAL_Driver/Src/stm32f3xx_hal_gpio.c ****   *          functionalities of the General Purpose Input/Output (GPIO) peripheral:
   8:Drivers/STM32F3xx_HAL_Driver/Src/stm32f3xx_hal_gpio.c ****   *           + Initialization and de-initialization functions
   9:Drivers/STM32F3xx_HAL_Driver/Src/stm32f3xx_hal_gpio.c ****   *           + IO operation functions
  10:Drivers/STM32F3xx_HAL_Driver/Src/stm32f3xx_hal_gpio.c ****   *
  11:Drivers/STM32F3xx_HAL_Driver/Src/stm32f3xx_hal_gpio.c ****   @verbatim
  12:Drivers/STM32F3xx_HAL_Driver/Src/stm32f3xx_hal_gpio.c ****   ==============================================================================
  13:Drivers/STM32F3xx_HAL_Driver/Src/stm32f3xx_hal_gpio.c ****                     ##### GPIO Peripheral features #####
  14:Drivers/STM32F3xx_HAL_Driver/Src/stm32f3xx_hal_gpio.c ****   ==============================================================================
  15:Drivers/STM32F3xx_HAL_Driver/Src/stm32f3xx_hal_gpio.c ****   [..]
  16:Drivers/STM32F3xx_HAL_Driver/Src/stm32f3xx_hal_gpio.c ****     (+) Each port bit of the general-purpose I/O (GPIO) ports can be individually
  17:Drivers/STM32F3xx_HAL_Driver/Src/stm32f3xx_hal_gpio.c ****         configured by software in several modes:
  18:Drivers/STM32F3xx_HAL_Driver/Src/stm32f3xx_hal_gpio.c ****         (++) Input mode
  19:Drivers/STM32F3xx_HAL_Driver/Src/stm32f3xx_hal_gpio.c ****         (++) Analog mode
  20:Drivers/STM32F3xx_HAL_Driver/Src/stm32f3xx_hal_gpio.c ****         (++) Output mode
  21:Drivers/STM32F3xx_HAL_Driver/Src/stm32f3xx_hal_gpio.c ****         (++) Alternate function mode
  22:Drivers/STM32F3xx_HAL_Driver/Src/stm32f3xx_hal_gpio.c ****         (++) External interrupt/event lines
  23:Drivers/STM32F3xx_HAL_Driver/Src/stm32f3xx_hal_gpio.c **** 
  24:Drivers/STM32F3xx_HAL_Driver/Src/stm32f3xx_hal_gpio.c ****     (+) During and just after reset, the alternate functions and external interrupt
  25:Drivers/STM32F3xx_HAL_Driver/Src/stm32f3xx_hal_gpio.c ****         lines are not active and the I/O ports are configured in input floating mode.
  26:Drivers/STM32F3xx_HAL_Driver/Src/stm32f3xx_hal_gpio.c **** 
  27:Drivers/STM32F3xx_HAL_Driver/Src/stm32f3xx_hal_gpio.c ****     (+) All GPIO pins have weak internal pull-up and pull-down resistors, which can be
  28:Drivers/STM32F3xx_HAL_Driver/Src/stm32f3xx_hal_gpio.c ****         activated or not.
  29:Drivers/STM32F3xx_HAL_Driver/Src/stm32f3xx_hal_gpio.c **** 
  30:Drivers/STM32F3xx_HAL_Driver/Src/stm32f3xx_hal_gpio.c ****     (+) In Output or Alternate mode, each IO can be configured on open-drain or push-pull
  31:Drivers/STM32F3xx_HAL_Driver/Src/stm32f3xx_hal_gpio.c ****         type and the IO speed can be selected depending on the VDD value.
ARM GAS  C:\Users\acw\AppData\Local\Temp\ccqFSWtL.s 			page 2


  32:Drivers/STM32F3xx_HAL_Driver/Src/stm32f3xx_hal_gpio.c **** 
  33:Drivers/STM32F3xx_HAL_Driver/Src/stm32f3xx_hal_gpio.c ****     (+) The microcontroller IO pins are connected to onboard peripherals/modules through a
  34:Drivers/STM32F3xx_HAL_Driver/Src/stm32f3xx_hal_gpio.c ****         multiplexer that allows only one peripheral alternate function (AF) connected
  35:Drivers/STM32F3xx_HAL_Driver/Src/stm32f3xx_hal_gpio.c ****        to an IO pin at a time. In this way, there can be no conflict between peripherals
  36:Drivers/STM32F3xx_HAL_Driver/Src/stm32f3xx_hal_gpio.c ****        sharing the same IO pin.
  37:Drivers/STM32F3xx_HAL_Driver/Src/stm32f3xx_hal_gpio.c **** 
  38:Drivers/STM32F3xx_HAL_Driver/Src/stm32f3xx_hal_gpio.c ****     (+) All ports have external interrupt/event capability. To use external interrupt
  39:Drivers/STM32F3xx_HAL_Driver/Src/stm32f3xx_hal_gpio.c ****         lines, the port must be configured in input mode. All available GPIO pins are
  40:Drivers/STM32F3xx_HAL_Driver/Src/stm32f3xx_hal_gpio.c ****         connected to the 16 external interrupt/event lines from EXTI0 to EXTI15.
  41:Drivers/STM32F3xx_HAL_Driver/Src/stm32f3xx_hal_gpio.c **** 
  42:Drivers/STM32F3xx_HAL_Driver/Src/stm32f3xx_hal_gpio.c ****     (+) The external interrupt/event controller consists of up to 23 edge detectors
  43:Drivers/STM32F3xx_HAL_Driver/Src/stm32f3xx_hal_gpio.c ****         (16 lines are connected to GPIO) for generating event/interrupt requests (each
  44:Drivers/STM32F3xx_HAL_Driver/Src/stm32f3xx_hal_gpio.c ****         input line can be independently configured to select the type (interrupt or event)
  45:Drivers/STM32F3xx_HAL_Driver/Src/stm32f3xx_hal_gpio.c ****         and the corresponding trigger event (rising or falling or both). Each line can
  46:Drivers/STM32F3xx_HAL_Driver/Src/stm32f3xx_hal_gpio.c ****         also be masked independently.
  47:Drivers/STM32F3xx_HAL_Driver/Src/stm32f3xx_hal_gpio.c **** 
  48:Drivers/STM32F3xx_HAL_Driver/Src/stm32f3xx_hal_gpio.c ****                      ##### How to use this driver #####
  49:Drivers/STM32F3xx_HAL_Driver/Src/stm32f3xx_hal_gpio.c ****   ==============================================================================
  50:Drivers/STM32F3xx_HAL_Driver/Src/stm32f3xx_hal_gpio.c ****   [..]
  51:Drivers/STM32F3xx_HAL_Driver/Src/stm32f3xx_hal_gpio.c ****     (#) Enable the GPIO AHB clock using the following function: __HAL_RCC_GPIOx_CLK_ENABLE().
  52:Drivers/STM32F3xx_HAL_Driver/Src/stm32f3xx_hal_gpio.c **** 
  53:Drivers/STM32F3xx_HAL_Driver/Src/stm32f3xx_hal_gpio.c ****     (#) Configure the GPIO pin(s) using HAL_GPIO_Init().
  54:Drivers/STM32F3xx_HAL_Driver/Src/stm32f3xx_hal_gpio.c ****         (++) Configure the IO mode using "Mode" member from GPIO_InitTypeDef structure
  55:Drivers/STM32F3xx_HAL_Driver/Src/stm32f3xx_hal_gpio.c ****         (++) Activate Pull-up, Pull-down resistor using "Pull" member from GPIO_InitTypeDef
  56:Drivers/STM32F3xx_HAL_Driver/Src/stm32f3xx_hal_gpio.c ****              structure.
  57:Drivers/STM32F3xx_HAL_Driver/Src/stm32f3xx_hal_gpio.c ****         (++) In case of Output or alternate function mode selection: the speed is
  58:Drivers/STM32F3xx_HAL_Driver/Src/stm32f3xx_hal_gpio.c ****              configured through "Speed" member from GPIO_InitTypeDef structure.
  59:Drivers/STM32F3xx_HAL_Driver/Src/stm32f3xx_hal_gpio.c ****         (++) In alternate mode is selection, the alternate function connected to the IO
  60:Drivers/STM32F3xx_HAL_Driver/Src/stm32f3xx_hal_gpio.c ****              is configured through "Alternate" member from GPIO_InitTypeDef structure.
  61:Drivers/STM32F3xx_HAL_Driver/Src/stm32f3xx_hal_gpio.c ****         (++) Analog mode is required when a pin is to be used as ADC channel
  62:Drivers/STM32F3xx_HAL_Driver/Src/stm32f3xx_hal_gpio.c ****              or DAC output.
  63:Drivers/STM32F3xx_HAL_Driver/Src/stm32f3xx_hal_gpio.c ****         (++) In case of external interrupt/event selection the "Mode" member from
  64:Drivers/STM32F3xx_HAL_Driver/Src/stm32f3xx_hal_gpio.c ****              GPIO_InitTypeDef structure select the type (interrupt or event) and
  65:Drivers/STM32F3xx_HAL_Driver/Src/stm32f3xx_hal_gpio.c ****              the corresponding trigger event (rising or falling or both).
  66:Drivers/STM32F3xx_HAL_Driver/Src/stm32f3xx_hal_gpio.c **** 
  67:Drivers/STM32F3xx_HAL_Driver/Src/stm32f3xx_hal_gpio.c ****     (#) In case of external interrupt/event mode selection, configure NVIC IRQ priority
  68:Drivers/STM32F3xx_HAL_Driver/Src/stm32f3xx_hal_gpio.c ****         mapped to the EXTI line using HAL_NVIC_SetPriority() and enable it using
  69:Drivers/STM32F3xx_HAL_Driver/Src/stm32f3xx_hal_gpio.c ****         HAL_NVIC_EnableIRQ().
  70:Drivers/STM32F3xx_HAL_Driver/Src/stm32f3xx_hal_gpio.c **** 
  71:Drivers/STM32F3xx_HAL_Driver/Src/stm32f3xx_hal_gpio.c ****     (#) To get the level of a pin configured in input mode use HAL_GPIO_ReadPin().
  72:Drivers/STM32F3xx_HAL_Driver/Src/stm32f3xx_hal_gpio.c **** 
  73:Drivers/STM32F3xx_HAL_Driver/Src/stm32f3xx_hal_gpio.c ****     (#) To set/reset the level of a pin configured in output mode use
  74:Drivers/STM32F3xx_HAL_Driver/Src/stm32f3xx_hal_gpio.c ****         HAL_GPIO_WritePin()/HAL_GPIO_TogglePin().
  75:Drivers/STM32F3xx_HAL_Driver/Src/stm32f3xx_hal_gpio.c **** 
  76:Drivers/STM32F3xx_HAL_Driver/Src/stm32f3xx_hal_gpio.c ****    (#) To lock pin configuration until next reset use HAL_GPIO_LockPin().
  77:Drivers/STM32F3xx_HAL_Driver/Src/stm32f3xx_hal_gpio.c ****   
  78:Drivers/STM32F3xx_HAL_Driver/Src/stm32f3xx_hal_gpio.c ****     (#) During and just after reset, the alternate functions are not
  79:Drivers/STM32F3xx_HAL_Driver/Src/stm32f3xx_hal_gpio.c ****         active and the GPIO pins are configured in input floating mode (except JTAG
  80:Drivers/STM32F3xx_HAL_Driver/Src/stm32f3xx_hal_gpio.c ****         pins).
  81:Drivers/STM32F3xx_HAL_Driver/Src/stm32f3xx_hal_gpio.c **** 
  82:Drivers/STM32F3xx_HAL_Driver/Src/stm32f3xx_hal_gpio.c ****     (#) The LSE oscillator pins OSC32_IN and OSC32_OUT can be used as general purpose
  83:Drivers/STM32F3xx_HAL_Driver/Src/stm32f3xx_hal_gpio.c ****         (PC14 and PC15U, respectively) when the LSE oscillator is off. The LSE has
  84:Drivers/STM32F3xx_HAL_Driver/Src/stm32f3xx_hal_gpio.c ****         priority over the GPIO function.
  85:Drivers/STM32F3xx_HAL_Driver/Src/stm32f3xx_hal_gpio.c **** 
  86:Drivers/STM32F3xx_HAL_Driver/Src/stm32f3xx_hal_gpio.c ****     (#) The HSE oscillator pins OSC_IN/OSC_OUT can be used as
  87:Drivers/STM32F3xx_HAL_Driver/Src/stm32f3xx_hal_gpio.c ****         general purpose PF0 and PF1, respectively, when the HSE oscillator is off.
  88:Drivers/STM32F3xx_HAL_Driver/Src/stm32f3xx_hal_gpio.c ****         The HSE has priority over the GPIO function.
ARM GAS  C:\Users\acw\AppData\Local\Temp\ccqFSWtL.s 			page 3


  89:Drivers/STM32F3xx_HAL_Driver/Src/stm32f3xx_hal_gpio.c **** 
  90:Drivers/STM32F3xx_HAL_Driver/Src/stm32f3xx_hal_gpio.c ****   @endverbatim
  91:Drivers/STM32F3xx_HAL_Driver/Src/stm32f3xx_hal_gpio.c ****   ******************************************************************************
  92:Drivers/STM32F3xx_HAL_Driver/Src/stm32f3xx_hal_gpio.c ****   * @attention
  93:Drivers/STM32F3xx_HAL_Driver/Src/stm32f3xx_hal_gpio.c ****   *
  94:Drivers/STM32F3xx_HAL_Driver/Src/stm32f3xx_hal_gpio.c ****   * <h2><center>&copy; COPYRIGHT(c) 2016 STMicroelectronics</center></h2>
  95:Drivers/STM32F3xx_HAL_Driver/Src/stm32f3xx_hal_gpio.c ****   *
  96:Drivers/STM32F3xx_HAL_Driver/Src/stm32f3xx_hal_gpio.c ****   * Redistribution and use in source and binary forms, with or without modification,
  97:Drivers/STM32F3xx_HAL_Driver/Src/stm32f3xx_hal_gpio.c ****   * are permitted provided that the following conditions are met:
  98:Drivers/STM32F3xx_HAL_Driver/Src/stm32f3xx_hal_gpio.c ****   *   1. Redistributions of source code must retain the above copyright notice,
  99:Drivers/STM32F3xx_HAL_Driver/Src/stm32f3xx_hal_gpio.c ****   *      this list of conditions and the following disclaimer.
 100:Drivers/STM32F3xx_HAL_Driver/Src/stm32f3xx_hal_gpio.c ****   *   2. Redistributions in binary form must reproduce the above copyright notice,
 101:Drivers/STM32F3xx_HAL_Driver/Src/stm32f3xx_hal_gpio.c ****   *      this list of conditions and the following disclaimer in the documentation
 102:Drivers/STM32F3xx_HAL_Driver/Src/stm32f3xx_hal_gpio.c ****   *      and/or other materials provided with the distribution.
 103:Drivers/STM32F3xx_HAL_Driver/Src/stm32f3xx_hal_gpio.c ****   *   3. Neither the name of STMicroelectronics nor the names of its contributors
 104:Drivers/STM32F3xx_HAL_Driver/Src/stm32f3xx_hal_gpio.c ****   *      may be used to endorse or promote products derived from this software
 105:Drivers/STM32F3xx_HAL_Driver/Src/stm32f3xx_hal_gpio.c ****   *      without specific prior written permission.
 106:Drivers/STM32F3xx_HAL_Driver/Src/stm32f3xx_hal_gpio.c ****   *
 107:Drivers/STM32F3xx_HAL_Driver/Src/stm32f3xx_hal_gpio.c ****   * THIS SOFTWARE IS PROVIDED BY THE COPYRIGHT HOLDERS AND CONTRIBUTORS "AS IS"
 108:Drivers/STM32F3xx_HAL_Driver/Src/stm32f3xx_hal_gpio.c ****   * AND ANY EXPRESS OR IMPLIED WARRANTIES, INCLUDING, BUT NOT LIMITED TO, THE
 109:Drivers/STM32F3xx_HAL_Driver/Src/stm32f3xx_hal_gpio.c ****   * IMPLIED WARRANTIES OF MERCHANTABILITY AND FITNESS FOR A PARTICULAR PURPOSE ARE
 110:Drivers/STM32F3xx_HAL_Driver/Src/stm32f3xx_hal_gpio.c ****   * DISCLAIMED. IN NO EVENT SHALL THE COPYRIGHT HOLDER OR CONTRIBUTORS BE LIABLE
 111:Drivers/STM32F3xx_HAL_Driver/Src/stm32f3xx_hal_gpio.c ****   * FOR ANY DIRECT, INDIRECT, INCIDENTAL, SPECIAL, EXEMPLARY, OR CONSEQUENTIAL
 112:Drivers/STM32F3xx_HAL_Driver/Src/stm32f3xx_hal_gpio.c ****   * DAMAGES (INCLUDING, BUT NOT LIMITED TO, PROCUREMENT OF SUBSTITUTE GOODS OR
 113:Drivers/STM32F3xx_HAL_Driver/Src/stm32f3xx_hal_gpio.c ****   * SERVICES; LOSS OF USE, DATA, OR PROFITS; OR BUSINESS INTERRUPTION) HOWEVER
 114:Drivers/STM32F3xx_HAL_Driver/Src/stm32f3xx_hal_gpio.c ****   * CAUSED AND ON ANY THEORY OF LIABILITY, WHETHER IN CONTRACT, STRICT LIABILITY,
 115:Drivers/STM32F3xx_HAL_Driver/Src/stm32f3xx_hal_gpio.c ****   * OR TORT (INCLUDING NEGLIGENCE OR OTHERWISE) ARISING IN ANY WAY OUT OF THE USE
 116:Drivers/STM32F3xx_HAL_Driver/Src/stm32f3xx_hal_gpio.c ****   * OF THIS SOFTWARE, EVEN IF ADVISED OF THE POSSIBILITY OF SUCH DAMAGE.
 117:Drivers/STM32F3xx_HAL_Driver/Src/stm32f3xx_hal_gpio.c ****   *
 118:Drivers/STM32F3xx_HAL_Driver/Src/stm32f3xx_hal_gpio.c ****   ******************************************************************************
 119:Drivers/STM32F3xx_HAL_Driver/Src/stm32f3xx_hal_gpio.c ****   */
 120:Drivers/STM32F3xx_HAL_Driver/Src/stm32f3xx_hal_gpio.c **** 
 121:Drivers/STM32F3xx_HAL_Driver/Src/stm32f3xx_hal_gpio.c **** /* Includes ------------------------------------------------------------------*/
 122:Drivers/STM32F3xx_HAL_Driver/Src/stm32f3xx_hal_gpio.c **** #include "stm32f3xx_hal.h"
 123:Drivers/STM32F3xx_HAL_Driver/Src/stm32f3xx_hal_gpio.c **** 
 124:Drivers/STM32F3xx_HAL_Driver/Src/stm32f3xx_hal_gpio.c **** /** @addtogroup STM32F3xx_HAL_Driver
 125:Drivers/STM32F3xx_HAL_Driver/Src/stm32f3xx_hal_gpio.c ****   * @{
 126:Drivers/STM32F3xx_HAL_Driver/Src/stm32f3xx_hal_gpio.c ****   */
 127:Drivers/STM32F3xx_HAL_Driver/Src/stm32f3xx_hal_gpio.c **** 
 128:Drivers/STM32F3xx_HAL_Driver/Src/stm32f3xx_hal_gpio.c **** /** @defgroup GPIO GPIO
 129:Drivers/STM32F3xx_HAL_Driver/Src/stm32f3xx_hal_gpio.c ****   * @brief GPIO HAL module driver
 130:Drivers/STM32F3xx_HAL_Driver/Src/stm32f3xx_hal_gpio.c ****   * @{
 131:Drivers/STM32F3xx_HAL_Driver/Src/stm32f3xx_hal_gpio.c ****   */
 132:Drivers/STM32F3xx_HAL_Driver/Src/stm32f3xx_hal_gpio.c **** 
 133:Drivers/STM32F3xx_HAL_Driver/Src/stm32f3xx_hal_gpio.c **** #ifdef HAL_GPIO_MODULE_ENABLED
 134:Drivers/STM32F3xx_HAL_Driver/Src/stm32f3xx_hal_gpio.c **** 
 135:Drivers/STM32F3xx_HAL_Driver/Src/stm32f3xx_hal_gpio.c **** /* Private typedef -----------------------------------------------------------*/
 136:Drivers/STM32F3xx_HAL_Driver/Src/stm32f3xx_hal_gpio.c **** /* Private defines -----------------------------------------------------------*/
 137:Drivers/STM32F3xx_HAL_Driver/Src/stm32f3xx_hal_gpio.c **** /** @defgroup GPIO_Private_Defines GPIO Private Defines
 138:Drivers/STM32F3xx_HAL_Driver/Src/stm32f3xx_hal_gpio.c ****   * @{
 139:Drivers/STM32F3xx_HAL_Driver/Src/stm32f3xx_hal_gpio.c ****   */
 140:Drivers/STM32F3xx_HAL_Driver/Src/stm32f3xx_hal_gpio.c **** #define GPIO_MODE             (0x00000003U)
 141:Drivers/STM32F3xx_HAL_Driver/Src/stm32f3xx_hal_gpio.c **** #define EXTI_MODE             (0x10000000U)
 142:Drivers/STM32F3xx_HAL_Driver/Src/stm32f3xx_hal_gpio.c **** #define GPIO_MODE_IT          (0x00010000U)
 143:Drivers/STM32F3xx_HAL_Driver/Src/stm32f3xx_hal_gpio.c **** #define GPIO_MODE_EVT         (0x00020000U)
 144:Drivers/STM32F3xx_HAL_Driver/Src/stm32f3xx_hal_gpio.c **** #define RISING_EDGE           (0x00100000U)
 145:Drivers/STM32F3xx_HAL_Driver/Src/stm32f3xx_hal_gpio.c **** #define FALLING_EDGE          (0x00200000U)
ARM GAS  C:\Users\acw\AppData\Local\Temp\ccqFSWtL.s 			page 4


 146:Drivers/STM32F3xx_HAL_Driver/Src/stm32f3xx_hal_gpio.c **** #define GPIO_OUTPUT_TYPE      (0x00000010U)
 147:Drivers/STM32F3xx_HAL_Driver/Src/stm32f3xx_hal_gpio.c **** 
 148:Drivers/STM32F3xx_HAL_Driver/Src/stm32f3xx_hal_gpio.c **** #define GPIO_NUMBER           (16U)
 149:Drivers/STM32F3xx_HAL_Driver/Src/stm32f3xx_hal_gpio.c **** /**
 150:Drivers/STM32F3xx_HAL_Driver/Src/stm32f3xx_hal_gpio.c ****   * @}
 151:Drivers/STM32F3xx_HAL_Driver/Src/stm32f3xx_hal_gpio.c ****   */
 152:Drivers/STM32F3xx_HAL_Driver/Src/stm32f3xx_hal_gpio.c ****   
 153:Drivers/STM32F3xx_HAL_Driver/Src/stm32f3xx_hal_gpio.c **** /* Private macros ------------------------------------------------------------*/
 154:Drivers/STM32F3xx_HAL_Driver/Src/stm32f3xx_hal_gpio.c **** /* Private macros ------------------------------------------------------------*/
 155:Drivers/STM32F3xx_HAL_Driver/Src/stm32f3xx_hal_gpio.c **** /** @defgroup GPIO_Private_Macros GPIO Private Macros
 156:Drivers/STM32F3xx_HAL_Driver/Src/stm32f3xx_hal_gpio.c ****   * @{
 157:Drivers/STM32F3xx_HAL_Driver/Src/stm32f3xx_hal_gpio.c ****   */
 158:Drivers/STM32F3xx_HAL_Driver/Src/stm32f3xx_hal_gpio.c **** /**
 159:Drivers/STM32F3xx_HAL_Driver/Src/stm32f3xx_hal_gpio.c ****   * @}
 160:Drivers/STM32F3xx_HAL_Driver/Src/stm32f3xx_hal_gpio.c ****   */
 161:Drivers/STM32F3xx_HAL_Driver/Src/stm32f3xx_hal_gpio.c **** /* Private variables ---------------------------------------------------------*/
 162:Drivers/STM32F3xx_HAL_Driver/Src/stm32f3xx_hal_gpio.c **** /* Private function prototypes -----------------------------------------------*/
 163:Drivers/STM32F3xx_HAL_Driver/Src/stm32f3xx_hal_gpio.c **** /* Exported functions --------------------------------------------------------*/
 164:Drivers/STM32F3xx_HAL_Driver/Src/stm32f3xx_hal_gpio.c **** 
 165:Drivers/STM32F3xx_HAL_Driver/Src/stm32f3xx_hal_gpio.c **** /** @defgroup GPIO_Exported_Functions GPIO Exported Functions
 166:Drivers/STM32F3xx_HAL_Driver/Src/stm32f3xx_hal_gpio.c ****   * @{
 167:Drivers/STM32F3xx_HAL_Driver/Src/stm32f3xx_hal_gpio.c ****   */
 168:Drivers/STM32F3xx_HAL_Driver/Src/stm32f3xx_hal_gpio.c **** 
 169:Drivers/STM32F3xx_HAL_Driver/Src/stm32f3xx_hal_gpio.c **** /** @defgroup GPIO_Exported_Functions_Group1 Initialization/de-initialization functions 
 170:Drivers/STM32F3xx_HAL_Driver/Src/stm32f3xx_hal_gpio.c ****  *  @brief    Initialization and Configuration functions
 171:Drivers/STM32F3xx_HAL_Driver/Src/stm32f3xx_hal_gpio.c ****  *
 172:Drivers/STM32F3xx_HAL_Driver/Src/stm32f3xx_hal_gpio.c **** @verbatim
 173:Drivers/STM32F3xx_HAL_Driver/Src/stm32f3xx_hal_gpio.c ****  ===============================================================================
 174:Drivers/STM32F3xx_HAL_Driver/Src/stm32f3xx_hal_gpio.c ****               ##### Initialization and de-initialization functions #####
 175:Drivers/STM32F3xx_HAL_Driver/Src/stm32f3xx_hal_gpio.c ****  ===============================================================================
 176:Drivers/STM32F3xx_HAL_Driver/Src/stm32f3xx_hal_gpio.c **** 
 177:Drivers/STM32F3xx_HAL_Driver/Src/stm32f3xx_hal_gpio.c **** @endverbatim
 178:Drivers/STM32F3xx_HAL_Driver/Src/stm32f3xx_hal_gpio.c ****   * @{
 179:Drivers/STM32F3xx_HAL_Driver/Src/stm32f3xx_hal_gpio.c ****   */
 180:Drivers/STM32F3xx_HAL_Driver/Src/stm32f3xx_hal_gpio.c **** 
 181:Drivers/STM32F3xx_HAL_Driver/Src/stm32f3xx_hal_gpio.c **** /**
 182:Drivers/STM32F3xx_HAL_Driver/Src/stm32f3xx_hal_gpio.c ****   * @brief  Initialize the GPIOx peripheral according to the specified parameters in the GPIO_Init.
 183:Drivers/STM32F3xx_HAL_Driver/Src/stm32f3xx_hal_gpio.c ****   * @param  GPIOx where x can be (A..F) to select the GPIO peripheral for STM32F3 family devices
 184:Drivers/STM32F3xx_HAL_Driver/Src/stm32f3xx_hal_gpio.c ****   * @param  GPIO_Init pointer to a GPIO_InitTypeDef structure that contains
 185:Drivers/STM32F3xx_HAL_Driver/Src/stm32f3xx_hal_gpio.c ****   *         the configuration information for the specified GPIO peripheral.
 186:Drivers/STM32F3xx_HAL_Driver/Src/stm32f3xx_hal_gpio.c ****   * @retval None
 187:Drivers/STM32F3xx_HAL_Driver/Src/stm32f3xx_hal_gpio.c ****   */
 188:Drivers/STM32F3xx_HAL_Driver/Src/stm32f3xx_hal_gpio.c **** void HAL_GPIO_Init(GPIO_TypeDef  *GPIOx, GPIO_InitTypeDef *GPIO_Init)
 189:Drivers/STM32F3xx_HAL_Driver/Src/stm32f3xx_hal_gpio.c **** {
  28              		.loc 1 189 0
  29              		.cfi_startproc
  30              		@ args = 0, pretend = 0, frame = 8
  31              		@ frame_needed = 0, uses_anonymous_args = 0
  32              		@ link register save eliminated.
  33              	.LVL0:
  34 0000 F0B4     		push	{r4, r5, r6, r7}
  35              	.LCFI0:
  36              		.cfi_def_cfa_offset 16
  37              		.cfi_offset 4, -16
  38              		.cfi_offset 5, -12
  39              		.cfi_offset 6, -8
  40              		.cfi_offset 7, -4
ARM GAS  C:\Users\acw\AppData\Local\Temp\ccqFSWtL.s 			page 5


  41 0002 82B0     		sub	sp, sp, #8
  42              	.LCFI1:
  43              		.cfi_def_cfa_offset 24
  44              	.LVL1:
 190:Drivers/STM32F3xx_HAL_Driver/Src/stm32f3xx_hal_gpio.c ****   uint32_t position = 0x00U;
  45              		.loc 1 190 0
  46 0004 0023     		movs	r3, #0
 191:Drivers/STM32F3xx_HAL_Driver/Src/stm32f3xx_hal_gpio.c ****   uint32_t iocurrent = 0x00U;
 192:Drivers/STM32F3xx_HAL_Driver/Src/stm32f3xx_hal_gpio.c ****   uint32_t temp = 0x00U;
 193:Drivers/STM32F3xx_HAL_Driver/Src/stm32f3xx_hal_gpio.c **** 
 194:Drivers/STM32F3xx_HAL_Driver/Src/stm32f3xx_hal_gpio.c ****   /* Check the parameters */
 195:Drivers/STM32F3xx_HAL_Driver/Src/stm32f3xx_hal_gpio.c ****   assert_param(IS_GPIO_ALL_INSTANCE(GPIOx));
 196:Drivers/STM32F3xx_HAL_Driver/Src/stm32f3xx_hal_gpio.c ****   assert_param(IS_GPIO_PIN(GPIO_Init->Pin));
 197:Drivers/STM32F3xx_HAL_Driver/Src/stm32f3xx_hal_gpio.c ****   assert_param(IS_GPIO_MODE(GPIO_Init->Mode));
 198:Drivers/STM32F3xx_HAL_Driver/Src/stm32f3xx_hal_gpio.c ****   assert_param(IS_GPIO_PULL(GPIO_Init->Pull));
 199:Drivers/STM32F3xx_HAL_Driver/Src/stm32f3xx_hal_gpio.c **** 
 200:Drivers/STM32F3xx_HAL_Driver/Src/stm32f3xx_hal_gpio.c ****   /* Configure the port pins */
 201:Drivers/STM32F3xx_HAL_Driver/Src/stm32f3xx_hal_gpio.c ****   while (((GPIO_Init->Pin) >> position) != RESET)
  47              		.loc 1 201 0
  48 0006 36E0     		b	.L2
  49              	.LVL2:
  50              	.L21:
 202:Drivers/STM32F3xx_HAL_Driver/Src/stm32f3xx_hal_gpio.c ****   {
 203:Drivers/STM32F3xx_HAL_Driver/Src/stm32f3xx_hal_gpio.c ****     /* Get current io position */
 204:Drivers/STM32F3xx_HAL_Driver/Src/stm32f3xx_hal_gpio.c ****     iocurrent = (GPIO_Init->Pin) & (1U << position);
 205:Drivers/STM32F3xx_HAL_Driver/Src/stm32f3xx_hal_gpio.c **** 
 206:Drivers/STM32F3xx_HAL_Driver/Src/stm32f3xx_hal_gpio.c ****     if(iocurrent)
 207:Drivers/STM32F3xx_HAL_Driver/Src/stm32f3xx_hal_gpio.c ****     {
 208:Drivers/STM32F3xx_HAL_Driver/Src/stm32f3xx_hal_gpio.c ****       /*--------------------- GPIO Mode Configuration ------------------------*/
 209:Drivers/STM32F3xx_HAL_Driver/Src/stm32f3xx_hal_gpio.c ****       /* In case of Alternate function mode selection */
 210:Drivers/STM32F3xx_HAL_Driver/Src/stm32f3xx_hal_gpio.c ****       if((GPIO_Init->Mode == GPIO_MODE_AF_PP) || (GPIO_Init->Mode == GPIO_MODE_AF_OD))
 211:Drivers/STM32F3xx_HAL_Driver/Src/stm32f3xx_hal_gpio.c ****       {
 212:Drivers/STM32F3xx_HAL_Driver/Src/stm32f3xx_hal_gpio.c ****         /* Check the Alternate function parameters */
 213:Drivers/STM32F3xx_HAL_Driver/Src/stm32f3xx_hal_gpio.c ****         assert_param(IS_GPIO_AF_INSTANCE(GPIOx));
 214:Drivers/STM32F3xx_HAL_Driver/Src/stm32f3xx_hal_gpio.c ****         assert_param(IS_GPIO_AF(GPIO_Init->Alternate));
 215:Drivers/STM32F3xx_HAL_Driver/Src/stm32f3xx_hal_gpio.c ****         
 216:Drivers/STM32F3xx_HAL_Driver/Src/stm32f3xx_hal_gpio.c ****         /* Configure Alternate function mapped with the current IO */
 217:Drivers/STM32F3xx_HAL_Driver/Src/stm32f3xx_hal_gpio.c ****         temp = GPIOx->AFR[position >> 3];
 218:Drivers/STM32F3xx_HAL_Driver/Src/stm32f3xx_hal_gpio.c ****         temp &= ~(0xFU << ((uint32_t)(position & 0x07U) * 4U)) ;
 219:Drivers/STM32F3xx_HAL_Driver/Src/stm32f3xx_hal_gpio.c ****         temp |= ((uint32_t)(GPIO_Init->Alternate) << (((uint32_t)position & 0x07U) * 4U));
 220:Drivers/STM32F3xx_HAL_Driver/Src/stm32f3xx_hal_gpio.c ****         GPIOx->AFR[position >> 3] = temp;
 221:Drivers/STM32F3xx_HAL_Driver/Src/stm32f3xx_hal_gpio.c ****       }
 222:Drivers/STM32F3xx_HAL_Driver/Src/stm32f3xx_hal_gpio.c **** 
 223:Drivers/STM32F3xx_HAL_Driver/Src/stm32f3xx_hal_gpio.c ****       /* Configure IO Direction mode (Input, Output, Alternate or Analog) */
 224:Drivers/STM32F3xx_HAL_Driver/Src/stm32f3xx_hal_gpio.c ****       temp = GPIOx->MODER;
 225:Drivers/STM32F3xx_HAL_Driver/Src/stm32f3xx_hal_gpio.c ****       temp &= ~(GPIO_MODER_MODER0 << (position * 2U));
 226:Drivers/STM32F3xx_HAL_Driver/Src/stm32f3xx_hal_gpio.c ****       temp |= ((GPIO_Init->Mode & GPIO_MODE) << (position * 2U));
 227:Drivers/STM32F3xx_HAL_Driver/Src/stm32f3xx_hal_gpio.c ****       GPIOx->MODER = temp;
 228:Drivers/STM32F3xx_HAL_Driver/Src/stm32f3xx_hal_gpio.c **** 
 229:Drivers/STM32F3xx_HAL_Driver/Src/stm32f3xx_hal_gpio.c ****       /* In case of Output or Alternate function mode selection */
 230:Drivers/STM32F3xx_HAL_Driver/Src/stm32f3xx_hal_gpio.c ****       if((GPIO_Init->Mode == GPIO_MODE_OUTPUT_PP) || (GPIO_Init->Mode == GPIO_MODE_AF_PP) ||
 231:Drivers/STM32F3xx_HAL_Driver/Src/stm32f3xx_hal_gpio.c ****          (GPIO_Init->Mode == GPIO_MODE_OUTPUT_OD) || (GPIO_Init->Mode == GPIO_MODE_AF_OD))
 232:Drivers/STM32F3xx_HAL_Driver/Src/stm32f3xx_hal_gpio.c ****       {
 233:Drivers/STM32F3xx_HAL_Driver/Src/stm32f3xx_hal_gpio.c ****         /* Check the Speed parameter */
 234:Drivers/STM32F3xx_HAL_Driver/Src/stm32f3xx_hal_gpio.c ****         assert_param(IS_GPIO_SPEED(GPIO_Init->Speed));
 235:Drivers/STM32F3xx_HAL_Driver/Src/stm32f3xx_hal_gpio.c ****         /* Configure the IO Speed */
 236:Drivers/STM32F3xx_HAL_Driver/Src/stm32f3xx_hal_gpio.c ****         temp = GPIOx->OSPEEDR;
ARM GAS  C:\Users\acw\AppData\Local\Temp\ccqFSWtL.s 			page 6


 237:Drivers/STM32F3xx_HAL_Driver/Src/stm32f3xx_hal_gpio.c ****         temp &= ~(GPIO_OSPEEDER_OSPEEDR0 << (position * 2U));
 238:Drivers/STM32F3xx_HAL_Driver/Src/stm32f3xx_hal_gpio.c ****         temp |= (GPIO_Init->Speed << (position * 2U));
 239:Drivers/STM32F3xx_HAL_Driver/Src/stm32f3xx_hal_gpio.c ****         GPIOx->OSPEEDR = temp;
 240:Drivers/STM32F3xx_HAL_Driver/Src/stm32f3xx_hal_gpio.c **** 
 241:Drivers/STM32F3xx_HAL_Driver/Src/stm32f3xx_hal_gpio.c ****         /* Configure the IO Output Type */
 242:Drivers/STM32F3xx_HAL_Driver/Src/stm32f3xx_hal_gpio.c ****         temp = GPIOx->OTYPER;
 243:Drivers/STM32F3xx_HAL_Driver/Src/stm32f3xx_hal_gpio.c ****         temp &= ~(GPIO_OTYPER_OT_0 << position) ;
 244:Drivers/STM32F3xx_HAL_Driver/Src/stm32f3xx_hal_gpio.c ****         temp |= (((GPIO_Init->Mode & GPIO_OUTPUT_TYPE) >> 4U) << position);
 245:Drivers/STM32F3xx_HAL_Driver/Src/stm32f3xx_hal_gpio.c ****         GPIOx->OTYPER = temp;
 246:Drivers/STM32F3xx_HAL_Driver/Src/stm32f3xx_hal_gpio.c ****       }
 247:Drivers/STM32F3xx_HAL_Driver/Src/stm32f3xx_hal_gpio.c **** 
 248:Drivers/STM32F3xx_HAL_Driver/Src/stm32f3xx_hal_gpio.c ****       /* Activate the Pull-up or Pull down resistor for the current IO */
 249:Drivers/STM32F3xx_HAL_Driver/Src/stm32f3xx_hal_gpio.c ****       temp = GPIOx->PUPDR;
 250:Drivers/STM32F3xx_HAL_Driver/Src/stm32f3xx_hal_gpio.c ****       temp &= ~(GPIO_PUPDR_PUPDR0 << (position * 2U));
 251:Drivers/STM32F3xx_HAL_Driver/Src/stm32f3xx_hal_gpio.c ****       temp |= ((GPIO_Init->Pull) << (position * 2U));
 252:Drivers/STM32F3xx_HAL_Driver/Src/stm32f3xx_hal_gpio.c ****       GPIOx->PUPDR = temp;
 253:Drivers/STM32F3xx_HAL_Driver/Src/stm32f3xx_hal_gpio.c **** 
 254:Drivers/STM32F3xx_HAL_Driver/Src/stm32f3xx_hal_gpio.c ****       /*--------------------- EXTI Mode Configuration ------------------------*/
 255:Drivers/STM32F3xx_HAL_Driver/Src/stm32f3xx_hal_gpio.c ****       /* Configure the External Interrupt or event for the current IO */
 256:Drivers/STM32F3xx_HAL_Driver/Src/stm32f3xx_hal_gpio.c ****       if((GPIO_Init->Mode & EXTI_MODE) == EXTI_MODE)
 257:Drivers/STM32F3xx_HAL_Driver/Src/stm32f3xx_hal_gpio.c ****       {
 258:Drivers/STM32F3xx_HAL_Driver/Src/stm32f3xx_hal_gpio.c ****         /* Enable SYSCFG Clock */
 259:Drivers/STM32F3xx_HAL_Driver/Src/stm32f3xx_hal_gpio.c ****         __HAL_RCC_SYSCFG_CLK_ENABLE();
 260:Drivers/STM32F3xx_HAL_Driver/Src/stm32f3xx_hal_gpio.c **** 
 261:Drivers/STM32F3xx_HAL_Driver/Src/stm32f3xx_hal_gpio.c ****         temp = SYSCFG->EXTICR[position >> 2];
 262:Drivers/STM32F3xx_HAL_Driver/Src/stm32f3xx_hal_gpio.c ****         temp &= ~((0x0FU) << (4U * (position & 0x03U)));
 263:Drivers/STM32F3xx_HAL_Driver/Src/stm32f3xx_hal_gpio.c ****         temp |= (GPIO_GET_INDEX(GPIOx) << (4U * (position & 0x03U)));
  51              		.loc 1 263 0
  52 0008 0424     		movs	r4, #4
  53 000a 00E0     		b	.L8
  54              	.L14:
  55 000c 0024     		movs	r4, #0
  56              	.L8:
  57              		.loc 1 263 0 is_stmt 0 discriminator 20
  58 000e B440     		lsls	r4, r4, r6
  59 0010 3C43     		orrs	r4, r4, r7
  60              	.LVL3:
 264:Drivers/STM32F3xx_HAL_Driver/Src/stm32f3xx_hal_gpio.c ****         SYSCFG->EXTICR[position >> 2] = temp;
  61              		.loc 1 264 0 is_stmt 1 discriminator 20
  62 0012 0235     		adds	r5, r5, #2
  63 0014 5B4E     		ldr	r6, .L22
  64 0016 46F82540 		str	r4, [r6, r5, lsl #2]
 265:Drivers/STM32F3xx_HAL_Driver/Src/stm32f3xx_hal_gpio.c **** 
 266:Drivers/STM32F3xx_HAL_Driver/Src/stm32f3xx_hal_gpio.c ****         /* Clear EXTI line configuration */
 267:Drivers/STM32F3xx_HAL_Driver/Src/stm32f3xx_hal_gpio.c ****         temp = EXTI->IMR;
  65              		.loc 1 267 0 discriminator 20
  66 001a 5B4C     		ldr	r4, .L22+4
  67              	.LVL4:
  68 001c 2568     		ldr	r5, [r4]
  69              	.LVL5:
 268:Drivers/STM32F3xx_HAL_Driver/Src/stm32f3xx_hal_gpio.c ****         temp &= ~((uint32_t)iocurrent);
  70              		.loc 1 268 0 discriminator 20
  71 001e D443     		mvns	r4, r2
  72 0020 04EA0506 		and	r6, r4, r5
  73              	.LVL6:
 269:Drivers/STM32F3xx_HAL_Driver/Src/stm32f3xx_hal_gpio.c ****         if((GPIO_Init->Mode & GPIO_MODE_IT) == GPIO_MODE_IT)
  74              		.loc 1 269 0 discriminator 20
ARM GAS  C:\Users\acw\AppData\Local\Temp\ccqFSWtL.s 			page 7


  75 0024 4F68     		ldr	r7, [r1, #4]
  76 0026 17F4803F 		tst	r7, #65536
  77 002a 01D0     		beq	.L9
 270:Drivers/STM32F3xx_HAL_Driver/Src/stm32f3xx_hal_gpio.c ****         {
 271:Drivers/STM32F3xx_HAL_Driver/Src/stm32f3xx_hal_gpio.c ****           temp |= iocurrent;
  78              		.loc 1 271 0
  79 002c 42EA0506 		orr	r6, r2, r5
  80              	.LVL7:
  81              	.L9:
 272:Drivers/STM32F3xx_HAL_Driver/Src/stm32f3xx_hal_gpio.c ****         }
 273:Drivers/STM32F3xx_HAL_Driver/Src/stm32f3xx_hal_gpio.c ****         EXTI->IMR = temp;
  82              		.loc 1 273 0
  83 0030 554D     		ldr	r5, .L22+4
  84 0032 2E60     		str	r6, [r5]
 274:Drivers/STM32F3xx_HAL_Driver/Src/stm32f3xx_hal_gpio.c **** 
 275:Drivers/STM32F3xx_HAL_Driver/Src/stm32f3xx_hal_gpio.c ****         temp = EXTI->EMR;
  85              		.loc 1 275 0
  86 0034 6D68     		ldr	r5, [r5, #4]
  87              	.LVL8:
 276:Drivers/STM32F3xx_HAL_Driver/Src/stm32f3xx_hal_gpio.c ****         temp &= ~((uint32_t)iocurrent);
  88              		.loc 1 276 0
  89 0036 04EA0506 		and	r6, r4, r5
  90              	.LVL9:
 277:Drivers/STM32F3xx_HAL_Driver/Src/stm32f3xx_hal_gpio.c ****         if((GPIO_Init->Mode & GPIO_MODE_EVT) == GPIO_MODE_EVT)
  91              		.loc 1 277 0
  92 003a 4F68     		ldr	r7, [r1, #4]
  93 003c 17F4003F 		tst	r7, #131072
  94 0040 01D0     		beq	.L10
 278:Drivers/STM32F3xx_HAL_Driver/Src/stm32f3xx_hal_gpio.c ****         {
 279:Drivers/STM32F3xx_HAL_Driver/Src/stm32f3xx_hal_gpio.c ****           temp |= iocurrent;
  95              		.loc 1 279 0
  96 0042 42EA0506 		orr	r6, r2, r5
  97              	.LVL10:
  98              	.L10:
 280:Drivers/STM32F3xx_HAL_Driver/Src/stm32f3xx_hal_gpio.c ****         }
 281:Drivers/STM32F3xx_HAL_Driver/Src/stm32f3xx_hal_gpio.c ****         EXTI->EMR = temp;
  99              		.loc 1 281 0
 100 0046 504D     		ldr	r5, .L22+4
 101 0048 6E60     		str	r6, [r5, #4]
 282:Drivers/STM32F3xx_HAL_Driver/Src/stm32f3xx_hal_gpio.c **** 
 283:Drivers/STM32F3xx_HAL_Driver/Src/stm32f3xx_hal_gpio.c ****         /* Clear Rising Falling edge configuration */
 284:Drivers/STM32F3xx_HAL_Driver/Src/stm32f3xx_hal_gpio.c ****         temp = EXTI->RTSR;
 102              		.loc 1 284 0
 103 004a AD68     		ldr	r5, [r5, #8]
 104              	.LVL11:
 285:Drivers/STM32F3xx_HAL_Driver/Src/stm32f3xx_hal_gpio.c ****         temp &= ~((uint32_t)iocurrent);
 105              		.loc 1 285 0
 106 004c 04EA0506 		and	r6, r4, r5
 107              	.LVL12:
 286:Drivers/STM32F3xx_HAL_Driver/Src/stm32f3xx_hal_gpio.c ****         if((GPIO_Init->Mode & RISING_EDGE) == RISING_EDGE)
 108              		.loc 1 286 0
 109 0050 4F68     		ldr	r7, [r1, #4]
 110 0052 17F4801F 		tst	r7, #1048576
 111 0056 01D0     		beq	.L11
 287:Drivers/STM32F3xx_HAL_Driver/Src/stm32f3xx_hal_gpio.c ****         {
 288:Drivers/STM32F3xx_HAL_Driver/Src/stm32f3xx_hal_gpio.c ****           temp |= iocurrent;
 112              		.loc 1 288 0
ARM GAS  C:\Users\acw\AppData\Local\Temp\ccqFSWtL.s 			page 8


 113 0058 42EA0506 		orr	r6, r2, r5
 114              	.LVL13:
 115              	.L11:
 289:Drivers/STM32F3xx_HAL_Driver/Src/stm32f3xx_hal_gpio.c ****         }
 290:Drivers/STM32F3xx_HAL_Driver/Src/stm32f3xx_hal_gpio.c ****         EXTI->RTSR = temp;
 116              		.loc 1 290 0
 117 005c 4A4D     		ldr	r5, .L22+4
 118 005e AE60     		str	r6, [r5, #8]
 291:Drivers/STM32F3xx_HAL_Driver/Src/stm32f3xx_hal_gpio.c **** 
 292:Drivers/STM32F3xx_HAL_Driver/Src/stm32f3xx_hal_gpio.c ****         temp = EXTI->FTSR;
 119              		.loc 1 292 0
 120 0060 ED68     		ldr	r5, [r5, #12]
 121              	.LVL14:
 293:Drivers/STM32F3xx_HAL_Driver/Src/stm32f3xx_hal_gpio.c ****         temp &= ~((uint32_t)iocurrent);
 122              		.loc 1 293 0
 123 0062 2C40     		ands	r4, r4, r5
 124              	.LVL15:
 294:Drivers/STM32F3xx_HAL_Driver/Src/stm32f3xx_hal_gpio.c ****         if((GPIO_Init->Mode & FALLING_EDGE) == FALLING_EDGE)
 125              		.loc 1 294 0
 126 0064 4E68     		ldr	r6, [r1, #4]
 127 0066 16F4001F 		tst	r6, #2097152
 128 006a 01D0     		beq	.L12
 295:Drivers/STM32F3xx_HAL_Driver/Src/stm32f3xx_hal_gpio.c ****         {
 296:Drivers/STM32F3xx_HAL_Driver/Src/stm32f3xx_hal_gpio.c ****           temp |= iocurrent;
 129              		.loc 1 296 0
 130 006c 42EA0504 		orr	r4, r2, r5
 131              	.LVL16:
 132              	.L12:
 297:Drivers/STM32F3xx_HAL_Driver/Src/stm32f3xx_hal_gpio.c ****         }
 298:Drivers/STM32F3xx_HAL_Driver/Src/stm32f3xx_hal_gpio.c ****         EXTI->FTSR = temp;
 133              		.loc 1 298 0
 134 0070 454A     		ldr	r2, .L22+4
 135              	.LVL17:
 136 0072 D460     		str	r4, [r2, #12]
 137              	.LVL18:
 138              	.L3:
 299:Drivers/STM32F3xx_HAL_Driver/Src/stm32f3xx_hal_gpio.c ****       }
 300:Drivers/STM32F3xx_HAL_Driver/Src/stm32f3xx_hal_gpio.c ****     }
 301:Drivers/STM32F3xx_HAL_Driver/Src/stm32f3xx_hal_gpio.c ****     
 302:Drivers/STM32F3xx_HAL_Driver/Src/stm32f3xx_hal_gpio.c ****     position++;
 139              		.loc 1 302 0
 140 0074 0133     		adds	r3, r3, #1
 141              	.LVL19:
 142              	.L2:
 201:Drivers/STM32F3xx_HAL_Driver/Src/stm32f3xx_hal_gpio.c ****   {
 143              		.loc 1 201 0
 144 0076 0A68     		ldr	r2, [r1]
 145 0078 32FA03F4 		lsrs	r4, r2, r3
 146 007c 7ED0     		beq	.L20
 204:Drivers/STM32F3xx_HAL_Driver/Src/stm32f3xx_hal_gpio.c **** 
 147              		.loc 1 204 0
 148 007e 0124     		movs	r4, #1
 149 0080 9C40     		lsls	r4, r4, r3
 150              	.LVL20:
 206:Drivers/STM32F3xx_HAL_Driver/Src/stm32f3xx_hal_gpio.c ****     {
 151              		.loc 1 206 0
 152 0082 2240     		ands	r2, r4, r2
ARM GAS  C:\Users\acw\AppData\Local\Temp\ccqFSWtL.s 			page 9


 153              	.LVL21:
 154 0084 F6D0     		beq	.L3
 210:Drivers/STM32F3xx_HAL_Driver/Src/stm32f3xx_hal_gpio.c ****       {
 155              		.loc 1 210 0
 156 0086 4D68     		ldr	r5, [r1, #4]
 157 0088 022D     		cmp	r5, #2
 158 008a 01D0     		beq	.L4
 210:Drivers/STM32F3xx_HAL_Driver/Src/stm32f3xx_hal_gpio.c ****       {
 159              		.loc 1 210 0 is_stmt 0 discriminator 1
 160 008c 122D     		cmp	r5, #18
 161 008e 10D1     		bne	.L5
 162              	.L4:
 217:Drivers/STM32F3xx_HAL_Driver/Src/stm32f3xx_hal_gpio.c ****         temp &= ~(0xFU << ((uint32_t)(position & 0x07U) * 4U)) ;
 163              		.loc 1 217 0 is_stmt 1
 164 0090 DE08     		lsrs	r6, r3, #3
 165 0092 0836     		adds	r6, r6, #8
 166 0094 50F826C0 		ldr	ip, [r0, r6, lsl #2]
 167              	.LVL22:
 218:Drivers/STM32F3xx_HAL_Driver/Src/stm32f3xx_hal_gpio.c ****         temp |= ((uint32_t)(GPIO_Init->Alternate) << (((uint32_t)position & 0x07U) * 4U));
 168              		.loc 1 218 0
 169 0098 03F00705 		and	r5, r3, #7
 170 009c AF00     		lsls	r7, r5, #2
 171 009e 0F25     		movs	r5, #15
 172 00a0 BD40     		lsls	r5, r5, r7
 173 00a2 2CEA050C 		bic	ip, ip, r5
 174              	.LVL23:
 219:Drivers/STM32F3xx_HAL_Driver/Src/stm32f3xx_hal_gpio.c ****         GPIOx->AFR[position >> 3] = temp;
 175              		.loc 1 219 0
 176 00a6 0D69     		ldr	r5, [r1, #16]
 177 00a8 BD40     		lsls	r5, r5, r7
 178 00aa 45EA0C05 		orr	r5, r5, ip
 179              	.LVL24:
 220:Drivers/STM32F3xx_HAL_Driver/Src/stm32f3xx_hal_gpio.c ****       }
 180              		.loc 1 220 0
 181 00ae 40F82650 		str	r5, [r0, r6, lsl #2]
 182              	.LVL25:
 183              	.L5:
 224:Drivers/STM32F3xx_HAL_Driver/Src/stm32f3xx_hal_gpio.c ****       temp &= ~(GPIO_MODER_MODER0 << (position * 2U));
 184              		.loc 1 224 0
 185 00b2 0668     		ldr	r6, [r0]
 186              	.LVL26:
 225:Drivers/STM32F3xx_HAL_Driver/Src/stm32f3xx_hal_gpio.c ****       temp |= ((GPIO_Init->Mode & GPIO_MODE) << (position * 2U));
 187              		.loc 1 225 0
 188 00b4 5F00     		lsls	r7, r3, #1
 189 00b6 0325     		movs	r5, #3
 190 00b8 BD40     		lsls	r5, r5, r7
 191 00ba ED43     		mvns	r5, r5
 192 00bc 05EA060C 		and	ip, r5, r6
 193              	.LVL27:
 226:Drivers/STM32F3xx_HAL_Driver/Src/stm32f3xx_hal_gpio.c ****       GPIOx->MODER = temp;
 194              		.loc 1 226 0
 195 00c0 4E68     		ldr	r6, [r1, #4]
 196 00c2 06F00306 		and	r6, r6, #3
 197 00c6 BE40     		lsls	r6, r6, r7
 198 00c8 46EA0C06 		orr	r6, r6, ip
 199              	.LVL28:
 227:Drivers/STM32F3xx_HAL_Driver/Src/stm32f3xx_hal_gpio.c **** 
ARM GAS  C:\Users\acw\AppData\Local\Temp\ccqFSWtL.s 			page 10


 200              		.loc 1 227 0
 201 00cc 0660     		str	r6, [r0]
 230:Drivers/STM32F3xx_HAL_Driver/Src/stm32f3xx_hal_gpio.c ****          (GPIO_Init->Mode == GPIO_MODE_OUTPUT_OD) || (GPIO_Init->Mode == GPIO_MODE_AF_OD))
 202              		.loc 1 230 0
 203 00ce 4E68     		ldr	r6, [r1, #4]
 204              	.LVL29:
 205 00d0 06F1FF3C 		add	ip, r6, #-1
 206 00d4 BCF1010F 		cmp	ip, #1
 207 00d8 03D9     		bls	.L6
 230:Drivers/STM32F3xx_HAL_Driver/Src/stm32f3xx_hal_gpio.c ****          (GPIO_Init->Mode == GPIO_MODE_OUTPUT_OD) || (GPIO_Init->Mode == GPIO_MODE_AF_OD))
 208              		.loc 1 230 0 is_stmt 0 discriminator 1
 209 00da 112E     		cmp	r6, #17
 210 00dc 01D0     		beq	.L6
 231:Drivers/STM32F3xx_HAL_Driver/Src/stm32f3xx_hal_gpio.c ****       {
 211              		.loc 1 231 0 is_stmt 1
 212 00de 122E     		cmp	r6, #18
 213 00e0 10D1     		bne	.L7
 214              	.L6:
 236:Drivers/STM32F3xx_HAL_Driver/Src/stm32f3xx_hal_gpio.c ****         temp &= ~(GPIO_OSPEEDER_OSPEEDR0 << (position * 2U));
 215              		.loc 1 236 0
 216 00e2 8668     		ldr	r6, [r0, #8]
 217              	.LVL30:
 237:Drivers/STM32F3xx_HAL_Driver/Src/stm32f3xx_hal_gpio.c ****         temp |= (GPIO_Init->Speed << (position * 2U));
 218              		.loc 1 237 0
 219 00e4 05EA060C 		and	ip, r5, r6
 220              	.LVL31:
 238:Drivers/STM32F3xx_HAL_Driver/Src/stm32f3xx_hal_gpio.c ****         GPIOx->OSPEEDR = temp;
 221              		.loc 1 238 0
 222 00e8 CE68     		ldr	r6, [r1, #12]
 223 00ea BE40     		lsls	r6, r6, r7
 224 00ec 46EA0C06 		orr	r6, r6, ip
 225              	.LVL32:
 239:Drivers/STM32F3xx_HAL_Driver/Src/stm32f3xx_hal_gpio.c **** 
 226              		.loc 1 239 0
 227 00f0 8660     		str	r6, [r0, #8]
 242:Drivers/STM32F3xx_HAL_Driver/Src/stm32f3xx_hal_gpio.c ****         temp &= ~(GPIO_OTYPER_OT_0 << position) ;
 228              		.loc 1 242 0
 229 00f2 4668     		ldr	r6, [r0, #4]
 230              	.LVL33:
 243:Drivers/STM32F3xx_HAL_Driver/Src/stm32f3xx_hal_gpio.c ****         temp |= (((GPIO_Init->Mode & GPIO_OUTPUT_TYPE) >> 4U) << position);
 231              		.loc 1 243 0
 232 00f4 26EA0404 		bic	r4, r6, r4
 233              	.LVL34:
 244:Drivers/STM32F3xx_HAL_Driver/Src/stm32f3xx_hal_gpio.c ****         GPIOx->OTYPER = temp;
 234              		.loc 1 244 0
 235 00f8 4E68     		ldr	r6, [r1, #4]
 236 00fa C6F30016 		ubfx	r6, r6, #4, #1
 237 00fe 9E40     		lsls	r6, r6, r3
 238 0100 2643     		orrs	r6, r6, r4
 239              	.LVL35:
 245:Drivers/STM32F3xx_HAL_Driver/Src/stm32f3xx_hal_gpio.c ****       }
 240              		.loc 1 245 0
 241 0102 4660     		str	r6, [r0, #4]
 242              	.LVL36:
 243              	.L7:
 249:Drivers/STM32F3xx_HAL_Driver/Src/stm32f3xx_hal_gpio.c ****       temp &= ~(GPIO_PUPDR_PUPDR0 << (position * 2U));
 244              		.loc 1 249 0
ARM GAS  C:\Users\acw\AppData\Local\Temp\ccqFSWtL.s 			page 11


 245 0104 C468     		ldr	r4, [r0, #12]
 246              	.LVL37:
 250:Drivers/STM32F3xx_HAL_Driver/Src/stm32f3xx_hal_gpio.c ****       temp |= ((GPIO_Init->Pull) << (position * 2U));
 247              		.loc 1 250 0
 248 0106 2540     		ands	r5, r5, r4
 249              	.LVL38:
 251:Drivers/STM32F3xx_HAL_Driver/Src/stm32f3xx_hal_gpio.c ****       GPIOx->PUPDR = temp;
 250              		.loc 1 251 0
 251 0108 8C68     		ldr	r4, [r1, #8]
 252 010a BC40     		lsls	r4, r4, r7
 253 010c 2C43     		orrs	r4, r4, r5
 254              	.LVL39:
 252:Drivers/STM32F3xx_HAL_Driver/Src/stm32f3xx_hal_gpio.c **** 
 255              		.loc 1 252 0
 256 010e C460     		str	r4, [r0, #12]
 256:Drivers/STM32F3xx_HAL_Driver/Src/stm32f3xx_hal_gpio.c ****       {
 257              		.loc 1 256 0
 258 0110 4C68     		ldr	r4, [r1, #4]
 259              	.LVL40:
 260 0112 14F0805F 		tst	r4, #268435456
 261 0116 ADD0     		beq	.L3
 262              	.LBB2:
 259:Drivers/STM32F3xx_HAL_Driver/Src/stm32f3xx_hal_gpio.c **** 
 263              		.loc 1 259 0
 264 0118 1C4C     		ldr	r4, .L22+8
 265 011a A569     		ldr	r5, [r4, #24]
 266 011c 45F00105 		orr	r5, r5, #1
 267 0120 A561     		str	r5, [r4, #24]
 268              	.LVL41:
 269 0122 A469     		ldr	r4, [r4, #24]
 270 0124 04F00104 		and	r4, r4, #1
 271 0128 0194     		str	r4, [sp, #4]
 272 012a 019C     		ldr	r4, [sp, #4]
 273              	.LBE2:
 261:Drivers/STM32F3xx_HAL_Driver/Src/stm32f3xx_hal_gpio.c ****         temp &= ~((0x0FU) << (4U * (position & 0x03U)));
 274              		.loc 1 261 0
 275 012c 9D08     		lsrs	r5, r3, #2
 276 012e AE1C     		adds	r6, r5, #2
 277 0130 144C     		ldr	r4, .L22
 278 0132 54F82670 		ldr	r7, [r4, r6, lsl #2]
 279              	.LVL42:
 262:Drivers/STM32F3xx_HAL_Driver/Src/stm32f3xx_hal_gpio.c ****         temp |= (GPIO_GET_INDEX(GPIOx) << (4U * (position & 0x03U)));
 280              		.loc 1 262 0
 281 0136 03F00304 		and	r4, r3, #3
 282 013a A600     		lsls	r6, r4, #2
 283 013c 0F24     		movs	r4, #15
 284 013e B440     		lsls	r4, r4, r6
 285 0140 27EA0407 		bic	r7, r7, r4
 286              	.LVL43:
 263:Drivers/STM32F3xx_HAL_Driver/Src/stm32f3xx_hal_gpio.c ****         SYSCFG->EXTICR[position >> 2] = temp;
 287              		.loc 1 263 0
 288 0144 B0F1904F 		cmp	r0, #1207959552
 289 0148 3FF460AF 		beq	.L14
 263:Drivers/STM32F3xx_HAL_Driver/Src/stm32f3xx_hal_gpio.c ****         SYSCFG->EXTICR[position >> 2] = temp;
 290              		.loc 1 263 0 is_stmt 0 discriminator 1
 291 014c 104C     		ldr	r4, .L22+12
 292 014e A042     		cmp	r0, r4
ARM GAS  C:\Users\acw\AppData\Local\Temp\ccqFSWtL.s 			page 12


 293 0150 0ED0     		beq	.L15
 263:Drivers/STM32F3xx_HAL_Driver/Src/stm32f3xx_hal_gpio.c ****         SYSCFG->EXTICR[position >> 2] = temp;
 294              		.loc 1 263 0 discriminator 3
 295 0152 04F58064 		add	r4, r4, #1024
 296 0156 A042     		cmp	r0, r4
 297 0158 0CD0     		beq	.L16
 263:Drivers/STM32F3xx_HAL_Driver/Src/stm32f3xx_hal_gpio.c ****         SYSCFG->EXTICR[position >> 2] = temp;
 298              		.loc 1 263 0 discriminator 5
 299 015a 04F58064 		add	r4, r4, #1024
 300 015e A042     		cmp	r0, r4
 301 0160 0AD0     		beq	.L17
 263:Drivers/STM32F3xx_HAL_Driver/Src/stm32f3xx_hal_gpio.c ****         SYSCFG->EXTICR[position >> 2] = temp;
 302              		.loc 1 263 0 discriminator 7
 303 0162 04F58064 		add	r4, r4, #1024
 304 0166 A042     		cmp	r0, r4
 305 0168 3FF44EAF 		beq	.L21
 263:Drivers/STM32F3xx_HAL_Driver/Src/stm32f3xx_hal_gpio.c ****         SYSCFG->EXTICR[position >> 2] = temp;
 306              		.loc 1 263 0
 307 016c 0524     		movs	r4, #5
 308 016e 4EE7     		b	.L8
 309              	.L15:
 310 0170 0124     		movs	r4, #1
 311 0172 4CE7     		b	.L8
 312              	.L16:
 313 0174 0224     		movs	r4, #2
 314 0176 4AE7     		b	.L8
 315              	.L17:
 316 0178 0324     		movs	r4, #3
 317 017a 48E7     		b	.L8
 318              	.LVL44:
 319              	.L20:
 303:Drivers/STM32F3xx_HAL_Driver/Src/stm32f3xx_hal_gpio.c ****   }
 304:Drivers/STM32F3xx_HAL_Driver/Src/stm32f3xx_hal_gpio.c **** }
 320              		.loc 1 304 0 is_stmt 1
 321 017c 02B0     		add	sp, sp, #8
 322              	.LCFI2:
 323              		.cfi_def_cfa_offset 16
 324              		@ sp needed
 325 017e F0BC     		pop	{r4, r5, r6, r7}
 326              	.LCFI3:
 327              		.cfi_restore 7
 328              		.cfi_restore 6
 329              		.cfi_restore 5
 330              		.cfi_restore 4
 331              		.cfi_def_cfa_offset 0
 332 0180 7047     		bx	lr
 333              	.L23:
 334 0182 00BF     		.align	2
 335              	.L22:
 336 0184 00000140 		.word	1073807360
 337 0188 00040140 		.word	1073808384
 338 018c 00100240 		.word	1073876992
 339 0190 00040048 		.word	1207960576
 340              		.cfi_endproc
 341              	.LFE126:
 343              		.section	.text.HAL_GPIO_DeInit,"ax",%progbits
 344              		.align	1
ARM GAS  C:\Users\acw\AppData\Local\Temp\ccqFSWtL.s 			page 13


 345              		.global	HAL_GPIO_DeInit
 346              		.syntax unified
 347              		.thumb
 348              		.thumb_func
 349              		.fpu fpv4-sp-d16
 351              	HAL_GPIO_DeInit:
 352              	.LFB127:
 305:Drivers/STM32F3xx_HAL_Driver/Src/stm32f3xx_hal_gpio.c **** 
 306:Drivers/STM32F3xx_HAL_Driver/Src/stm32f3xx_hal_gpio.c **** /**
 307:Drivers/STM32F3xx_HAL_Driver/Src/stm32f3xx_hal_gpio.c ****   * @brief  De-initialize the GPIOx peripheral registers to their default reset values.
 308:Drivers/STM32F3xx_HAL_Driver/Src/stm32f3xx_hal_gpio.c ****   * @param  GPIOx where x can be (A..F) to select the GPIO peripheral for STM32F30X device or STM32
 309:Drivers/STM32F3xx_HAL_Driver/Src/stm32f3xx_hal_gpio.c ****   * @param  GPIO_Pin specifies the port bit to be written.
 310:Drivers/STM32F3xx_HAL_Driver/Src/stm32f3xx_hal_gpio.c ****   *         This parameter can be one of GPIO_PIN_x where x can be (0..15).
 311:Drivers/STM32F3xx_HAL_Driver/Src/stm32f3xx_hal_gpio.c ****   * @retval None
 312:Drivers/STM32F3xx_HAL_Driver/Src/stm32f3xx_hal_gpio.c ****   */
 313:Drivers/STM32F3xx_HAL_Driver/Src/stm32f3xx_hal_gpio.c **** void HAL_GPIO_DeInit(GPIO_TypeDef  *GPIOx, uint32_t GPIO_Pin)
 314:Drivers/STM32F3xx_HAL_Driver/Src/stm32f3xx_hal_gpio.c **** {
 353              		.loc 1 314 0
 354              		.cfi_startproc
 355              		@ args = 0, pretend = 0, frame = 0
 356              		@ frame_needed = 0, uses_anonymous_args = 0
 357              	.LVL45:
 315:Drivers/STM32F3xx_HAL_Driver/Src/stm32f3xx_hal_gpio.c ****   uint32_t position = 0x00U;
 358              		.loc 1 315 0
 359 0000 0023     		movs	r3, #0
 316:Drivers/STM32F3xx_HAL_Driver/Src/stm32f3xx_hal_gpio.c ****   uint32_t iocurrent = 0x00U;
 317:Drivers/STM32F3xx_HAL_Driver/Src/stm32f3xx_hal_gpio.c ****   uint32_t tmp = 0x00U;
 318:Drivers/STM32F3xx_HAL_Driver/Src/stm32f3xx_hal_gpio.c **** 
 319:Drivers/STM32F3xx_HAL_Driver/Src/stm32f3xx_hal_gpio.c ****   /* Check the parameters */
 320:Drivers/STM32F3xx_HAL_Driver/Src/stm32f3xx_hal_gpio.c ****   assert_param(IS_GPIO_ALL_INSTANCE(GPIOx));
 321:Drivers/STM32F3xx_HAL_Driver/Src/stm32f3xx_hal_gpio.c ****   assert_param(IS_GPIO_PIN(GPIO_Pin));
 322:Drivers/STM32F3xx_HAL_Driver/Src/stm32f3xx_hal_gpio.c **** 
 323:Drivers/STM32F3xx_HAL_Driver/Src/stm32f3xx_hal_gpio.c ****   /* Configure the port pins */
 324:Drivers/STM32F3xx_HAL_Driver/Src/stm32f3xx_hal_gpio.c ****   while ((GPIO_Pin >> position) != RESET)
 360              		.loc 1 324 0
 361 0002 70E0     		b	.L35
 362              	.LVL46:
 363              	.L42:
 364              	.LCFI4:
 365              		.cfi_def_cfa_offset 20
 366              		.cfi_offset 4, -20
 367              		.cfi_offset 5, -16
 368              		.cfi_offset 6, -12
 369              		.cfi_offset 7, -8
 370              		.cfi_offset 14, -4
 325:Drivers/STM32F3xx_HAL_Driver/Src/stm32f3xx_hal_gpio.c ****   {
 326:Drivers/STM32F3xx_HAL_Driver/Src/stm32f3xx_hal_gpio.c ****     /* Get current io position */
 327:Drivers/STM32F3xx_HAL_Driver/Src/stm32f3xx_hal_gpio.c ****     iocurrent = GPIO_Pin & (1U << position);
 328:Drivers/STM32F3xx_HAL_Driver/Src/stm32f3xx_hal_gpio.c **** 
 329:Drivers/STM32F3xx_HAL_Driver/Src/stm32f3xx_hal_gpio.c ****     if (iocurrent)
 330:Drivers/STM32F3xx_HAL_Driver/Src/stm32f3xx_hal_gpio.c ****     {
 331:Drivers/STM32F3xx_HAL_Driver/Src/stm32f3xx_hal_gpio.c ****       /*------------------------- GPIO Mode Configuration --------------------*/
 332:Drivers/STM32F3xx_HAL_Driver/Src/stm32f3xx_hal_gpio.c ****       /* Configure IO Direction in Input Floting Mode */
 333:Drivers/STM32F3xx_HAL_Driver/Src/stm32f3xx_hal_gpio.c ****       GPIOx->MODER &= ~(GPIO_MODER_MODER0 << (position * 2U));
 334:Drivers/STM32F3xx_HAL_Driver/Src/stm32f3xx_hal_gpio.c **** 
 335:Drivers/STM32F3xx_HAL_Driver/Src/stm32f3xx_hal_gpio.c ****       /* Configure the default Alternate Function in current IO */
 336:Drivers/STM32F3xx_HAL_Driver/Src/stm32f3xx_hal_gpio.c ****       GPIOx->AFR[position >> 3] &= ~(0xFU << ((uint32_t)(position & 0x07U) * 4U)) ;
ARM GAS  C:\Users\acw\AppData\Local\Temp\ccqFSWtL.s 			page 14


 337:Drivers/STM32F3xx_HAL_Driver/Src/stm32f3xx_hal_gpio.c **** 
 338:Drivers/STM32F3xx_HAL_Driver/Src/stm32f3xx_hal_gpio.c ****       /* Configure the default value for IO Speed */
 339:Drivers/STM32F3xx_HAL_Driver/Src/stm32f3xx_hal_gpio.c ****       GPIOx->OSPEEDR &= ~(GPIO_OSPEEDER_OSPEEDR0 << (position * 2U));
 340:Drivers/STM32F3xx_HAL_Driver/Src/stm32f3xx_hal_gpio.c **** 
 341:Drivers/STM32F3xx_HAL_Driver/Src/stm32f3xx_hal_gpio.c ****       /* Configure the default value IO Output Type */
 342:Drivers/STM32F3xx_HAL_Driver/Src/stm32f3xx_hal_gpio.c ****       GPIOx->OTYPER  &= ~(GPIO_OTYPER_OT_0 << position) ;
 343:Drivers/STM32F3xx_HAL_Driver/Src/stm32f3xx_hal_gpio.c **** 
 344:Drivers/STM32F3xx_HAL_Driver/Src/stm32f3xx_hal_gpio.c ****       /* Deactivate the Pull-up and Pull-down resistor for the current IO */
 345:Drivers/STM32F3xx_HAL_Driver/Src/stm32f3xx_hal_gpio.c ****       GPIOx->PUPDR &= ~(GPIO_PUPDR_PUPDR0 << (position * 2U));
 346:Drivers/STM32F3xx_HAL_Driver/Src/stm32f3xx_hal_gpio.c **** 
 347:Drivers/STM32F3xx_HAL_Driver/Src/stm32f3xx_hal_gpio.c ****   
 348:Drivers/STM32F3xx_HAL_Driver/Src/stm32f3xx_hal_gpio.c ****       /*------------------------- EXTI Mode Configuration --------------------*/
 349:Drivers/STM32F3xx_HAL_Driver/Src/stm32f3xx_hal_gpio.c ****       /* Clear the External Interrupt or Event for the current IO */
 350:Drivers/STM32F3xx_HAL_Driver/Src/stm32f3xx_hal_gpio.c ****       
 351:Drivers/STM32F3xx_HAL_Driver/Src/stm32f3xx_hal_gpio.c ****       tmp = SYSCFG->EXTICR[position >> 2];
 352:Drivers/STM32F3xx_HAL_Driver/Src/stm32f3xx_hal_gpio.c ****       tmp &= ((0x0FU) << (4U * (position & 0x03U)));
 353:Drivers/STM32F3xx_HAL_Driver/Src/stm32f3xx_hal_gpio.c ****       if(tmp == (GPIO_GET_INDEX(GPIOx) << (4U * (position & 0x03U))))
 371              		.loc 1 353 0
 372 0004 0425     		movs	r5, #4
 373 0006 00E0     		b	.L27
 374              	.L29:
 375 0008 0025     		movs	r5, #0
 376              	.L27:
 377              		.loc 1 353 0 is_stmt 0 discriminator 20
 378 000a 05FA02F2 		lsl	r2, r5, r2
 379 000e A242     		cmp	r2, r4
 380 0010 4BD0     		beq	.L40
 381              	.LVL47:
 382              	.L26:
 354:Drivers/STM32F3xx_HAL_Driver/Src/stm32f3xx_hal_gpio.c ****       {
 355:Drivers/STM32F3xx_HAL_Driver/Src/stm32f3xx_hal_gpio.c ****         tmp = (0x0FU) << (4U * (position & 0x03U));
 356:Drivers/STM32F3xx_HAL_Driver/Src/stm32f3xx_hal_gpio.c ****         SYSCFG->EXTICR[position >> 2] &= ~tmp;
 357:Drivers/STM32F3xx_HAL_Driver/Src/stm32f3xx_hal_gpio.c **** 
 358:Drivers/STM32F3xx_HAL_Driver/Src/stm32f3xx_hal_gpio.c ****         /* Clear EXTI line configuration */
 359:Drivers/STM32F3xx_HAL_Driver/Src/stm32f3xx_hal_gpio.c ****         EXTI->IMR &= ~((uint32_t)iocurrent);
 360:Drivers/STM32F3xx_HAL_Driver/Src/stm32f3xx_hal_gpio.c ****         EXTI->EMR &= ~((uint32_t)iocurrent);
 361:Drivers/STM32F3xx_HAL_Driver/Src/stm32f3xx_hal_gpio.c **** 
 362:Drivers/STM32F3xx_HAL_Driver/Src/stm32f3xx_hal_gpio.c ****         /* Clear Rising Falling edge configuration */
 363:Drivers/STM32F3xx_HAL_Driver/Src/stm32f3xx_hal_gpio.c ****         EXTI->RTSR &= ~((uint32_t)iocurrent);
 364:Drivers/STM32F3xx_HAL_Driver/Src/stm32f3xx_hal_gpio.c ****         EXTI->FTSR &= ~((uint32_t)iocurrent);
 365:Drivers/STM32F3xx_HAL_Driver/Src/stm32f3xx_hal_gpio.c ****       }
 366:Drivers/STM32F3xx_HAL_Driver/Src/stm32f3xx_hal_gpio.c ****     }
 367:Drivers/STM32F3xx_HAL_Driver/Src/stm32f3xx_hal_gpio.c ****     
 368:Drivers/STM32F3xx_HAL_Driver/Src/stm32f3xx_hal_gpio.c ****     position++;
 383              		.loc 1 368 0 is_stmt 1
 384 0012 0133     		adds	r3, r3, #1
 385              	.LVL48:
 324:Drivers/STM32F3xx_HAL_Driver/Src/stm32f3xx_hal_gpio.c ****   {
 386              		.loc 1 324 0
 387 0014 31FA03F2 		lsrs	r2, r1, r3
 388 0018 63D0     		beq	.L41
 327:Drivers/STM32F3xx_HAL_Driver/Src/stm32f3xx_hal_gpio.c **** 
 389              		.loc 1 327 0
 390 001a 0122     		movs	r2, #1
 391 001c 9A40     		lsls	r2, r2, r3
 392              	.LVL49:
 329:Drivers/STM32F3xx_HAL_Driver/Src/stm32f3xx_hal_gpio.c ****     {
ARM GAS  C:\Users\acw\AppData\Local\Temp\ccqFSWtL.s 			page 15


 393              		.loc 1 329 0
 394 001e 12EA010C 		ands	ip, r2, r1
 395              	.LVL50:
 396 0022 F6D0     		beq	.L26
 397              	.L36:
 333:Drivers/STM32F3xx_HAL_Driver/Src/stm32f3xx_hal_gpio.c **** 
 398              		.loc 1 333 0
 399 0024 0568     		ldr	r5, [r0]
 400 0026 5E00     		lsls	r6, r3, #1
 401 0028 0324     		movs	r4, #3
 402 002a B440     		lsls	r4, r4, r6
 403 002c E443     		mvns	r4, r4
 404 002e 2540     		ands	r5, r5, r4
 405 0030 0560     		str	r5, [r0]
 336:Drivers/STM32F3xx_HAL_Driver/Src/stm32f3xx_hal_gpio.c **** 
 406              		.loc 1 336 0
 407 0032 DF08     		lsrs	r7, r3, #3
 408 0034 0837     		adds	r7, r7, #8
 409 0036 50F827E0 		ldr	lr, [r0, r7, lsl #2]
 410 003a 03F00705 		and	r5, r3, #7
 411 003e AD00     		lsls	r5, r5, #2
 412 0040 0F26     		movs	r6, #15
 413 0042 06FA05F5 		lsl	r5, r6, r5
 414 0046 2EEA0505 		bic	r5, lr, r5
 415 004a 40F82750 		str	r5, [r0, r7, lsl #2]
 339:Drivers/STM32F3xx_HAL_Driver/Src/stm32f3xx_hal_gpio.c **** 
 416              		.loc 1 339 0
 417 004e 8568     		ldr	r5, [r0, #8]
 418 0050 2540     		ands	r5, r5, r4
 419 0052 8560     		str	r5, [r0, #8]
 342:Drivers/STM32F3xx_HAL_Driver/Src/stm32f3xx_hal_gpio.c **** 
 420              		.loc 1 342 0
 421 0054 4568     		ldr	r5, [r0, #4]
 422 0056 25EA0202 		bic	r2, r5, r2
 423 005a 4260     		str	r2, [r0, #4]
 345:Drivers/STM32F3xx_HAL_Driver/Src/stm32f3xx_hal_gpio.c **** 
 424              		.loc 1 345 0
 425 005c C268     		ldr	r2, [r0, #12]
 426 005e 1440     		ands	r4, r4, r2
 427 0060 C460     		str	r4, [r0, #12]
 351:Drivers/STM32F3xx_HAL_Driver/Src/stm32f3xx_hal_gpio.c ****       tmp &= ((0x0FU) << (4U * (position & 0x03U)));
 428              		.loc 1 351 0
 429 0062 9F08     		lsrs	r7, r3, #2
 430 0064 BC1C     		adds	r4, r7, #2
 431 0066 254A     		ldr	r2, .L45
 432 0068 52F82440 		ldr	r4, [r2, r4, lsl #2]
 433              	.LVL51:
 352:Drivers/STM32F3xx_HAL_Driver/Src/stm32f3xx_hal_gpio.c ****       if(tmp == (GPIO_GET_INDEX(GPIOx) << (4U * (position & 0x03U))))
 434              		.loc 1 352 0
 435 006c 03F00302 		and	r2, r3, #3
 436 0070 9200     		lsls	r2, r2, #2
 437 0072 9640     		lsls	r6, r6, r2
 438 0074 3440     		ands	r4, r4, r6
 439              	.LVL52:
 353:Drivers/STM32F3xx_HAL_Driver/Src/stm32f3xx_hal_gpio.c ****       {
 440              		.loc 1 353 0
 441 0076 B0F1904F 		cmp	r0, #1207959552
ARM GAS  C:\Users\acw\AppData\Local\Temp\ccqFSWtL.s 			page 16


 442 007a C5D0     		beq	.L29
 353:Drivers/STM32F3xx_HAL_Driver/Src/stm32f3xx_hal_gpio.c ****       {
 443              		.loc 1 353 0 is_stmt 0 discriminator 1
 444 007c 204D     		ldr	r5, .L45+4
 445 007e A842     		cmp	r0, r5
 446 0080 0DD0     		beq	.L30
 353:Drivers/STM32F3xx_HAL_Driver/Src/stm32f3xx_hal_gpio.c ****       {
 447              		.loc 1 353 0 discriminator 3
 448 0082 05F58065 		add	r5, r5, #1024
 449 0086 A842     		cmp	r0, r5
 450 0088 0BD0     		beq	.L31
 353:Drivers/STM32F3xx_HAL_Driver/Src/stm32f3xx_hal_gpio.c ****       {
 451              		.loc 1 353 0 discriminator 5
 452 008a 05F58065 		add	r5, r5, #1024
 453 008e A842     		cmp	r0, r5
 454 0090 09D0     		beq	.L32
 353:Drivers/STM32F3xx_HAL_Driver/Src/stm32f3xx_hal_gpio.c ****       {
 455              		.loc 1 353 0 discriminator 7
 456 0092 05F58065 		add	r5, r5, #1024
 457 0096 A842     		cmp	r0, r5
 458 0098 B4D0     		beq	.L42
 353:Drivers/STM32F3xx_HAL_Driver/Src/stm32f3xx_hal_gpio.c ****       {
 459              		.loc 1 353 0
 460 009a 0525     		movs	r5, #5
 461 009c B5E7     		b	.L27
 462              	.L30:
 463 009e 0125     		movs	r5, #1
 464 00a0 B3E7     		b	.L27
 465              	.L31:
 466 00a2 0225     		movs	r5, #2
 467 00a4 B1E7     		b	.L27
 468              	.L32:
 469 00a6 0325     		movs	r5, #3
 470 00a8 AFE7     		b	.L27
 471              	.L40:
 472              	.LVL53:
 356:Drivers/STM32F3xx_HAL_Driver/Src/stm32f3xx_hal_gpio.c **** 
 473              		.loc 1 356 0 is_stmt 1
 474 00aa 144D     		ldr	r5, .L45
 475 00ac BA1C     		adds	r2, r7, #2
 476 00ae 55F82240 		ldr	r4, [r5, r2, lsl #2]
 477 00b2 24EA0606 		bic	r6, r4, r6
 478              	.LVL54:
 479 00b6 45F82260 		str	r6, [r5, r2, lsl #2]
 359:Drivers/STM32F3xx_HAL_Driver/Src/stm32f3xx_hal_gpio.c ****         EXTI->EMR &= ~((uint32_t)iocurrent);
 480              		.loc 1 359 0
 481 00ba 124C     		ldr	r4, .L45+8
 482 00bc 2268     		ldr	r2, [r4]
 483 00be 6FEA0C0C 		mvn	ip, ip
 484              	.LVL55:
 485 00c2 02EA0C02 		and	r2, r2, ip
 486 00c6 2260     		str	r2, [r4]
 360:Drivers/STM32F3xx_HAL_Driver/Src/stm32f3xx_hal_gpio.c **** 
 487              		.loc 1 360 0
 488 00c8 6268     		ldr	r2, [r4, #4]
 489 00ca 0CEA0202 		and	r2, ip, r2
 490 00ce 6260     		str	r2, [r4, #4]
ARM GAS  C:\Users\acw\AppData\Local\Temp\ccqFSWtL.s 			page 17


 363:Drivers/STM32F3xx_HAL_Driver/Src/stm32f3xx_hal_gpio.c ****         EXTI->FTSR &= ~((uint32_t)iocurrent);
 491              		.loc 1 363 0
 492 00d0 A268     		ldr	r2, [r4, #8]
 493 00d2 0CEA0202 		and	r2, ip, r2
 494 00d6 A260     		str	r2, [r4, #8]
 364:Drivers/STM32F3xx_HAL_Driver/Src/stm32f3xx_hal_gpio.c ****       }
 495              		.loc 1 364 0
 496 00d8 E268     		ldr	r2, [r4, #12]
 497 00da 0CEA0202 		and	r2, ip, r2
 498 00de E260     		str	r2, [r4, #12]
 499 00e0 97E7     		b	.L26
 500              	.LVL56:
 501              	.L41:
 369:Drivers/STM32F3xx_HAL_Driver/Src/stm32f3xx_hal_gpio.c ****   }
 370:Drivers/STM32F3xx_HAL_Driver/Src/stm32f3xx_hal_gpio.c **** }
 502              		.loc 1 370 0
 503 00e2 F0BD     		pop	{r4, r5, r6, r7, pc}
 504              	.LVL57:
 505              	.L44:
 506              	.LCFI5:
 507              		.cfi_def_cfa_offset 0
 508              		.cfi_restore 4
 509              		.cfi_restore 5
 510              		.cfi_restore 6
 511              		.cfi_restore 7
 512              		.cfi_restore 14
 368:Drivers/STM32F3xx_HAL_Driver/Src/stm32f3xx_hal_gpio.c ****   }
 513              		.loc 1 368 0
 514 00e4 0133     		adds	r3, r3, #1
 515              	.LVL58:
 516              	.L35:
 324:Drivers/STM32F3xx_HAL_Driver/Src/stm32f3xx_hal_gpio.c ****   {
 517              		.loc 1 324 0
 518 00e6 31FA03F2 		lsrs	r2, r1, r3
 519 00ea 06D0     		beq	.L43
 327:Drivers/STM32F3xx_HAL_Driver/Src/stm32f3xx_hal_gpio.c **** 
 520              		.loc 1 327 0
 521 00ec 0122     		movs	r2, #1
 522 00ee 9A40     		lsls	r2, r2, r3
 523              	.LVL59:
 329:Drivers/STM32F3xx_HAL_Driver/Src/stm32f3xx_hal_gpio.c ****     {
 524              		.loc 1 329 0
 525 00f0 12EA010C 		ands	ip, r2, r1
 526              	.LVL60:
 527 00f4 F6D0     		beq	.L44
 314:Drivers/STM32F3xx_HAL_Driver/Src/stm32f3xx_hal_gpio.c ****   uint32_t position = 0x00U;
 528              		.loc 1 314 0
 529 00f6 F0B5     		push	{r4, r5, r6, r7, lr}
 530              	.LCFI6:
 531              		.cfi_def_cfa_offset 20
 532              		.cfi_offset 4, -20
 533              		.cfi_offset 5, -16
 534              		.cfi_offset 6, -12
 535              		.cfi_offset 7, -8
 536              		.cfi_offset 14, -4
 537 00f8 94E7     		b	.L36
 538              	.LVL61:
ARM GAS  C:\Users\acw\AppData\Local\Temp\ccqFSWtL.s 			page 18


 539              	.L43:
 540              	.LCFI7:
 541              		.cfi_def_cfa_offset 0
 542              		.cfi_restore 4
 543              		.cfi_restore 5
 544              		.cfi_restore 6
 545              		.cfi_restore 7
 546              		.cfi_restore 14
 547 00fa 7047     		bx	lr
 548              	.L46:
 549              		.align	2
 550              	.L45:
 551 00fc 00000140 		.word	1073807360
 552 0100 00040048 		.word	1207960576
 553 0104 00040140 		.word	1073808384
 554              		.cfi_endproc
 555              	.LFE127:
 557              		.section	.text.HAL_GPIO_ReadPin,"ax",%progbits
 558              		.align	1
 559              		.global	HAL_GPIO_ReadPin
 560              		.syntax unified
 561              		.thumb
 562              		.thumb_func
 563              		.fpu fpv4-sp-d16
 565              	HAL_GPIO_ReadPin:
 566              	.LFB128:
 371:Drivers/STM32F3xx_HAL_Driver/Src/stm32f3xx_hal_gpio.c **** 
 372:Drivers/STM32F3xx_HAL_Driver/Src/stm32f3xx_hal_gpio.c **** /**
 373:Drivers/STM32F3xx_HAL_Driver/Src/stm32f3xx_hal_gpio.c ****   * @}
 374:Drivers/STM32F3xx_HAL_Driver/Src/stm32f3xx_hal_gpio.c ****   */
 375:Drivers/STM32F3xx_HAL_Driver/Src/stm32f3xx_hal_gpio.c **** 
 376:Drivers/STM32F3xx_HAL_Driver/Src/stm32f3xx_hal_gpio.c **** /** @defgroup GPIO_Exported_Functions_Group2 IO operation functions 
 377:Drivers/STM32F3xx_HAL_Driver/Src/stm32f3xx_hal_gpio.c ****  *  @brief GPIO Read, Write, Toggle, Lock and EXTI management functions.
 378:Drivers/STM32F3xx_HAL_Driver/Src/stm32f3xx_hal_gpio.c ****  *
 379:Drivers/STM32F3xx_HAL_Driver/Src/stm32f3xx_hal_gpio.c **** @verbatim
 380:Drivers/STM32F3xx_HAL_Driver/Src/stm32f3xx_hal_gpio.c ****  ===============================================================================
 381:Drivers/STM32F3xx_HAL_Driver/Src/stm32f3xx_hal_gpio.c ****                        ##### IO operation functions #####
 382:Drivers/STM32F3xx_HAL_Driver/Src/stm32f3xx_hal_gpio.c ****  ===============================================================================
 383:Drivers/STM32F3xx_HAL_Driver/Src/stm32f3xx_hal_gpio.c **** 
 384:Drivers/STM32F3xx_HAL_Driver/Src/stm32f3xx_hal_gpio.c **** @endverbatim
 385:Drivers/STM32F3xx_HAL_Driver/Src/stm32f3xx_hal_gpio.c ****   * @{
 386:Drivers/STM32F3xx_HAL_Driver/Src/stm32f3xx_hal_gpio.c ****   */
 387:Drivers/STM32F3xx_HAL_Driver/Src/stm32f3xx_hal_gpio.c **** 
 388:Drivers/STM32F3xx_HAL_Driver/Src/stm32f3xx_hal_gpio.c **** /**
 389:Drivers/STM32F3xx_HAL_Driver/Src/stm32f3xx_hal_gpio.c ****   * @brief  Read the specified input port pin.
 390:Drivers/STM32F3xx_HAL_Driver/Src/stm32f3xx_hal_gpio.c ****   * @param  GPIOx where x can be (A..F) to select the GPIO peripheral for STM32F3 family
 391:Drivers/STM32F3xx_HAL_Driver/Src/stm32f3xx_hal_gpio.c ****   * @param  GPIO_Pin specifies the port bit to read.
 392:Drivers/STM32F3xx_HAL_Driver/Src/stm32f3xx_hal_gpio.c ****   *         This parameter can be GPIO_PIN_x where x can be (0..15).
 393:Drivers/STM32F3xx_HAL_Driver/Src/stm32f3xx_hal_gpio.c ****   * @retval The input port pin value.
 394:Drivers/STM32F3xx_HAL_Driver/Src/stm32f3xx_hal_gpio.c ****   */
 395:Drivers/STM32F3xx_HAL_Driver/Src/stm32f3xx_hal_gpio.c **** GPIO_PinState HAL_GPIO_ReadPin(GPIO_TypeDef* GPIOx, uint16_t GPIO_Pin)
 396:Drivers/STM32F3xx_HAL_Driver/Src/stm32f3xx_hal_gpio.c **** {
 567              		.loc 1 396 0
 568              		.cfi_startproc
 569              		@ args = 0, pretend = 0, frame = 0
 570              		@ frame_needed = 0, uses_anonymous_args = 0
 571              		@ link register save eliminated.
ARM GAS  C:\Users\acw\AppData\Local\Temp\ccqFSWtL.s 			page 19


 572              	.LVL62:
 397:Drivers/STM32F3xx_HAL_Driver/Src/stm32f3xx_hal_gpio.c ****   GPIO_PinState bitstatus;
 398:Drivers/STM32F3xx_HAL_Driver/Src/stm32f3xx_hal_gpio.c **** 
 399:Drivers/STM32F3xx_HAL_Driver/Src/stm32f3xx_hal_gpio.c ****   /* Check the parameters */
 400:Drivers/STM32F3xx_HAL_Driver/Src/stm32f3xx_hal_gpio.c ****   assert_param(IS_GPIO_PIN(GPIO_Pin));
 401:Drivers/STM32F3xx_HAL_Driver/Src/stm32f3xx_hal_gpio.c **** 
 402:Drivers/STM32F3xx_HAL_Driver/Src/stm32f3xx_hal_gpio.c ****   if((GPIOx->IDR & GPIO_Pin) != (uint32_t)GPIO_PIN_RESET)
 573              		.loc 1 402 0
 574 0000 0369     		ldr	r3, [r0, #16]
 575 0002 1942     		tst	r1, r3
 576 0004 01D1     		bne	.L50
 403:Drivers/STM32F3xx_HAL_Driver/Src/stm32f3xx_hal_gpio.c ****   {
 404:Drivers/STM32F3xx_HAL_Driver/Src/stm32f3xx_hal_gpio.c ****     bitstatus = GPIO_PIN_SET;
 405:Drivers/STM32F3xx_HAL_Driver/Src/stm32f3xx_hal_gpio.c ****   }
 406:Drivers/STM32F3xx_HAL_Driver/Src/stm32f3xx_hal_gpio.c ****   else
 407:Drivers/STM32F3xx_HAL_Driver/Src/stm32f3xx_hal_gpio.c ****   {
 408:Drivers/STM32F3xx_HAL_Driver/Src/stm32f3xx_hal_gpio.c ****     bitstatus = GPIO_PIN_RESET;
 577              		.loc 1 408 0
 578 0006 0020     		movs	r0, #0
 579              	.LVL63:
 409:Drivers/STM32F3xx_HAL_Driver/Src/stm32f3xx_hal_gpio.c ****   }
 410:Drivers/STM32F3xx_HAL_Driver/Src/stm32f3xx_hal_gpio.c ****   return bitstatus;
 411:Drivers/STM32F3xx_HAL_Driver/Src/stm32f3xx_hal_gpio.c **** }
 580              		.loc 1 411 0
 581 0008 7047     		bx	lr
 582              	.LVL64:
 583              	.L50:
 404:Drivers/STM32F3xx_HAL_Driver/Src/stm32f3xx_hal_gpio.c ****   }
 584              		.loc 1 404 0
 585 000a 0120     		movs	r0, #1
 586              	.LVL65:
 587 000c 7047     		bx	lr
 588              		.cfi_endproc
 589              	.LFE128:
 591              		.section	.text.HAL_GPIO_WritePin,"ax",%progbits
 592              		.align	1
 593              		.global	HAL_GPIO_WritePin
 594              		.syntax unified
 595              		.thumb
 596              		.thumb_func
 597              		.fpu fpv4-sp-d16
 599              	HAL_GPIO_WritePin:
 600              	.LFB129:
 412:Drivers/STM32F3xx_HAL_Driver/Src/stm32f3xx_hal_gpio.c **** 
 413:Drivers/STM32F3xx_HAL_Driver/Src/stm32f3xx_hal_gpio.c **** /**
 414:Drivers/STM32F3xx_HAL_Driver/Src/stm32f3xx_hal_gpio.c ****   * @brief  Set or clear the selected data port bit.
 415:Drivers/STM32F3xx_HAL_Driver/Src/stm32f3xx_hal_gpio.c ****   *
 416:Drivers/STM32F3xx_HAL_Driver/Src/stm32f3xx_hal_gpio.c ****   * @note   This function uses GPIOx_BSRR and GPIOx_BRR registers to allow atomic read/modify
 417:Drivers/STM32F3xx_HAL_Driver/Src/stm32f3xx_hal_gpio.c ****   *         accesses. In this way, there is no risk of an IRQ occurring between
 418:Drivers/STM32F3xx_HAL_Driver/Src/stm32f3xx_hal_gpio.c ****   *         the read and the modify access.
 419:Drivers/STM32F3xx_HAL_Driver/Src/stm32f3xx_hal_gpio.c ****   *
 420:Drivers/STM32F3xx_HAL_Driver/Src/stm32f3xx_hal_gpio.c ****   * @param  GPIOx where x can be (A..F) to select the GPIO peripheral for STM32F3 family
 421:Drivers/STM32F3xx_HAL_Driver/Src/stm32f3xx_hal_gpio.c ****   * @param  GPIO_Pin specifies the port bit to be written.
 422:Drivers/STM32F3xx_HAL_Driver/Src/stm32f3xx_hal_gpio.c ****   *         This parameter can be one of GPIO_PIN_x where x can be (0..15).
 423:Drivers/STM32F3xx_HAL_Driver/Src/stm32f3xx_hal_gpio.c ****   * @param  PinState specifies the value to be written to the selected bit.
 424:Drivers/STM32F3xx_HAL_Driver/Src/stm32f3xx_hal_gpio.c ****   *         This parameter can be one of the GPIO_PinState enum values:
 425:Drivers/STM32F3xx_HAL_Driver/Src/stm32f3xx_hal_gpio.c ****   *            @arg GPIO_PIN_RESET: to clear the port pin
ARM GAS  C:\Users\acw\AppData\Local\Temp\ccqFSWtL.s 			page 20


 426:Drivers/STM32F3xx_HAL_Driver/Src/stm32f3xx_hal_gpio.c ****   *            @arg GPIO_PIN_SET: to set the port pin
 427:Drivers/STM32F3xx_HAL_Driver/Src/stm32f3xx_hal_gpio.c ****   * @retval None
 428:Drivers/STM32F3xx_HAL_Driver/Src/stm32f3xx_hal_gpio.c ****   */
 429:Drivers/STM32F3xx_HAL_Driver/Src/stm32f3xx_hal_gpio.c **** void HAL_GPIO_WritePin(GPIO_TypeDef* GPIOx, uint16_t GPIO_Pin, GPIO_PinState PinState)
 430:Drivers/STM32F3xx_HAL_Driver/Src/stm32f3xx_hal_gpio.c **** {
 601              		.loc 1 430 0
 602              		.cfi_startproc
 603              		@ args = 0, pretend = 0, frame = 0
 604              		@ frame_needed = 0, uses_anonymous_args = 0
 605              		@ link register save eliminated.
 606              	.LVL66:
 431:Drivers/STM32F3xx_HAL_Driver/Src/stm32f3xx_hal_gpio.c ****   /* Check the parameters */
 432:Drivers/STM32F3xx_HAL_Driver/Src/stm32f3xx_hal_gpio.c ****   assert_param(IS_GPIO_PIN(GPIO_Pin));
 433:Drivers/STM32F3xx_HAL_Driver/Src/stm32f3xx_hal_gpio.c ****   assert_param(IS_GPIO_PIN_ACTION(PinState));
 434:Drivers/STM32F3xx_HAL_Driver/Src/stm32f3xx_hal_gpio.c **** 
 435:Drivers/STM32F3xx_HAL_Driver/Src/stm32f3xx_hal_gpio.c ****   if(PinState != GPIO_PIN_RESET)
 607              		.loc 1 435 0
 608 0000 0AB9     		cbnz	r2, .L54
 436:Drivers/STM32F3xx_HAL_Driver/Src/stm32f3xx_hal_gpio.c ****   {
 437:Drivers/STM32F3xx_HAL_Driver/Src/stm32f3xx_hal_gpio.c ****     GPIOx->BSRR = (uint32_t)GPIO_Pin;
 438:Drivers/STM32F3xx_HAL_Driver/Src/stm32f3xx_hal_gpio.c ****   }
 439:Drivers/STM32F3xx_HAL_Driver/Src/stm32f3xx_hal_gpio.c ****   else
 440:Drivers/STM32F3xx_HAL_Driver/Src/stm32f3xx_hal_gpio.c ****   {
 441:Drivers/STM32F3xx_HAL_Driver/Src/stm32f3xx_hal_gpio.c ****     GPIOx->BRR = (uint32_t)GPIO_Pin;
 609              		.loc 1 441 0
 610 0002 8162     		str	r1, [r0, #40]
 442:Drivers/STM32F3xx_HAL_Driver/Src/stm32f3xx_hal_gpio.c ****   }
 443:Drivers/STM32F3xx_HAL_Driver/Src/stm32f3xx_hal_gpio.c **** }
 611              		.loc 1 443 0
 612 0004 7047     		bx	lr
 613              	.L54:
 437:Drivers/STM32F3xx_HAL_Driver/Src/stm32f3xx_hal_gpio.c ****   }
 614              		.loc 1 437 0
 615 0006 8161     		str	r1, [r0, #24]
 616 0008 7047     		bx	lr
 617              		.cfi_endproc
 618              	.LFE129:
 620              		.section	.text.HAL_GPIO_TogglePin,"ax",%progbits
 621              		.align	1
 622              		.global	HAL_GPIO_TogglePin
 623              		.syntax unified
 624              		.thumb
 625              		.thumb_func
 626              		.fpu fpv4-sp-d16
 628              	HAL_GPIO_TogglePin:
 629              	.LFB130:
 444:Drivers/STM32F3xx_HAL_Driver/Src/stm32f3xx_hal_gpio.c **** 
 445:Drivers/STM32F3xx_HAL_Driver/Src/stm32f3xx_hal_gpio.c **** /**
 446:Drivers/STM32F3xx_HAL_Driver/Src/stm32f3xx_hal_gpio.c ****   * @brief  Toggle the specified GPIO pin.
 447:Drivers/STM32F3xx_HAL_Driver/Src/stm32f3xx_hal_gpio.c ****   * @param  GPIOx where x can be (A..F) to select the GPIO peripheral for STM32F3 family
 448:Drivers/STM32F3xx_HAL_Driver/Src/stm32f3xx_hal_gpio.c ****   * @param  GPIO_Pin specifies the pin to be toggled.
 449:Drivers/STM32F3xx_HAL_Driver/Src/stm32f3xx_hal_gpio.c ****   * @retval None
 450:Drivers/STM32F3xx_HAL_Driver/Src/stm32f3xx_hal_gpio.c ****   */
 451:Drivers/STM32F3xx_HAL_Driver/Src/stm32f3xx_hal_gpio.c **** void HAL_GPIO_TogglePin(GPIO_TypeDef* GPIOx, uint16_t GPIO_Pin)
 452:Drivers/STM32F3xx_HAL_Driver/Src/stm32f3xx_hal_gpio.c **** {
 630              		.loc 1 452 0
 631              		.cfi_startproc
ARM GAS  C:\Users\acw\AppData\Local\Temp\ccqFSWtL.s 			page 21


 632              		@ args = 0, pretend = 0, frame = 0
 633              		@ frame_needed = 0, uses_anonymous_args = 0
 634              		@ link register save eliminated.
 635              	.LVL67:
 453:Drivers/STM32F3xx_HAL_Driver/Src/stm32f3xx_hal_gpio.c ****   /* Check the parameters */
 454:Drivers/STM32F3xx_HAL_Driver/Src/stm32f3xx_hal_gpio.c ****   assert_param(IS_GPIO_PIN(GPIO_Pin));
 455:Drivers/STM32F3xx_HAL_Driver/Src/stm32f3xx_hal_gpio.c **** 
 456:Drivers/STM32F3xx_HAL_Driver/Src/stm32f3xx_hal_gpio.c ****   GPIOx->ODR ^= GPIO_Pin;
 636              		.loc 1 456 0
 637 0000 4369     		ldr	r3, [r0, #20]
 638 0002 5940     		eors	r1, r1, r3
 639              	.LVL68:
 640 0004 4161     		str	r1, [r0, #20]
 457:Drivers/STM32F3xx_HAL_Driver/Src/stm32f3xx_hal_gpio.c **** }
 641              		.loc 1 457 0
 642 0006 7047     		bx	lr
 643              		.cfi_endproc
 644              	.LFE130:
 646              		.section	.text.HAL_GPIO_LockPin,"ax",%progbits
 647              		.align	1
 648              		.global	HAL_GPIO_LockPin
 649              		.syntax unified
 650              		.thumb
 651              		.thumb_func
 652              		.fpu fpv4-sp-d16
 654              	HAL_GPIO_LockPin:
 655              	.LFB131:
 458:Drivers/STM32F3xx_HAL_Driver/Src/stm32f3xx_hal_gpio.c **** 
 459:Drivers/STM32F3xx_HAL_Driver/Src/stm32f3xx_hal_gpio.c **** /**
 460:Drivers/STM32F3xx_HAL_Driver/Src/stm32f3xx_hal_gpio.c **** * @brief  Lock GPIO Pins configuration registers.
 461:Drivers/STM32F3xx_HAL_Driver/Src/stm32f3xx_hal_gpio.c ****   * @note   The locked registers are GPIOx_MODER, GPIOx_OTYPER, GPIOx_OSPEEDR,
 462:Drivers/STM32F3xx_HAL_Driver/Src/stm32f3xx_hal_gpio.c ****   *         GPIOx_PUPDR, GPIOx_AFRL and GPIOx_AFRH.
 463:Drivers/STM32F3xx_HAL_Driver/Src/stm32f3xx_hal_gpio.c ****   * @note   The configuration of the locked GPIO pins can no longer be modified
 464:Drivers/STM32F3xx_HAL_Driver/Src/stm32f3xx_hal_gpio.c ****   *         until the next reset.
 465:Drivers/STM32F3xx_HAL_Driver/Src/stm32f3xx_hal_gpio.c ****   * @param  GPIOx where x can be (A..F) to select the GPIO peripheral for STM32F3 family
 466:Drivers/STM32F3xx_HAL_Driver/Src/stm32f3xx_hal_gpio.c ****   * @param  GPIO_Pin specifies the port bits to be locked.
 467:Drivers/STM32F3xx_HAL_Driver/Src/stm32f3xx_hal_gpio.c ****   *         This parameter can be any combination of GPIO_Pin_x where x can be (0..15).
 468:Drivers/STM32F3xx_HAL_Driver/Src/stm32f3xx_hal_gpio.c ****   * @retval None
 469:Drivers/STM32F3xx_HAL_Driver/Src/stm32f3xx_hal_gpio.c ****   */
 470:Drivers/STM32F3xx_HAL_Driver/Src/stm32f3xx_hal_gpio.c **** HAL_StatusTypeDef HAL_GPIO_LockPin(GPIO_TypeDef* GPIOx, uint16_t GPIO_Pin)
 471:Drivers/STM32F3xx_HAL_Driver/Src/stm32f3xx_hal_gpio.c **** {
 656              		.loc 1 471 0
 657              		.cfi_startproc
 658              		@ args = 0, pretend = 0, frame = 8
 659              		@ frame_needed = 0, uses_anonymous_args = 0
 660              		@ link register save eliminated.
 661              	.LVL69:
 662 0000 82B0     		sub	sp, sp, #8
 663              	.LCFI8:
 664              		.cfi_def_cfa_offset 8
 472:Drivers/STM32F3xx_HAL_Driver/Src/stm32f3xx_hal_gpio.c ****   __IO uint32_t tmp = GPIO_LCKR_LCKK;
 665              		.loc 1 472 0
 666 0002 4FF48033 		mov	r3, #65536
 667 0006 0193     		str	r3, [sp, #4]
 473:Drivers/STM32F3xx_HAL_Driver/Src/stm32f3xx_hal_gpio.c **** 
 474:Drivers/STM32F3xx_HAL_Driver/Src/stm32f3xx_hal_gpio.c ****   /* Check the parameters */
 475:Drivers/STM32F3xx_HAL_Driver/Src/stm32f3xx_hal_gpio.c ****   assert_param(IS_GPIO_LOCK_INSTANCE(GPIOx));
ARM GAS  C:\Users\acw\AppData\Local\Temp\ccqFSWtL.s 			page 22


 476:Drivers/STM32F3xx_HAL_Driver/Src/stm32f3xx_hal_gpio.c ****   assert_param(IS_GPIO_PIN(GPIO_Pin));
 477:Drivers/STM32F3xx_HAL_Driver/Src/stm32f3xx_hal_gpio.c **** 
 478:Drivers/STM32F3xx_HAL_Driver/Src/stm32f3xx_hal_gpio.c ****   /* Apply lock key write sequence */
 479:Drivers/STM32F3xx_HAL_Driver/Src/stm32f3xx_hal_gpio.c ****   tmp |= GPIO_Pin;
 668              		.loc 1 479 0
 669 0008 019B     		ldr	r3, [sp, #4]
 670 000a 0B43     		orrs	r3, r3, r1
 671 000c 0193     		str	r3, [sp, #4]
 480:Drivers/STM32F3xx_HAL_Driver/Src/stm32f3xx_hal_gpio.c ****   /* Set LCKx bit(s): LCKK='1' + LCK[15U-0] */
 481:Drivers/STM32F3xx_HAL_Driver/Src/stm32f3xx_hal_gpio.c ****   GPIOx->LCKR = tmp;
 672              		.loc 1 481 0
 673 000e 019B     		ldr	r3, [sp, #4]
 674 0010 C361     		str	r3, [r0, #28]
 482:Drivers/STM32F3xx_HAL_Driver/Src/stm32f3xx_hal_gpio.c ****   /* Reset LCKx bit(s): LCKK='0' + LCK[15U-0] */
 483:Drivers/STM32F3xx_HAL_Driver/Src/stm32f3xx_hal_gpio.c ****   GPIOx->LCKR = GPIO_Pin;
 675              		.loc 1 483 0
 676 0012 C161     		str	r1, [r0, #28]
 484:Drivers/STM32F3xx_HAL_Driver/Src/stm32f3xx_hal_gpio.c ****   /* Set LCKx bit(s): LCKK='1' + LCK[15U-0] */
 485:Drivers/STM32F3xx_HAL_Driver/Src/stm32f3xx_hal_gpio.c ****   GPIOx->LCKR = tmp;
 677              		.loc 1 485 0
 678 0014 019B     		ldr	r3, [sp, #4]
 679 0016 C361     		str	r3, [r0, #28]
 486:Drivers/STM32F3xx_HAL_Driver/Src/stm32f3xx_hal_gpio.c ****   /* Read LCKK bit*/
 487:Drivers/STM32F3xx_HAL_Driver/Src/stm32f3xx_hal_gpio.c ****   tmp = GPIOx->LCKR;
 680              		.loc 1 487 0
 681 0018 C369     		ldr	r3, [r0, #28]
 682 001a 0193     		str	r3, [sp, #4]
 488:Drivers/STM32F3xx_HAL_Driver/Src/stm32f3xx_hal_gpio.c **** 
 489:Drivers/STM32F3xx_HAL_Driver/Src/stm32f3xx_hal_gpio.c ****   if((GPIOx->LCKR & GPIO_LCKR_LCKK) != RESET)
 683              		.loc 1 489 0
 684 001c C369     		ldr	r3, [r0, #28]
 685 001e 13F4803F 		tst	r3, #65536
 686 0022 02D1     		bne	.L60
 490:Drivers/STM32F3xx_HAL_Driver/Src/stm32f3xx_hal_gpio.c ****   {
 491:Drivers/STM32F3xx_HAL_Driver/Src/stm32f3xx_hal_gpio.c ****     return HAL_OK;
 492:Drivers/STM32F3xx_HAL_Driver/Src/stm32f3xx_hal_gpio.c ****   }
 493:Drivers/STM32F3xx_HAL_Driver/Src/stm32f3xx_hal_gpio.c ****   else
 494:Drivers/STM32F3xx_HAL_Driver/Src/stm32f3xx_hal_gpio.c ****   {
 495:Drivers/STM32F3xx_HAL_Driver/Src/stm32f3xx_hal_gpio.c ****     return HAL_ERROR;
 687              		.loc 1 495 0
 688 0024 0120     		movs	r0, #1
 689              	.LVL70:
 690              	.L57:
 496:Drivers/STM32F3xx_HAL_Driver/Src/stm32f3xx_hal_gpio.c ****   }
 497:Drivers/STM32F3xx_HAL_Driver/Src/stm32f3xx_hal_gpio.c **** }
 691              		.loc 1 497 0
 692 0026 02B0     		add	sp, sp, #8
 693              	.LCFI9:
 694              		.cfi_remember_state
 695              		.cfi_def_cfa_offset 0
 696              		@ sp needed
 697 0028 7047     		bx	lr
 698              	.LVL71:
 699              	.L60:
 700              	.LCFI10:
 701              		.cfi_restore_state
 491:Drivers/STM32F3xx_HAL_Driver/Src/stm32f3xx_hal_gpio.c ****   }
ARM GAS  C:\Users\acw\AppData\Local\Temp\ccqFSWtL.s 			page 23


 702              		.loc 1 491 0
 703 002a 0020     		movs	r0, #0
 704              	.LVL72:
 705 002c FBE7     		b	.L57
 706              		.cfi_endproc
 707              	.LFE131:
 709              		.section	.text.HAL_GPIO_EXTI_Callback,"ax",%progbits
 710              		.align	1
 711              		.weak	HAL_GPIO_EXTI_Callback
 712              		.syntax unified
 713              		.thumb
 714              		.thumb_func
 715              		.fpu fpv4-sp-d16
 717              	HAL_GPIO_EXTI_Callback:
 718              	.LFB133:
 498:Drivers/STM32F3xx_HAL_Driver/Src/stm32f3xx_hal_gpio.c **** 
 499:Drivers/STM32F3xx_HAL_Driver/Src/stm32f3xx_hal_gpio.c **** /**
 500:Drivers/STM32F3xx_HAL_Driver/Src/stm32f3xx_hal_gpio.c ****   * @brief  Handle EXTI interrupt request.
 501:Drivers/STM32F3xx_HAL_Driver/Src/stm32f3xx_hal_gpio.c ****   * @param  GPIO_Pin Specifies the port pin connected to corresponding EXTI line.
 502:Drivers/STM32F3xx_HAL_Driver/Src/stm32f3xx_hal_gpio.c ****   * @retval None
 503:Drivers/STM32F3xx_HAL_Driver/Src/stm32f3xx_hal_gpio.c ****   */
 504:Drivers/STM32F3xx_HAL_Driver/Src/stm32f3xx_hal_gpio.c **** void HAL_GPIO_EXTI_IRQHandler(uint16_t GPIO_Pin)
 505:Drivers/STM32F3xx_HAL_Driver/Src/stm32f3xx_hal_gpio.c **** {
 506:Drivers/STM32F3xx_HAL_Driver/Src/stm32f3xx_hal_gpio.c ****   /* EXTI line interrupt detected */
 507:Drivers/STM32F3xx_HAL_Driver/Src/stm32f3xx_hal_gpio.c ****   if(__HAL_GPIO_EXTI_GET_IT(GPIO_Pin) != RESET)
 508:Drivers/STM32F3xx_HAL_Driver/Src/stm32f3xx_hal_gpio.c ****   {
 509:Drivers/STM32F3xx_HAL_Driver/Src/stm32f3xx_hal_gpio.c ****     __HAL_GPIO_EXTI_CLEAR_IT(GPIO_Pin);
 510:Drivers/STM32F3xx_HAL_Driver/Src/stm32f3xx_hal_gpio.c ****     HAL_GPIO_EXTI_Callback(GPIO_Pin);
 511:Drivers/STM32F3xx_HAL_Driver/Src/stm32f3xx_hal_gpio.c ****   }
 512:Drivers/STM32F3xx_HAL_Driver/Src/stm32f3xx_hal_gpio.c **** }
 513:Drivers/STM32F3xx_HAL_Driver/Src/stm32f3xx_hal_gpio.c **** 
 514:Drivers/STM32F3xx_HAL_Driver/Src/stm32f3xx_hal_gpio.c **** /**
 515:Drivers/STM32F3xx_HAL_Driver/Src/stm32f3xx_hal_gpio.c ****   * @brief  EXTI line detection callback.
 516:Drivers/STM32F3xx_HAL_Driver/Src/stm32f3xx_hal_gpio.c ****   * @param  GPIO_Pin Specifies the port pin connected to corresponding EXTI line.
 517:Drivers/STM32F3xx_HAL_Driver/Src/stm32f3xx_hal_gpio.c ****   * @retval None
 518:Drivers/STM32F3xx_HAL_Driver/Src/stm32f3xx_hal_gpio.c ****   */
 519:Drivers/STM32F3xx_HAL_Driver/Src/stm32f3xx_hal_gpio.c **** __weak void HAL_GPIO_EXTI_Callback(uint16_t GPIO_Pin)
 520:Drivers/STM32F3xx_HAL_Driver/Src/stm32f3xx_hal_gpio.c **** {
 719              		.loc 1 520 0
 720              		.cfi_startproc
 721              		@ args = 0, pretend = 0, frame = 0
 722              		@ frame_needed = 0, uses_anonymous_args = 0
 723              		@ link register save eliminated.
 724              	.LVL73:
 521:Drivers/STM32F3xx_HAL_Driver/Src/stm32f3xx_hal_gpio.c ****   /* Prevent unused argument(s) compilation warning */
 522:Drivers/STM32F3xx_HAL_Driver/Src/stm32f3xx_hal_gpio.c ****   UNUSED(GPIO_Pin);
 523:Drivers/STM32F3xx_HAL_Driver/Src/stm32f3xx_hal_gpio.c **** 
 524:Drivers/STM32F3xx_HAL_Driver/Src/stm32f3xx_hal_gpio.c ****   /* NOTE: This function should not be modified, when the callback is needed,
 525:Drivers/STM32F3xx_HAL_Driver/Src/stm32f3xx_hal_gpio.c ****            the HAL_GPIO_EXTI_Callback could be implemented in the user file
 526:Drivers/STM32F3xx_HAL_Driver/Src/stm32f3xx_hal_gpio.c ****    */
 527:Drivers/STM32F3xx_HAL_Driver/Src/stm32f3xx_hal_gpio.c **** }
 725              		.loc 1 527 0
 726 0000 7047     		bx	lr
 727              		.cfi_endproc
 728              	.LFE133:
 730              		.section	.text.HAL_GPIO_EXTI_IRQHandler,"ax",%progbits
 731              		.align	1
ARM GAS  C:\Users\acw\AppData\Local\Temp\ccqFSWtL.s 			page 24


 732              		.global	HAL_GPIO_EXTI_IRQHandler
 733              		.syntax unified
 734              		.thumb
 735              		.thumb_func
 736              		.fpu fpv4-sp-d16
 738              	HAL_GPIO_EXTI_IRQHandler:
 739              	.LFB132:
 505:Drivers/STM32F3xx_HAL_Driver/Src/stm32f3xx_hal_gpio.c ****   /* EXTI line interrupt detected */
 740              		.loc 1 505 0
 741              		.cfi_startproc
 742              		@ args = 0, pretend = 0, frame = 0
 743              		@ frame_needed = 0, uses_anonymous_args = 0
 744              	.LVL74:
 745 0000 08B5     		push	{r3, lr}
 746              	.LCFI11:
 747              		.cfi_def_cfa_offset 8
 748              		.cfi_offset 3, -8
 749              		.cfi_offset 14, -4
 507:Drivers/STM32F3xx_HAL_Driver/Src/stm32f3xx_hal_gpio.c ****   {
 750              		.loc 1 507 0
 751 0002 054B     		ldr	r3, .L66
 752 0004 5B69     		ldr	r3, [r3, #20]
 753 0006 0342     		tst	r3, r0
 754 0008 00D1     		bne	.L65
 755              	.LVL75:
 756              	.L62:
 512:Drivers/STM32F3xx_HAL_Driver/Src/stm32f3xx_hal_gpio.c **** 
 757              		.loc 1 512 0
 758 000a 08BD     		pop	{r3, pc}
 759              	.LVL76:
 760              	.L65:
 509:Drivers/STM32F3xx_HAL_Driver/Src/stm32f3xx_hal_gpio.c ****     HAL_GPIO_EXTI_Callback(GPIO_Pin);
 761              		.loc 1 509 0
 762 000c 024B     		ldr	r3, .L66
 763 000e 5861     		str	r0, [r3, #20]
 510:Drivers/STM32F3xx_HAL_Driver/Src/stm32f3xx_hal_gpio.c ****   }
 764              		.loc 1 510 0
 765 0010 FFF7FEFF 		bl	HAL_GPIO_EXTI_Callback
 766              	.LVL77:
 512:Drivers/STM32F3xx_HAL_Driver/Src/stm32f3xx_hal_gpio.c **** 
 767              		.loc 1 512 0
 768 0014 F9E7     		b	.L62
 769              	.L67:
 770 0016 00BF     		.align	2
 771              	.L66:
 772 0018 00040140 		.word	1073808384
 773              		.cfi_endproc
 774              	.LFE132:
 776              		.text
 777              	.Letext0:
 778              		.file 2 "c:\\program files (x86)\\gnu tools arm embedded\\7 2018-q2-update\\arm-none-eabi\\include
 779              		.file 3 "c:\\program files (x86)\\gnu tools arm embedded\\7 2018-q2-update\\arm-none-eabi\\include
 780              		.file 4 "Drivers/CMSIS/Include/core_cm4.h"
 781              		.file 5 "Drivers/CMSIS/Device/ST/STM32F3xx/Include/system_stm32f3xx.h"
 782              		.file 6 "Drivers/CMSIS/Device/ST/STM32F3xx/Include/stm32f373xc.h"
 783              		.file 7 "c:\\program files (x86)\\gnu tools arm embedded\\7 2018-q2-update\\arm-none-eabi\\include
 784              		.file 8 "c:\\program files (x86)\\gnu tools arm embedded\\7 2018-q2-update\\arm-none-eabi\\include
ARM GAS  C:\Users\acw\AppData\Local\Temp\ccqFSWtL.s 			page 25


 785              		.file 9 "c:\\program files (x86)\\gnu tools arm embedded\\7 2018-q2-update\\lib\\gcc\\arm-none-eab
 786              		.file 10 "c:\\program files (x86)\\gnu tools arm embedded\\7 2018-q2-update\\arm-none-eabi\\includ
 787              		.file 11 "Drivers/CMSIS/Device/ST/STM32F3xx/Include/stm32f3xx.h"
 788              		.file 12 "Drivers/STM32F3xx_HAL_Driver/Inc/stm32f3xx_hal_def.h"
 789              		.file 13 "Drivers/STM32F3xx_HAL_Driver/Inc/stm32f3xx_hal_gpio.h"
 790              		.file 14 "Drivers/STM32F3xx_HAL_Driver/Inc/stm32f3xx_hal.h"
ARM GAS  C:\Users\acw\AppData\Local\Temp\ccqFSWtL.s 			page 26


DEFINED SYMBOLS
                            *ABS*:00000000 stm32f3xx_hal_gpio.c
C:\Users\acw\AppData\Local\Temp\ccqFSWtL.s:18     .text.HAL_GPIO_Init:00000000 $t
C:\Users\acw\AppData\Local\Temp\ccqFSWtL.s:25     .text.HAL_GPIO_Init:00000000 HAL_GPIO_Init
C:\Users\acw\AppData\Local\Temp\ccqFSWtL.s:336    .text.HAL_GPIO_Init:00000184 $d
C:\Users\acw\AppData\Local\Temp\ccqFSWtL.s:344    .text.HAL_GPIO_DeInit:00000000 $t
C:\Users\acw\AppData\Local\Temp\ccqFSWtL.s:351    .text.HAL_GPIO_DeInit:00000000 HAL_GPIO_DeInit
C:\Users\acw\AppData\Local\Temp\ccqFSWtL.s:551    .text.HAL_GPIO_DeInit:000000fc $d
C:\Users\acw\AppData\Local\Temp\ccqFSWtL.s:558    .text.HAL_GPIO_ReadPin:00000000 $t
C:\Users\acw\AppData\Local\Temp\ccqFSWtL.s:565    .text.HAL_GPIO_ReadPin:00000000 HAL_GPIO_ReadPin
C:\Users\acw\AppData\Local\Temp\ccqFSWtL.s:592    .text.HAL_GPIO_WritePin:00000000 $t
C:\Users\acw\AppData\Local\Temp\ccqFSWtL.s:599    .text.HAL_GPIO_WritePin:00000000 HAL_GPIO_WritePin
C:\Users\acw\AppData\Local\Temp\ccqFSWtL.s:621    .text.HAL_GPIO_TogglePin:00000000 $t
C:\Users\acw\AppData\Local\Temp\ccqFSWtL.s:628    .text.HAL_GPIO_TogglePin:00000000 HAL_GPIO_TogglePin
C:\Users\acw\AppData\Local\Temp\ccqFSWtL.s:647    .text.HAL_GPIO_LockPin:00000000 $t
C:\Users\acw\AppData\Local\Temp\ccqFSWtL.s:654    .text.HAL_GPIO_LockPin:00000000 HAL_GPIO_LockPin
C:\Users\acw\AppData\Local\Temp\ccqFSWtL.s:710    .text.HAL_GPIO_EXTI_Callback:00000000 $t
C:\Users\acw\AppData\Local\Temp\ccqFSWtL.s:717    .text.HAL_GPIO_EXTI_Callback:00000000 HAL_GPIO_EXTI_Callback
C:\Users\acw\AppData\Local\Temp\ccqFSWtL.s:731    .text.HAL_GPIO_EXTI_IRQHandler:00000000 $t
C:\Users\acw\AppData\Local\Temp\ccqFSWtL.s:738    .text.HAL_GPIO_EXTI_IRQHandler:00000000 HAL_GPIO_EXTI_IRQHandler
C:\Users\acw\AppData\Local\Temp\ccqFSWtL.s:772    .text.HAL_GPIO_EXTI_IRQHandler:00000018 $d

NO UNDEFINED SYMBOLS
