ARM GAS  C:\Users\acw\AppData\Local\Temp\ccIOnzqt.s 			page 1


   1              		.cpu cortex-m4
   2              		.eabi_attribute 27, 1
   3              		.eabi_attribute 28, 1
   4              		.eabi_attribute 20, 1
   5              		.eabi_attribute 21, 1
   6              		.eabi_attribute 23, 3
   7              		.eabi_attribute 24, 1
   8              		.eabi_attribute 25, 1
   9              		.eabi_attribute 26, 1
  10              		.eabi_attribute 30, 1
  11              		.eabi_attribute 34, 1
  12              		.eabi_attribute 18, 4
  13              		.file	"stm32f3xx_hal_timebase_tim.c"
  14              		.text
  15              	.Ltext0:
  16              		.cfi_sections	.debug_frame
  17              		.section	.text.HAL_InitTick,"ax",%progbits
  18              		.align	1
  19              		.global	HAL_InitTick
  20              		.syntax unified
  21              		.thumb
  22              		.thumb_func
  23              		.fpu fpv4-sp-d16
  25              	HAL_InitTick:
  26              	.LFB126:
  27              		.file 1 "Src/stm32f3xx_hal_timebase_tim.c"
   1:Src/stm32f3xx_hal_timebase_tim.c **** /* USER CODE BEGIN Header */
   2:Src/stm32f3xx_hal_timebase_tim.c **** /**
   3:Src/stm32f3xx_hal_timebase_tim.c ****   ******************************************************************************
   4:Src/stm32f3xx_hal_timebase_tim.c ****   * @file    stm32f3xx_hal_timebase_TIM.c 
   5:Src/stm32f3xx_hal_timebase_tim.c ****   * @brief   HAL time base based on the hardware TIM.
   6:Src/stm32f3xx_hal_timebase_tim.c ****   ******************************************************************************
   7:Src/stm32f3xx_hal_timebase_tim.c ****   * @attention
   8:Src/stm32f3xx_hal_timebase_tim.c ****   *
   9:Src/stm32f3xx_hal_timebase_tim.c ****   * <h2><center>&copy; Copyright (c) 2019 STMicroelectronics.
  10:Src/stm32f3xx_hal_timebase_tim.c ****   * All rights reserved.</center></h2>
  11:Src/stm32f3xx_hal_timebase_tim.c ****   *
  12:Src/stm32f3xx_hal_timebase_tim.c ****   * This software component is licensed by ST under Ultimate Liberty license
  13:Src/stm32f3xx_hal_timebase_tim.c ****   * SLA0044, the "License"; You may not use this file except in compliance with
  14:Src/stm32f3xx_hal_timebase_tim.c ****   * the License. You may obtain a copy of the License at:
  15:Src/stm32f3xx_hal_timebase_tim.c ****   *                             www.st.com/SLA0044
  16:Src/stm32f3xx_hal_timebase_tim.c ****   *
  17:Src/stm32f3xx_hal_timebase_tim.c ****   ******************************************************************************
  18:Src/stm32f3xx_hal_timebase_tim.c ****   */
  19:Src/stm32f3xx_hal_timebase_tim.c **** /* USER CODE END Header */
  20:Src/stm32f3xx_hal_timebase_tim.c **** 
  21:Src/stm32f3xx_hal_timebase_tim.c **** /* Includes ------------------------------------------------------------------*/
  22:Src/stm32f3xx_hal_timebase_tim.c **** #include "stm32f3xx_hal.h"
  23:Src/stm32f3xx_hal_timebase_tim.c **** #include "stm32f3xx_hal_tim.h"
  24:Src/stm32f3xx_hal_timebase_tim.c ****  
  25:Src/stm32f3xx_hal_timebase_tim.c **** /* Private typedef -----------------------------------------------------------*/
  26:Src/stm32f3xx_hal_timebase_tim.c **** /* Private define ------------------------------------------------------------*/
  27:Src/stm32f3xx_hal_timebase_tim.c **** /* Private macro -------------------------------------------------------------*/
  28:Src/stm32f3xx_hal_timebase_tim.c **** /* Private variables ---------------------------------------------------------*/
  29:Src/stm32f3xx_hal_timebase_tim.c **** TIM_HandleTypeDef        htim19; 
  30:Src/stm32f3xx_hal_timebase_tim.c **** /* Private function prototypes -----------------------------------------------*/
  31:Src/stm32f3xx_hal_timebase_tim.c **** /* Private functions ---------------------------------------------------------*/
ARM GAS  C:\Users\acw\AppData\Local\Temp\ccIOnzqt.s 			page 2


  32:Src/stm32f3xx_hal_timebase_tim.c **** 
  33:Src/stm32f3xx_hal_timebase_tim.c **** /**
  34:Src/stm32f3xx_hal_timebase_tim.c ****   * @brief  This function configures the TIM19 as a time base source. 
  35:Src/stm32f3xx_hal_timebase_tim.c ****   *         The time source is configured  to have 1ms time base with a dedicated 
  36:Src/stm32f3xx_hal_timebase_tim.c ****   *         Tick interrupt priority. 
  37:Src/stm32f3xx_hal_timebase_tim.c ****   * @note   This function is called  automatically at the beginning of program after
  38:Src/stm32f3xx_hal_timebase_tim.c ****   *         reset by HAL_Init() or at any time when clock is configured, by HAL_RCC_ClockConfig(). 
  39:Src/stm32f3xx_hal_timebase_tim.c ****   * @param  TickPriority: Tick interrupt priority.
  40:Src/stm32f3xx_hal_timebase_tim.c ****   * @retval HAL status
  41:Src/stm32f3xx_hal_timebase_tim.c ****   */
  42:Src/stm32f3xx_hal_timebase_tim.c **** HAL_StatusTypeDef HAL_InitTick(uint32_t TickPriority)
  43:Src/stm32f3xx_hal_timebase_tim.c **** {
  28              		.loc 1 43 0
  29              		.cfi_startproc
  30              		@ args = 0, pretend = 0, frame = 32
  31              		@ frame_needed = 0, uses_anonymous_args = 0
  32              	.LVL0:
  33 0000 00B5     		push	{lr}
  34              	.LCFI0:
  35              		.cfi_def_cfa_offset 4
  36              		.cfi_offset 14, -4
  37 0002 89B0     		sub	sp, sp, #36
  38              	.LCFI1:
  39              		.cfi_def_cfa_offset 40
  40              	.LVL1:
  44:Src/stm32f3xx_hal_timebase_tim.c ****   RCC_ClkInitTypeDef    clkconfig;
  45:Src/stm32f3xx_hal_timebase_tim.c ****   uint32_t              uwTimclock = 0;
  46:Src/stm32f3xx_hal_timebase_tim.c ****   uint32_t              uwPrescalerValue = 0;
  47:Src/stm32f3xx_hal_timebase_tim.c ****   uint32_t              pFLatency;
  48:Src/stm32f3xx_hal_timebase_tim.c ****   
  49:Src/stm32f3xx_hal_timebase_tim.c ****   /*Configure the TIM19 IRQ priority */
  50:Src/stm32f3xx_hal_timebase_tim.c ****   HAL_NVIC_SetPriority(TIM19_IRQn, TickPriority ,0); 
  41              		.loc 1 50 0
  42 0004 0022     		movs	r2, #0
  43 0006 0146     		mov	r1, r0
  44 0008 4E20     		movs	r0, #78
  45              	.LVL2:
  46 000a FFF7FEFF 		bl	HAL_NVIC_SetPriority
  47              	.LVL3:
  51:Src/stm32f3xx_hal_timebase_tim.c ****   
  52:Src/stm32f3xx_hal_timebase_tim.c ****   /* Enable the TIM19 global Interrupt */
  53:Src/stm32f3xx_hal_timebase_tim.c ****   HAL_NVIC_EnableIRQ(TIM19_IRQn); 
  48              		.loc 1 53 0
  49 000e 4E20     		movs	r0, #78
  50 0010 FFF7FEFF 		bl	HAL_NVIC_EnableIRQ
  51              	.LVL4:
  52              	.LBB2:
  54:Src/stm32f3xx_hal_timebase_tim.c ****   
  55:Src/stm32f3xx_hal_timebase_tim.c ****   /* Enable TIM19 clock */
  56:Src/stm32f3xx_hal_timebase_tim.c ****   __HAL_RCC_TIM19_CLK_ENABLE();
  53              		.loc 1 56 0
  54 0014 144B     		ldr	r3, .L6
  55 0016 9A69     		ldr	r2, [r3, #24]
  56 0018 42F40022 		orr	r2, r2, #524288
  57 001c 9A61     		str	r2, [r3, #24]
  58 001e 9B69     		ldr	r3, [r3, #24]
  59 0020 03F40023 		and	r3, r3, #524288
ARM GAS  C:\Users\acw\AppData\Local\Temp\ccIOnzqt.s 			page 3


  60 0024 0193     		str	r3, [sp, #4]
  61 0026 019B     		ldr	r3, [sp, #4]
  62              	.LBE2:
  57:Src/stm32f3xx_hal_timebase_tim.c ****   
  58:Src/stm32f3xx_hal_timebase_tim.c ****   /* Get clock configuration */
  59:Src/stm32f3xx_hal_timebase_tim.c ****   HAL_RCC_GetClockConfig(&clkconfig, &pFLatency);
  63              		.loc 1 59 0
  64 0028 02A9     		add	r1, sp, #8
  65 002a 03A8     		add	r0, sp, #12
  66 002c FFF7FEFF 		bl	HAL_RCC_GetClockConfig
  67              	.LVL5:
  60:Src/stm32f3xx_hal_timebase_tim.c ****   
  61:Src/stm32f3xx_hal_timebase_tim.c ****   /* Compute TIM19 clock */
  62:Src/stm32f3xx_hal_timebase_tim.c ****   uwTimclock = HAL_RCC_GetPCLK2Freq();
  68              		.loc 1 62 0
  69 0030 FFF7FEFF 		bl	HAL_RCC_GetPCLK2Freq
  70              	.LVL6:
  63:Src/stm32f3xx_hal_timebase_tim.c ****    
  64:Src/stm32f3xx_hal_timebase_tim.c ****   /* Compute the prescaler value to have TIM19 counter clock equal to 1MHz */
  65:Src/stm32f3xx_hal_timebase_tim.c ****   uwPrescalerValue = (uint32_t) ((uwTimclock / 1000000) - 1);
  71              		.loc 1 65 0
  72 0034 0D4B     		ldr	r3, .L6+4
  73 0036 A3FB0023 		umull	r2, r3, r3, r0
  74 003a 9B0C     		lsrs	r3, r3, #18
  75 003c 013B     		subs	r3, r3, #1
  76              	.LVL7:
  66:Src/stm32f3xx_hal_timebase_tim.c ****   
  67:Src/stm32f3xx_hal_timebase_tim.c ****   /* Initialize TIM19 */
  68:Src/stm32f3xx_hal_timebase_tim.c ****   htim19.Instance = TIM19;
  77              		.loc 1 68 0
  78 003e 0C48     		ldr	r0, .L6+8
  79              	.LVL8:
  80 0040 0C4A     		ldr	r2, .L6+12
  81 0042 0260     		str	r2, [r0]
  69:Src/stm32f3xx_hal_timebase_tim.c ****   
  70:Src/stm32f3xx_hal_timebase_tim.c ****   /* Initialize TIMx peripheral as follow:
  71:Src/stm32f3xx_hal_timebase_tim.c ****   + Period = [(TIM19CLK/1000) - 1]. to have a (1/1000) s time base.
  72:Src/stm32f3xx_hal_timebase_tim.c ****   + Prescaler = (uwTimclock/1000000 - 1) to have a 1MHz counter clock.
  73:Src/stm32f3xx_hal_timebase_tim.c ****   + ClockDivision = 0
  74:Src/stm32f3xx_hal_timebase_tim.c ****   + Counter direction = Up
  75:Src/stm32f3xx_hal_timebase_tim.c ****   */
  76:Src/stm32f3xx_hal_timebase_tim.c ****   htim19.Init.Period = (1000000 / 1000) - 1;
  82              		.loc 1 76 0
  83 0044 40F2E732 		movw	r2, #999
  84 0048 C260     		str	r2, [r0, #12]
  77:Src/stm32f3xx_hal_timebase_tim.c ****   htim19.Init.Prescaler = uwPrescalerValue;
  85              		.loc 1 77 0
  86 004a 4360     		str	r3, [r0, #4]
  78:Src/stm32f3xx_hal_timebase_tim.c ****   htim19.Init.ClockDivision = 0;
  87              		.loc 1 78 0
  88 004c 0023     		movs	r3, #0
  89              	.LVL9:
  90 004e 0361     		str	r3, [r0, #16]
  79:Src/stm32f3xx_hal_timebase_tim.c ****   htim19.Init.CounterMode = TIM_COUNTERMODE_UP;
  91              		.loc 1 79 0
  92 0050 8360     		str	r3, [r0, #8]
  80:Src/stm32f3xx_hal_timebase_tim.c ****   if(HAL_TIM_Base_Init(&htim19) == HAL_OK)
ARM GAS  C:\Users\acw\AppData\Local\Temp\ccIOnzqt.s 			page 4


  93              		.loc 1 80 0
  94 0052 FFF7FEFF 		bl	HAL_TIM_Base_Init
  95              	.LVL10:
  96 0056 18B1     		cbz	r0, .L5
  81:Src/stm32f3xx_hal_timebase_tim.c ****   {
  82:Src/stm32f3xx_hal_timebase_tim.c ****     /* Start the TIM time Base generation in interrupt mode */
  83:Src/stm32f3xx_hal_timebase_tim.c ****     return HAL_TIM_Base_Start_IT(&htim19);
  84:Src/stm32f3xx_hal_timebase_tim.c ****   }
  85:Src/stm32f3xx_hal_timebase_tim.c ****   
  86:Src/stm32f3xx_hal_timebase_tim.c ****   /* Return function status */
  87:Src/stm32f3xx_hal_timebase_tim.c ****   return HAL_ERROR;
  97              		.loc 1 87 0
  98 0058 0120     		movs	r0, #1
  99              	.L2:
  88:Src/stm32f3xx_hal_timebase_tim.c **** }
 100              		.loc 1 88 0
 101 005a 09B0     		add	sp, sp, #36
 102              	.LCFI2:
 103              		.cfi_remember_state
 104              		.cfi_def_cfa_offset 4
 105              		@ sp needed
 106 005c 5DF804FB 		ldr	pc, [sp], #4
 107              	.L5:
 108              	.LCFI3:
 109              		.cfi_restore_state
  83:Src/stm32f3xx_hal_timebase_tim.c ****   }
 110              		.loc 1 83 0
 111 0060 0348     		ldr	r0, .L6+8
 112 0062 FFF7FEFF 		bl	HAL_TIM_Base_Start_IT
 113              	.LVL11:
 114 0066 F8E7     		b	.L2
 115              	.L7:
 116              		.align	2
 117              	.L6:
 118 0068 00100240 		.word	1073876992
 119 006c 83DE1B43 		.word	1125899907
 120 0070 00000000 		.word	htim19
 121 0074 005C0140 		.word	1073830912
 122              		.cfi_endproc
 123              	.LFE126:
 125              		.section	.text.HAL_SuspendTick,"ax",%progbits
 126              		.align	1
 127              		.global	HAL_SuspendTick
 128              		.syntax unified
 129              		.thumb
 130              		.thumb_func
 131              		.fpu fpv4-sp-d16
 133              	HAL_SuspendTick:
 134              	.LFB127:
  89:Src/stm32f3xx_hal_timebase_tim.c **** 
  90:Src/stm32f3xx_hal_timebase_tim.c **** /**
  91:Src/stm32f3xx_hal_timebase_tim.c ****   * @brief  Suspend Tick increment.
  92:Src/stm32f3xx_hal_timebase_tim.c ****   * @note   Disable the tick increment by disabling TIM19 update interrupt.
  93:Src/stm32f3xx_hal_timebase_tim.c ****   * @param  None
  94:Src/stm32f3xx_hal_timebase_tim.c ****   * @retval None
  95:Src/stm32f3xx_hal_timebase_tim.c ****   */
  96:Src/stm32f3xx_hal_timebase_tim.c **** void HAL_SuspendTick(void)
ARM GAS  C:\Users\acw\AppData\Local\Temp\ccIOnzqt.s 			page 5


  97:Src/stm32f3xx_hal_timebase_tim.c **** {
 135              		.loc 1 97 0
 136              		.cfi_startproc
 137              		@ args = 0, pretend = 0, frame = 0
 138              		@ frame_needed = 0, uses_anonymous_args = 0
 139              		@ link register save eliminated.
  98:Src/stm32f3xx_hal_timebase_tim.c ****   /* Disable TIM19 update Interrupt */
  99:Src/stm32f3xx_hal_timebase_tim.c ****   __HAL_TIM_DISABLE_IT(&htim19, TIM_IT_UPDATE);                                                  
 140              		.loc 1 99 0
 141 0000 034B     		ldr	r3, .L9
 142 0002 1A68     		ldr	r2, [r3]
 143 0004 D368     		ldr	r3, [r2, #12]
 144 0006 23F00103 		bic	r3, r3, #1
 145 000a D360     		str	r3, [r2, #12]
 100:Src/stm32f3xx_hal_timebase_tim.c **** }
 146              		.loc 1 100 0
 147 000c 7047     		bx	lr
 148              	.L10:
 149 000e 00BF     		.align	2
 150              	.L9:
 151 0010 00000000 		.word	htim19
 152              		.cfi_endproc
 153              	.LFE127:
 155              		.section	.text.HAL_ResumeTick,"ax",%progbits
 156              		.align	1
 157              		.global	HAL_ResumeTick
 158              		.syntax unified
 159              		.thumb
 160              		.thumb_func
 161              		.fpu fpv4-sp-d16
 163              	HAL_ResumeTick:
 164              	.LFB128:
 101:Src/stm32f3xx_hal_timebase_tim.c **** 
 102:Src/stm32f3xx_hal_timebase_tim.c **** /**
 103:Src/stm32f3xx_hal_timebase_tim.c ****   * @brief  Resume Tick increment.
 104:Src/stm32f3xx_hal_timebase_tim.c ****   * @note   Enable the tick increment by Enabling TIM19 update interrupt.
 105:Src/stm32f3xx_hal_timebase_tim.c ****   * @param  None
 106:Src/stm32f3xx_hal_timebase_tim.c ****   * @retval None
 107:Src/stm32f3xx_hal_timebase_tim.c ****   */
 108:Src/stm32f3xx_hal_timebase_tim.c **** void HAL_ResumeTick(void)
 109:Src/stm32f3xx_hal_timebase_tim.c **** {
 165              		.loc 1 109 0
 166              		.cfi_startproc
 167              		@ args = 0, pretend = 0, frame = 0
 168              		@ frame_needed = 0, uses_anonymous_args = 0
 169              		@ link register save eliminated.
 110:Src/stm32f3xx_hal_timebase_tim.c ****   /* Enable TIM19 Update interrupt */
 111:Src/stm32f3xx_hal_timebase_tim.c ****   __HAL_TIM_ENABLE_IT(&htim19, TIM_IT_UPDATE);
 170              		.loc 1 111 0
 171 0000 034B     		ldr	r3, .L12
 172 0002 1A68     		ldr	r2, [r3]
 173 0004 D368     		ldr	r3, [r2, #12]
 174 0006 43F00103 		orr	r3, r3, #1
 175 000a D360     		str	r3, [r2, #12]
 112:Src/stm32f3xx_hal_timebase_tim.c **** }
 176              		.loc 1 112 0
 177 000c 7047     		bx	lr
ARM GAS  C:\Users\acw\AppData\Local\Temp\ccIOnzqt.s 			page 6


 178              	.L13:
 179 000e 00BF     		.align	2
 180              	.L12:
 181 0010 00000000 		.word	htim19
 182              		.cfi_endproc
 183              	.LFE128:
 185              		.comm	htim19,64,4
 186              		.text
 187              	.Letext0:
 188              		.file 2 "c:\\program files (x86)\\gnu tools arm embedded\\7 2018-q2-update\\arm-none-eabi\\include
 189              		.file 3 "c:\\program files (x86)\\gnu tools arm embedded\\7 2018-q2-update\\arm-none-eabi\\include
 190              		.file 4 "Drivers/CMSIS/Include/core_cm4.h"
 191              		.file 5 "Drivers/CMSIS/Device/ST/STM32F3xx/Include/system_stm32f3xx.h"
 192              		.file 6 "Drivers/CMSIS/Device/ST/STM32F3xx/Include/stm32f373xc.h"
 193              		.file 7 "c:\\program files (x86)\\gnu tools arm embedded\\7 2018-q2-update\\arm-none-eabi\\include
 194              		.file 8 "c:\\program files (x86)\\gnu tools arm embedded\\7 2018-q2-update\\arm-none-eabi\\include
 195              		.file 9 "c:\\program files (x86)\\gnu tools arm embedded\\7 2018-q2-update\\lib\\gcc\\arm-none-eab
 196              		.file 10 "c:\\program files (x86)\\gnu tools arm embedded\\7 2018-q2-update\\arm-none-eabi\\includ
 197              		.file 11 "Drivers/STM32F3xx_HAL_Driver/Inc/stm32f3xx_hal_def.h"
 198              		.file 12 "Drivers/STM32F3xx_HAL_Driver/Inc/stm32f3xx_hal_rcc.h"
 199              		.file 13 "Drivers/STM32F3xx_HAL_Driver/Inc/stm32f3xx_hal_dma.h"
 200              		.file 14 "Drivers/STM32F3xx_HAL_Driver/Inc/stm32f3xx_hal_tim.h"
 201              		.file 15 "Drivers/STM32F3xx_HAL_Driver/Inc/stm32f3xx_hal.h"
 202              		.file 16 "Drivers/STM32F3xx_HAL_Driver/Inc/stm32f3xx_hal_cortex.h"
ARM GAS  C:\Users\acw\AppData\Local\Temp\ccIOnzqt.s 			page 7


DEFINED SYMBOLS
                            *ABS*:00000000 stm32f3xx_hal_timebase_tim.c
C:\Users\acw\AppData\Local\Temp\ccIOnzqt.s:18     .text.HAL_InitTick:00000000 $t
C:\Users\acw\AppData\Local\Temp\ccIOnzqt.s:25     .text.HAL_InitTick:00000000 HAL_InitTick
C:\Users\acw\AppData\Local\Temp\ccIOnzqt.s:118    .text.HAL_InitTick:00000068 $d
                            *COM*:00000040 htim19
C:\Users\acw\AppData\Local\Temp\ccIOnzqt.s:126    .text.HAL_SuspendTick:00000000 $t
C:\Users\acw\AppData\Local\Temp\ccIOnzqt.s:133    .text.HAL_SuspendTick:00000000 HAL_SuspendTick
C:\Users\acw\AppData\Local\Temp\ccIOnzqt.s:151    .text.HAL_SuspendTick:00000010 $d
C:\Users\acw\AppData\Local\Temp\ccIOnzqt.s:156    .text.HAL_ResumeTick:00000000 $t
C:\Users\acw\AppData\Local\Temp\ccIOnzqt.s:163    .text.HAL_ResumeTick:00000000 HAL_ResumeTick
C:\Users\acw\AppData\Local\Temp\ccIOnzqt.s:181    .text.HAL_ResumeTick:00000010 $d

UNDEFINED SYMBOLS
HAL_NVIC_SetPriority
HAL_NVIC_EnableIRQ
HAL_RCC_GetClockConfig
HAL_RCC_GetPCLK2Freq
HAL_TIM_Base_Init
HAL_TIM_Base_Start_IT
