ARM GAS  C:\Users\acw\AppData\Local\Temp\ccJVWwzn.s 			page 1


   1              		.cpu cortex-m4
   2              		.eabi_attribute 27, 1
   3              		.eabi_attribute 28, 1
   4              		.eabi_attribute 20, 1
   5              		.eabi_attribute 21, 1
   6              		.eabi_attribute 23, 3
   7              		.eabi_attribute 24, 1
   8              		.eabi_attribute 25, 1
   9              		.eabi_attribute 26, 1
  10              		.eabi_attribute 30, 1
  11              		.eabi_attribute 34, 1
  12              		.eabi_attribute 18, 4
  13              		.file	"stm32f3xx_hal_pcd_ex.c"
  14              		.text
  15              	.Ltext0:
  16              		.cfi_sections	.debug_frame
  17              		.section	.text.HAL_PCDEx_PMAConfig,"ax",%progbits
  18              		.align	1
  19              		.global	HAL_PCDEx_PMAConfig
  20              		.syntax unified
  21              		.thumb
  22              		.thumb_func
  23              		.fpu fpv4-sp-d16
  25              	HAL_PCDEx_PMAConfig:
  26              	.LFB126:
  27              		.file 1 "Drivers/STM32F3xx_HAL_Driver/Src/stm32f3xx_hal_pcd_ex.c"
   1:Drivers/STM32F3xx_HAL_Driver/Src/stm32f3xx_hal_pcd_ex.c **** /**
   2:Drivers/STM32F3xx_HAL_Driver/Src/stm32f3xx_hal_pcd_ex.c ****   ******************************************************************************
   3:Drivers/STM32F3xx_HAL_Driver/Src/stm32f3xx_hal_pcd_ex.c ****   * @file    stm32f3xx_hal_pcd_ex.c
   4:Drivers/STM32F3xx_HAL_Driver/Src/stm32f3xx_hal_pcd_ex.c ****   * @author  MCD Application Team
   5:Drivers/STM32F3xx_HAL_Driver/Src/stm32f3xx_hal_pcd_ex.c ****   * @brief   Extended PCD HAL module driver.
   6:Drivers/STM32F3xx_HAL_Driver/Src/stm32f3xx_hal_pcd_ex.c ****   *          This file provides firmware functions to manage the following 
   7:Drivers/STM32F3xx_HAL_Driver/Src/stm32f3xx_hal_pcd_ex.c ****   *          functionalities of the USB Peripheral Controller:
   8:Drivers/STM32F3xx_HAL_Driver/Src/stm32f3xx_hal_pcd_ex.c ****   *           + Configuration of the PMA for EP
   9:Drivers/STM32F3xx_HAL_Driver/Src/stm32f3xx_hal_pcd_ex.c ****   *         
  10:Drivers/STM32F3xx_HAL_Driver/Src/stm32f3xx_hal_pcd_ex.c ****   ******************************************************************************
  11:Drivers/STM32F3xx_HAL_Driver/Src/stm32f3xx_hal_pcd_ex.c ****   * @attention
  12:Drivers/STM32F3xx_HAL_Driver/Src/stm32f3xx_hal_pcd_ex.c ****   *
  13:Drivers/STM32F3xx_HAL_Driver/Src/stm32f3xx_hal_pcd_ex.c ****   * <h2><center>&copy; COPYRIGHT(c) 2016 STMicroelectronics</center></h2>
  14:Drivers/STM32F3xx_HAL_Driver/Src/stm32f3xx_hal_pcd_ex.c ****   *
  15:Drivers/STM32F3xx_HAL_Driver/Src/stm32f3xx_hal_pcd_ex.c ****   * Redistribution and use in source and binary forms, with or without modification,
  16:Drivers/STM32F3xx_HAL_Driver/Src/stm32f3xx_hal_pcd_ex.c ****   * are permitted provided that the following conditions are met:
  17:Drivers/STM32F3xx_HAL_Driver/Src/stm32f3xx_hal_pcd_ex.c ****   *   1. Redistributions of source code must retain the above copyright notice,
  18:Drivers/STM32F3xx_HAL_Driver/Src/stm32f3xx_hal_pcd_ex.c ****   *      this list of conditions and the following disclaimer.
  19:Drivers/STM32F3xx_HAL_Driver/Src/stm32f3xx_hal_pcd_ex.c ****   *   2. Redistributions in binary form must reproduce the above copyright notice,
  20:Drivers/STM32F3xx_HAL_Driver/Src/stm32f3xx_hal_pcd_ex.c ****   *      this list of conditions and the following disclaimer in the documentation
  21:Drivers/STM32F3xx_HAL_Driver/Src/stm32f3xx_hal_pcd_ex.c ****   *      and/or other materials provided with the distribution.
  22:Drivers/STM32F3xx_HAL_Driver/Src/stm32f3xx_hal_pcd_ex.c ****   *   3. Neither the name of STMicroelectronics nor the names of its contributors
  23:Drivers/STM32F3xx_HAL_Driver/Src/stm32f3xx_hal_pcd_ex.c ****   *      may be used to endorse or promote products derived from this software
  24:Drivers/STM32F3xx_HAL_Driver/Src/stm32f3xx_hal_pcd_ex.c ****   *      without specific prior written permission.
  25:Drivers/STM32F3xx_HAL_Driver/Src/stm32f3xx_hal_pcd_ex.c ****   *
  26:Drivers/STM32F3xx_HAL_Driver/Src/stm32f3xx_hal_pcd_ex.c ****   * THIS SOFTWARE IS PROVIDED BY THE COPYRIGHT HOLDERS AND CONTRIBUTORS "AS IS"
  27:Drivers/STM32F3xx_HAL_Driver/Src/stm32f3xx_hal_pcd_ex.c ****   * AND ANY EXPRESS OR IMPLIED WARRANTIES, INCLUDING, BUT NOT LIMITED TO, THE
  28:Drivers/STM32F3xx_HAL_Driver/Src/stm32f3xx_hal_pcd_ex.c ****   * IMPLIED WARRANTIES OF MERCHANTABILITY AND FITNESS FOR A PARTICULAR PURPOSE ARE
  29:Drivers/STM32F3xx_HAL_Driver/Src/stm32f3xx_hal_pcd_ex.c ****   * DISCLAIMED. IN NO EVENT SHALL THE COPYRIGHT HOLDER OR CONTRIBUTORS BE LIABLE
  30:Drivers/STM32F3xx_HAL_Driver/Src/stm32f3xx_hal_pcd_ex.c ****   * FOR ANY DIRECT, INDIRECT, INCIDENTAL, SPECIAL, EXEMPLARY, OR CONSEQUENTIAL
  31:Drivers/STM32F3xx_HAL_Driver/Src/stm32f3xx_hal_pcd_ex.c ****   * DAMAGES (INCLUDING, BUT NOT LIMITED TO, PROCUREMENT OF SUBSTITUTE GOODS OR
ARM GAS  C:\Users\acw\AppData\Local\Temp\ccJVWwzn.s 			page 2


  32:Drivers/STM32F3xx_HAL_Driver/Src/stm32f3xx_hal_pcd_ex.c ****   * SERVICES; LOSS OF USE, DATA, OR PROFITS; OR BUSINESS INTERRUPTION) HOWEVER
  33:Drivers/STM32F3xx_HAL_Driver/Src/stm32f3xx_hal_pcd_ex.c ****   * CAUSED AND ON ANY THEORY OF LIABILITY, WHETHER IN CONTRACT, STRICT LIABILITY,
  34:Drivers/STM32F3xx_HAL_Driver/Src/stm32f3xx_hal_pcd_ex.c ****   * OR TORT (INCLUDING NEGLIGENCE OR OTHERWISE) ARISING IN ANY WAY OUT OF THE USE
  35:Drivers/STM32F3xx_HAL_Driver/Src/stm32f3xx_hal_pcd_ex.c ****   * OF THIS SOFTWARE, EVEN IF ADVISED OF THE POSSIBILITY OF SUCH DAMAGE.
  36:Drivers/STM32F3xx_HAL_Driver/Src/stm32f3xx_hal_pcd_ex.c ****   *
  37:Drivers/STM32F3xx_HAL_Driver/Src/stm32f3xx_hal_pcd_ex.c ****   ******************************************************************************
  38:Drivers/STM32F3xx_HAL_Driver/Src/stm32f3xx_hal_pcd_ex.c ****   */
  39:Drivers/STM32F3xx_HAL_Driver/Src/stm32f3xx_hal_pcd_ex.c **** 
  40:Drivers/STM32F3xx_HAL_Driver/Src/stm32f3xx_hal_pcd_ex.c **** /* Includes ------------------------------------------------------------------*/
  41:Drivers/STM32F3xx_HAL_Driver/Src/stm32f3xx_hal_pcd_ex.c **** #include "stm32f3xx_hal.h"
  42:Drivers/STM32F3xx_HAL_Driver/Src/stm32f3xx_hal_pcd_ex.c **** 
  43:Drivers/STM32F3xx_HAL_Driver/Src/stm32f3xx_hal_pcd_ex.c **** #ifdef HAL_PCD_MODULE_ENABLED
  44:Drivers/STM32F3xx_HAL_Driver/Src/stm32f3xx_hal_pcd_ex.c **** 
  45:Drivers/STM32F3xx_HAL_Driver/Src/stm32f3xx_hal_pcd_ex.c **** #if defined(STM32F302xE) || defined(STM32F303xE) || \
  46:Drivers/STM32F3xx_HAL_Driver/Src/stm32f3xx_hal_pcd_ex.c ****     defined(STM32F302xC) || defined(STM32F303xC) || \
  47:Drivers/STM32F3xx_HAL_Driver/Src/stm32f3xx_hal_pcd_ex.c ****     defined(STM32F302x8)                         || \
  48:Drivers/STM32F3xx_HAL_Driver/Src/stm32f3xx_hal_pcd_ex.c ****     defined(STM32F373xC)
  49:Drivers/STM32F3xx_HAL_Driver/Src/stm32f3xx_hal_pcd_ex.c **** 
  50:Drivers/STM32F3xx_HAL_Driver/Src/stm32f3xx_hal_pcd_ex.c **** /** @addtogroup STM32F3xx_HAL_Driver
  51:Drivers/STM32F3xx_HAL_Driver/Src/stm32f3xx_hal_pcd_ex.c ****   * @{
  52:Drivers/STM32F3xx_HAL_Driver/Src/stm32f3xx_hal_pcd_ex.c ****   */
  53:Drivers/STM32F3xx_HAL_Driver/Src/stm32f3xx_hal_pcd_ex.c **** 
  54:Drivers/STM32F3xx_HAL_Driver/Src/stm32f3xx_hal_pcd_ex.c **** /** @defgroup PCDEx PCDEx
  55:Drivers/STM32F3xx_HAL_Driver/Src/stm32f3xx_hal_pcd_ex.c ****   * @brief PCD Extended HAL module driver
  56:Drivers/STM32F3xx_HAL_Driver/Src/stm32f3xx_hal_pcd_ex.c ****   * @{
  57:Drivers/STM32F3xx_HAL_Driver/Src/stm32f3xx_hal_pcd_ex.c ****   */
  58:Drivers/STM32F3xx_HAL_Driver/Src/stm32f3xx_hal_pcd_ex.c **** 
  59:Drivers/STM32F3xx_HAL_Driver/Src/stm32f3xx_hal_pcd_ex.c **** /* Private typedef -----------------------------------------------------------*/
  60:Drivers/STM32F3xx_HAL_Driver/Src/stm32f3xx_hal_pcd_ex.c **** /* Private define ------------------------------------------------------------*/
  61:Drivers/STM32F3xx_HAL_Driver/Src/stm32f3xx_hal_pcd_ex.c **** /* Private macro -------------------------------------------------------------*/
  62:Drivers/STM32F3xx_HAL_Driver/Src/stm32f3xx_hal_pcd_ex.c **** /* Private variables ---------------------------------------------------------*/
  63:Drivers/STM32F3xx_HAL_Driver/Src/stm32f3xx_hal_pcd_ex.c **** /* Private function prototypes -----------------------------------------------*/
  64:Drivers/STM32F3xx_HAL_Driver/Src/stm32f3xx_hal_pcd_ex.c **** /* Exported functions ---------------------------------------------------------*/
  65:Drivers/STM32F3xx_HAL_Driver/Src/stm32f3xx_hal_pcd_ex.c **** 
  66:Drivers/STM32F3xx_HAL_Driver/Src/stm32f3xx_hal_pcd_ex.c **** /** @defgroup PCDEx_Exported_Functions PCDEx Exported Functions
  67:Drivers/STM32F3xx_HAL_Driver/Src/stm32f3xx_hal_pcd_ex.c ****   * @{
  68:Drivers/STM32F3xx_HAL_Driver/Src/stm32f3xx_hal_pcd_ex.c ****   */
  69:Drivers/STM32F3xx_HAL_Driver/Src/stm32f3xx_hal_pcd_ex.c **** 
  70:Drivers/STM32F3xx_HAL_Driver/Src/stm32f3xx_hal_pcd_ex.c **** /** @defgroup PCDEx_Exported_Functions_Group1 Peripheral Control functions
  71:Drivers/STM32F3xx_HAL_Driver/Src/stm32f3xx_hal_pcd_ex.c ****   * @brief    PCDEx control functions 
  72:Drivers/STM32F3xx_HAL_Driver/Src/stm32f3xx_hal_pcd_ex.c ****   *
  73:Drivers/STM32F3xx_HAL_Driver/Src/stm32f3xx_hal_pcd_ex.c **** @verbatim
  74:Drivers/STM32F3xx_HAL_Driver/Src/stm32f3xx_hal_pcd_ex.c ****  ===============================================================================
  75:Drivers/STM32F3xx_HAL_Driver/Src/stm32f3xx_hal_pcd_ex.c ****               ##### Extended Peripheral Control functions #####
  76:Drivers/STM32F3xx_HAL_Driver/Src/stm32f3xx_hal_pcd_ex.c ****  ===============================================================================
  77:Drivers/STM32F3xx_HAL_Driver/Src/stm32f3xx_hal_pcd_ex.c ****     [..]  This section provides functions allowing to:
  78:Drivers/STM32F3xx_HAL_Driver/Src/stm32f3xx_hal_pcd_ex.c ****       (+) Update PMA configuration
  79:Drivers/STM32F3xx_HAL_Driver/Src/stm32f3xx_hal_pcd_ex.c **** 
  80:Drivers/STM32F3xx_HAL_Driver/Src/stm32f3xx_hal_pcd_ex.c **** @endverbatim
  81:Drivers/STM32F3xx_HAL_Driver/Src/stm32f3xx_hal_pcd_ex.c ****   * @{
  82:Drivers/STM32F3xx_HAL_Driver/Src/stm32f3xx_hal_pcd_ex.c ****   */
  83:Drivers/STM32F3xx_HAL_Driver/Src/stm32f3xx_hal_pcd_ex.c **** 
  84:Drivers/STM32F3xx_HAL_Driver/Src/stm32f3xx_hal_pcd_ex.c **** /**
  85:Drivers/STM32F3xx_HAL_Driver/Src/stm32f3xx_hal_pcd_ex.c ****   * @brief Configure PMA for EP
  86:Drivers/STM32F3xx_HAL_Driver/Src/stm32f3xx_hal_pcd_ex.c ****   * @param  hpcd PCD handle
  87:Drivers/STM32F3xx_HAL_Driver/Src/stm32f3xx_hal_pcd_ex.c ****   * @param  ep_addr endpoint address
  88:Drivers/STM32F3xx_HAL_Driver/Src/stm32f3xx_hal_pcd_ex.c ****   * @param  ep_kind endpoint Kind
ARM GAS  C:\Users\acw\AppData\Local\Temp\ccJVWwzn.s 			page 3


  89:Drivers/STM32F3xx_HAL_Driver/Src/stm32f3xx_hal_pcd_ex.c ****   *                @arg USB_SNG_BUF: Single Buffer used
  90:Drivers/STM32F3xx_HAL_Driver/Src/stm32f3xx_hal_pcd_ex.c ****   *                @arg USB_DBL_BUF: Double Buffer used
  91:Drivers/STM32F3xx_HAL_Driver/Src/stm32f3xx_hal_pcd_ex.c ****   * @param  pmaadress EP address in The PMA: In case of single buffer endpoint
  92:Drivers/STM32F3xx_HAL_Driver/Src/stm32f3xx_hal_pcd_ex.c ****   *                   this parameter is 16-bit value providing the address
  93:Drivers/STM32F3xx_HAL_Driver/Src/stm32f3xx_hal_pcd_ex.c ****   *                   in PMA allocated to endpoint.
  94:Drivers/STM32F3xx_HAL_Driver/Src/stm32f3xx_hal_pcd_ex.c ****   *                   In case of double buffer endpoint this parameter
  95:Drivers/STM32F3xx_HAL_Driver/Src/stm32f3xx_hal_pcd_ex.c ****   *                   is a 32-bit value providing the endpoint buffer 0 address
  96:Drivers/STM32F3xx_HAL_Driver/Src/stm32f3xx_hal_pcd_ex.c ****   *                   in the LSB part of 32-bit value and endpoint buffer 1 address
  97:Drivers/STM32F3xx_HAL_Driver/Src/stm32f3xx_hal_pcd_ex.c ****   *                   in the MSB part of 32-bit value.
  98:Drivers/STM32F3xx_HAL_Driver/Src/stm32f3xx_hal_pcd_ex.c ****   * @retval : status
  99:Drivers/STM32F3xx_HAL_Driver/Src/stm32f3xx_hal_pcd_ex.c ****   */
 100:Drivers/STM32F3xx_HAL_Driver/Src/stm32f3xx_hal_pcd_ex.c **** 
 101:Drivers/STM32F3xx_HAL_Driver/Src/stm32f3xx_hal_pcd_ex.c **** HAL_StatusTypeDef  HAL_PCDEx_PMAConfig(PCD_HandleTypeDef *hpcd, 
 102:Drivers/STM32F3xx_HAL_Driver/Src/stm32f3xx_hal_pcd_ex.c ****                         uint16_t ep_addr,
 103:Drivers/STM32F3xx_HAL_Driver/Src/stm32f3xx_hal_pcd_ex.c ****                         uint16_t ep_kind,
 104:Drivers/STM32F3xx_HAL_Driver/Src/stm32f3xx_hal_pcd_ex.c ****                         uint32_t pmaadress)
 105:Drivers/STM32F3xx_HAL_Driver/Src/stm32f3xx_hal_pcd_ex.c **** 
 106:Drivers/STM32F3xx_HAL_Driver/Src/stm32f3xx_hal_pcd_ex.c **** {
  28              		.loc 1 106 0
  29              		.cfi_startproc
  30              		@ args = 0, pretend = 0, frame = 0
  31              		@ frame_needed = 0, uses_anonymous_args = 0
  32              		@ link register save eliminated.
  33              	.LVL0:
  34 0000 10B4     		push	{r4}
  35              	.LCFI0:
  36              		.cfi_def_cfa_offset 4
  37              		.cfi_offset 4, -4
 107:Drivers/STM32F3xx_HAL_Driver/Src/stm32f3xx_hal_pcd_ex.c ****   PCD_EPTypeDef *ep;
 108:Drivers/STM32F3xx_HAL_Driver/Src/stm32f3xx_hal_pcd_ex.c ****   
 109:Drivers/STM32F3xx_HAL_Driver/Src/stm32f3xx_hal_pcd_ex.c ****   /* initialize ep structure*/
 110:Drivers/STM32F3xx_HAL_Driver/Src/stm32f3xx_hal_pcd_ex.c ****   if ((0x80U & ep_addr) == 0x80U)
  38              		.loc 1 110 0
  39 0002 11F0800F 		tst	r1, #128
  40 0006 10D0     		beq	.L2
 111:Drivers/STM32F3xx_HAL_Driver/Src/stm32f3xx_hal_pcd_ex.c ****   {
 112:Drivers/STM32F3xx_HAL_Driver/Src/stm32f3xx_hal_pcd_ex.c ****     ep = &hpcd->IN_ep[ep_addr & 0x7FU];
  41              		.loc 1 112 0
  42 0008 01F07F01 		and	r1, r1, #127
  43              	.LVL1:
  44 000c C1EBC101 		rsb	r1, r1, r1, lsl #3
  45 0010 8C00     		lsls	r4, r1, #2
  46 0012 2834     		adds	r4, r4, #40
  47 0014 2044     		add	r0, r0, r4
  48              	.LVL2:
  49              	.L3:
 113:Drivers/STM32F3xx_HAL_Driver/Src/stm32f3xx_hal_pcd_ex.c ****   }
 114:Drivers/STM32F3xx_HAL_Driver/Src/stm32f3xx_hal_pcd_ex.c ****   else
 115:Drivers/STM32F3xx_HAL_Driver/Src/stm32f3xx_hal_pcd_ex.c ****   {
 116:Drivers/STM32F3xx_HAL_Driver/Src/stm32f3xx_hal_pcd_ex.c ****     ep = &hpcd->OUT_ep[ep_addr];
 117:Drivers/STM32F3xx_HAL_Driver/Src/stm32f3xx_hal_pcd_ex.c ****   }
 118:Drivers/STM32F3xx_HAL_Driver/Src/stm32f3xx_hal_pcd_ex.c ****   
 119:Drivers/STM32F3xx_HAL_Driver/Src/stm32f3xx_hal_pcd_ex.c ****   /* Here we check if the endpoint is single or double Buffer*/
 120:Drivers/STM32F3xx_HAL_Driver/Src/stm32f3xx_hal_pcd_ex.c ****   if (ep_kind == PCD_SNG_BUF)
  50              		.loc 1 120 0
  51 0016 82B1     		cbz	r2, .L7
 121:Drivers/STM32F3xx_HAL_Driver/Src/stm32f3xx_hal_pcd_ex.c ****   {
ARM GAS  C:\Users\acw\AppData\Local\Temp\ccJVWwzn.s 			page 4


 122:Drivers/STM32F3xx_HAL_Driver/Src/stm32f3xx_hal_pcd_ex.c ****     /*Single Buffer*/
 123:Drivers/STM32F3xx_HAL_Driver/Src/stm32f3xx_hal_pcd_ex.c ****     ep->doublebuffer = 0U;
 124:Drivers/STM32F3xx_HAL_Driver/Src/stm32f3xx_hal_pcd_ex.c ****     /*Configure the PMA*/
 125:Drivers/STM32F3xx_HAL_Driver/Src/stm32f3xx_hal_pcd_ex.c ****     ep->pmaadress = (uint16_t)pmaadress;
 126:Drivers/STM32F3xx_HAL_Driver/Src/stm32f3xx_hal_pcd_ex.c ****   }
 127:Drivers/STM32F3xx_HAL_Driver/Src/stm32f3xx_hal_pcd_ex.c ****   else /*USB_DBL_BUF*/
 128:Drivers/STM32F3xx_HAL_Driver/Src/stm32f3xx_hal_pcd_ex.c ****   {
 129:Drivers/STM32F3xx_HAL_Driver/Src/stm32f3xx_hal_pcd_ex.c ****     /*Double Buffer Endpoint*/
 130:Drivers/STM32F3xx_HAL_Driver/Src/stm32f3xx_hal_pcd_ex.c ****     ep->doublebuffer = 1;
  52              		.loc 1 130 0
  53 0018 0122     		movs	r2, #1
  54              	.LVL3:
  55 001a 8272     		strb	r2, [r0, #10]
 131:Drivers/STM32F3xx_HAL_Driver/Src/stm32f3xx_hal_pcd_ex.c ****     /*Configure the PMA*/
 132:Drivers/STM32F3xx_HAL_Driver/Src/stm32f3xx_hal_pcd_ex.c ****     ep->pmaaddr0 =  pmaadress & 0xFFFFU;
  56              		.loc 1 132 0
  57 001c C380     		strh	r3, [r0, #6]	@ movhi
 133:Drivers/STM32F3xx_HAL_Driver/Src/stm32f3xx_hal_pcd_ex.c ****     ep->pmaaddr1 =  (pmaadress & 0xFFFF0000U) >> 16U;
  58              		.loc 1 133 0
  59 001e 1B0C     		lsrs	r3, r3, #16
  60              	.LVL4:
  61 0020 0381     		strh	r3, [r0, #8]	@ movhi
  62              	.L5:
 134:Drivers/STM32F3xx_HAL_Driver/Src/stm32f3xx_hal_pcd_ex.c ****   }
 135:Drivers/STM32F3xx_HAL_Driver/Src/stm32f3xx_hal_pcd_ex.c ****   
 136:Drivers/STM32F3xx_HAL_Driver/Src/stm32f3xx_hal_pcd_ex.c ****   return HAL_OK; 
 137:Drivers/STM32F3xx_HAL_Driver/Src/stm32f3xx_hal_pcd_ex.c **** }
  63              		.loc 1 137 0
  64 0022 0020     		movs	r0, #0
  65              	.LVL5:
  66 0024 5DF8044B 		ldr	r4, [sp], #4
  67              	.LCFI1:
  68              		.cfi_remember_state
  69              		.cfi_restore 4
  70              		.cfi_def_cfa_offset 0
  71 0028 7047     		bx	lr
  72              	.LVL6:
  73              	.L2:
  74              	.LCFI2:
  75              		.cfi_restore_state
 116:Drivers/STM32F3xx_HAL_Driver/Src/stm32f3xx_hal_pcd_ex.c ****   }
  76              		.loc 1 116 0
  77 002a C1EBC101 		rsb	r1, r1, r1, lsl #3
  78              	.LVL7:
  79 002e 8C00     		lsls	r4, r1, #2
  80 0030 04F5E474 		add	r4, r4, #456
  81 0034 2044     		add	r0, r0, r4
  82              	.LVL8:
  83 0036 0430     		adds	r0, r0, #4
  84              	.LVL9:
  85 0038 EDE7     		b	.L3
  86              	.L7:
 123:Drivers/STM32F3xx_HAL_Driver/Src/stm32f3xx_hal_pcd_ex.c ****     /*Configure the PMA*/
  87              		.loc 1 123 0
  88 003a 8272     		strb	r2, [r0, #10]
 125:Drivers/STM32F3xx_HAL_Driver/Src/stm32f3xx_hal_pcd_ex.c ****   }
  89              		.loc 1 125 0
ARM GAS  C:\Users\acw\AppData\Local\Temp\ccJVWwzn.s 			page 5


  90 003c 8380     		strh	r3, [r0, #4]	@ movhi
  91 003e F0E7     		b	.L5
  92              		.cfi_endproc
  93              	.LFE126:
  95              		.section	.text.PCD_WritePMA,"ax",%progbits
  96              		.align	1
  97              		.global	PCD_WritePMA
  98              		.syntax unified
  99              		.thumb
 100              		.thumb_func
 101              		.fpu fpv4-sp-d16
 103              	PCD_WritePMA:
 104              	.LFB127:
 138:Drivers/STM32F3xx_HAL_Driver/Src/stm32f3xx_hal_pcd_ex.c **** /**
 139:Drivers/STM32F3xx_HAL_Driver/Src/stm32f3xx_hal_pcd_ex.c ****   * @}
 140:Drivers/STM32F3xx_HAL_Driver/Src/stm32f3xx_hal_pcd_ex.c ****   */ 
 141:Drivers/STM32F3xx_HAL_Driver/Src/stm32f3xx_hal_pcd_ex.c **** 
 142:Drivers/STM32F3xx_HAL_Driver/Src/stm32f3xx_hal_pcd_ex.c **** /**
 143:Drivers/STM32F3xx_HAL_Driver/Src/stm32f3xx_hal_pcd_ex.c ****   * @}
 144:Drivers/STM32F3xx_HAL_Driver/Src/stm32f3xx_hal_pcd_ex.c ****   */ 
 145:Drivers/STM32F3xx_HAL_Driver/Src/stm32f3xx_hal_pcd_ex.c **** 
 146:Drivers/STM32F3xx_HAL_Driver/Src/stm32f3xx_hal_pcd_ex.c **** /** @defgroup PCDEx_Private_Functions PCD Extended Private Functions
 147:Drivers/STM32F3xx_HAL_Driver/Src/stm32f3xx_hal_pcd_ex.c ****   * @{
 148:Drivers/STM32F3xx_HAL_Driver/Src/stm32f3xx_hal_pcd_ex.c ****   */
 149:Drivers/STM32F3xx_HAL_Driver/Src/stm32f3xx_hal_pcd_ex.c **** #if defined(STM32F303xC)                         || \
 150:Drivers/STM32F3xx_HAL_Driver/Src/stm32f3xx_hal_pcd_ex.c ****     defined(STM32F303x8) || defined(STM32F334x8) || \
 151:Drivers/STM32F3xx_HAL_Driver/Src/stm32f3xx_hal_pcd_ex.c ****     defined(STM32F301x8)                         || \
 152:Drivers/STM32F3xx_HAL_Driver/Src/stm32f3xx_hal_pcd_ex.c ****     defined(STM32F373xC) || defined(STM32F378xx) || \
 153:Drivers/STM32F3xx_HAL_Driver/Src/stm32f3xx_hal_pcd_ex.c ****     defined(STM32F302xC)
 154:Drivers/STM32F3xx_HAL_Driver/Src/stm32f3xx_hal_pcd_ex.c ****      
 155:Drivers/STM32F3xx_HAL_Driver/Src/stm32f3xx_hal_pcd_ex.c **** /**
 156:Drivers/STM32F3xx_HAL_Driver/Src/stm32f3xx_hal_pcd_ex.c ****   * @brief Copy a buffer from user memory area to packet memory area (PMA)
 157:Drivers/STM32F3xx_HAL_Driver/Src/stm32f3xx_hal_pcd_ex.c ****   * @param   USBx: USB peripheral instance register address.
 158:Drivers/STM32F3xx_HAL_Driver/Src/stm32f3xx_hal_pcd_ex.c ****   * @param   pbUsrBuf: pointer to user memory area.
 159:Drivers/STM32F3xx_HAL_Driver/Src/stm32f3xx_hal_pcd_ex.c ****   * @param   wPMABufAddr: address into PMA.
 160:Drivers/STM32F3xx_HAL_Driver/Src/stm32f3xx_hal_pcd_ex.c ****   * @param   wNBytes: no. of bytes to be copied.
 161:Drivers/STM32F3xx_HAL_Driver/Src/stm32f3xx_hal_pcd_ex.c ****   * @retval None
 162:Drivers/STM32F3xx_HAL_Driver/Src/stm32f3xx_hal_pcd_ex.c ****   */
 163:Drivers/STM32F3xx_HAL_Driver/Src/stm32f3xx_hal_pcd_ex.c **** void PCD_WritePMA(USB_TypeDef  *USBx, uint8_t *pbUsrBuf, uint16_t wPMABufAddr, uint16_t wNBytes)
 164:Drivers/STM32F3xx_HAL_Driver/Src/stm32f3xx_hal_pcd_ex.c **** {
 105              		.loc 1 164 0
 106              		.cfi_startproc
 107              		@ args = 0, pretend = 0, frame = 0
 108              		@ frame_needed = 0, uses_anonymous_args = 0
 109              		@ link register save eliminated.
 110              	.LVL10:
 165:Drivers/STM32F3xx_HAL_Driver/Src/stm32f3xx_hal_pcd_ex.c ****   uint32_t n =  ((uint32_t)((uint32_t)wNBytes + 1U)) >> 1U;
 111              		.loc 1 165 0
 112 0000 0133     		adds	r3, r3, #1
 113              	.LVL11:
 114 0002 5B08     		lsrs	r3, r3, #1
 115              	.LVL12:
 166:Drivers/STM32F3xx_HAL_Driver/Src/stm32f3xx_hal_pcd_ex.c ****   
 167:Drivers/STM32F3xx_HAL_Driver/Src/stm32f3xx_hal_pcd_ex.c ****   uint32_t i, temp1, temp2;
 168:Drivers/STM32F3xx_HAL_Driver/Src/stm32f3xx_hal_pcd_ex.c ****   uint16_t *pdwVal;
 169:Drivers/STM32F3xx_HAL_Driver/Src/stm32f3xx_hal_pcd_ex.c ****   pdwVal = (uint16_t *)((uint32_t)(wPMABufAddr * 2 + (uint32_t)USBx + 0x400U));
 116              		.loc 1 169 0
ARM GAS  C:\Users\acw\AppData\Local\Temp\ccJVWwzn.s 			page 6


 117 0004 00EB4202 		add	r2, r0, r2, lsl #1
 118              	.LVL13:
 119 0008 02F58062 		add	r2, r2, #1024
 120              	.LVL14:
 170:Drivers/STM32F3xx_HAL_Driver/Src/stm32f3xx_hal_pcd_ex.c ****   
 171:Drivers/STM32F3xx_HAL_Driver/Src/stm32f3xx_hal_pcd_ex.c ****   for (i = n; i != 0; i--)
 121              		.loc 1 171 0
 122 000c 6BB1     		cbz	r3, .L14
 164:Drivers/STM32F3xx_HAL_Driver/Src/stm32f3xx_hal_pcd_ex.c ****   uint32_t n =  ((uint32_t)((uint32_t)wNBytes + 1U)) >> 1U;
 123              		.loc 1 164 0
 124 000e 10B4     		push	{r4}
 125              	.LCFI3:
 126              		.cfi_def_cfa_offset 4
 127              		.cfi_offset 4, -4
 128              	.LVL15:
 129              	.L10:
 172:Drivers/STM32F3xx_HAL_Driver/Src/stm32f3xx_hal_pcd_ex.c ****   {
 173:Drivers/STM32F3xx_HAL_Driver/Src/stm32f3xx_hal_pcd_ex.c ****     temp1 = (uint16_t) * pbUsrBuf;
 130              		.loc 1 173 0 discriminator 3
 131 0010 0C78     		ldrb	r4, [r1]	@ zero_extendqisi2
 132              	.LVL16:
 174:Drivers/STM32F3xx_HAL_Driver/Src/stm32f3xx_hal_pcd_ex.c ****     pbUsrBuf++;
 175:Drivers/STM32F3xx_HAL_Driver/Src/stm32f3xx_hal_pcd_ex.c ****     temp2 = temp1 | ((uint16_t)((uint16_t)  * pbUsrBuf << 8U)) ;
 133              		.loc 1 175 0 discriminator 3
 134 0012 4878     		ldrb	r0, [r1, #1]	@ zero_extendqisi2
 135 0014 44EA0024 		orr	r4, r4, r0, lsl #8
 136              	.LVL17:
 176:Drivers/STM32F3xx_HAL_Driver/Src/stm32f3xx_hal_pcd_ex.c ****     *pdwVal++ = temp2;
 137              		.loc 1 176 0 discriminator 3
 138 0018 22F8044B 		strh	r4, [r2], #4	@ movhi
 139              	.LVL18:
 177:Drivers/STM32F3xx_HAL_Driver/Src/stm32f3xx_hal_pcd_ex.c ****     pdwVal++;
 178:Drivers/STM32F3xx_HAL_Driver/Src/stm32f3xx_hal_pcd_ex.c ****     pbUsrBuf++;
 140              		.loc 1 178 0 discriminator 3
 141 001c 0231     		adds	r1, r1, #2
 142              	.LVL19:
 171:Drivers/STM32F3xx_HAL_Driver/Src/stm32f3xx_hal_pcd_ex.c ****   {
 143              		.loc 1 171 0 discriminator 3
 144 001e 013B     		subs	r3, r3, #1
 145              	.LVL20:
 146 0020 002B     		cmp	r3, #0
 147 0022 F5D1     		bne	.L10
 179:Drivers/STM32F3xx_HAL_Driver/Src/stm32f3xx_hal_pcd_ex.c ****   }
 180:Drivers/STM32F3xx_HAL_Driver/Src/stm32f3xx_hal_pcd_ex.c **** }
 148              		.loc 1 180 0
 149 0024 5DF8044B 		ldr	r4, [sp], #4
 150              	.LCFI4:
 151              		.cfi_restore 4
 152              		.cfi_def_cfa_offset 0
 153              	.LVL21:
 154 0028 7047     		bx	lr
 155              	.LVL22:
 156              	.L14:
 157 002a 7047     		bx	lr
 158              		.cfi_endproc
 159              	.LFE127:
 161              		.section	.text.PCD_ReadPMA,"ax",%progbits
ARM GAS  C:\Users\acw\AppData\Local\Temp\ccJVWwzn.s 			page 7


 162              		.align	1
 163              		.global	PCD_ReadPMA
 164              		.syntax unified
 165              		.thumb
 166              		.thumb_func
 167              		.fpu fpv4-sp-d16
 169              	PCD_ReadPMA:
 170              	.LFB128:
 181:Drivers/STM32F3xx_HAL_Driver/Src/stm32f3xx_hal_pcd_ex.c **** 
 182:Drivers/STM32F3xx_HAL_Driver/Src/stm32f3xx_hal_pcd_ex.c **** /**
 183:Drivers/STM32F3xx_HAL_Driver/Src/stm32f3xx_hal_pcd_ex.c ****   * @brief Copy a buffer from user memory area to packet memory area (PMA)
 184:Drivers/STM32F3xx_HAL_Driver/Src/stm32f3xx_hal_pcd_ex.c ****   * @param   USBx: USB peripheral instance register address.
 185:Drivers/STM32F3xx_HAL_Driver/Src/stm32f3xx_hal_pcd_ex.c ****   * @param   pbUsrBuf: pointer to user memory area.
 186:Drivers/STM32F3xx_HAL_Driver/Src/stm32f3xx_hal_pcd_ex.c ****   * @param   wPMABufAddr: address into PMA.
 187:Drivers/STM32F3xx_HAL_Driver/Src/stm32f3xx_hal_pcd_ex.c ****   * @param   wNBytes: no. of bytes to be copied.
 188:Drivers/STM32F3xx_HAL_Driver/Src/stm32f3xx_hal_pcd_ex.c ****   * @retval None
 189:Drivers/STM32F3xx_HAL_Driver/Src/stm32f3xx_hal_pcd_ex.c ****   */
 190:Drivers/STM32F3xx_HAL_Driver/Src/stm32f3xx_hal_pcd_ex.c **** void PCD_ReadPMA(USB_TypeDef  *USBx, uint8_t *pbUsrBuf, uint16_t wPMABufAddr, uint16_t wNBytes)
 191:Drivers/STM32F3xx_HAL_Driver/Src/stm32f3xx_hal_pcd_ex.c **** {
 171              		.loc 1 191 0
 172              		.cfi_startproc
 173              		@ args = 0, pretend = 0, frame = 0
 174              		@ frame_needed = 0, uses_anonymous_args = 0
 175              		@ link register save eliminated.
 176              	.LVL23:
 177 0000 70B4     		push	{r4, r5, r6}
 178              	.LCFI5:
 179              		.cfi_def_cfa_offset 12
 180              		.cfi_offset 4, -12
 181              		.cfi_offset 5, -8
 182              		.cfi_offset 6, -4
 192:Drivers/STM32F3xx_HAL_Driver/Src/stm32f3xx_hal_pcd_ex.c ****   uint32_t n = (uint32_t)wNBytes >> 1U;
 183              		.loc 1 192 0
 184 0002 5E08     		lsrs	r6, r3, #1
 185              	.LVL24:
 193:Drivers/STM32F3xx_HAL_Driver/Src/stm32f3xx_hal_pcd_ex.c ****   uint32_t i;
 194:Drivers/STM32F3xx_HAL_Driver/Src/stm32f3xx_hal_pcd_ex.c ****   uint16_t *pdwVal;
 195:Drivers/STM32F3xx_HAL_Driver/Src/stm32f3xx_hal_pcd_ex.c ****   uint32_t temp;
 196:Drivers/STM32F3xx_HAL_Driver/Src/stm32f3xx_hal_pcd_ex.c ****   pdwVal = (uint16_t *)((uint32_t)(wPMABufAddr * 2 + (uint32_t)USBx + 0x400U));
 186              		.loc 1 196 0
 187 0004 00EB4202 		add	r2, r0, r2, lsl #1
 188              	.LVL25:
 189 0008 02F58062 		add	r2, r2, #1024
 190              	.LVL26:
 197:Drivers/STM32F3xx_HAL_Driver/Src/stm32f3xx_hal_pcd_ex.c ****   
 198:Drivers/STM32F3xx_HAL_Driver/Src/stm32f3xx_hal_pcd_ex.c ****   for (i = n; i != 0U; i--)
 191              		.loc 1 198 0
 192 000c 08E0     		b	.L16
 193              	.LVL27:
 194              	.L17:
 199:Drivers/STM32F3xx_HAL_Driver/Src/stm32f3xx_hal_pcd_ex.c ****   {
 200:Drivers/STM32F3xx_HAL_Driver/Src/stm32f3xx_hal_pcd_ex.c ****     temp = *pdwVal++;
 195              		.loc 1 200 0 discriminator 3
 196 000e 32F8044B 		ldrh	r4, [r2], #4
 197              	.LVL28:
 201:Drivers/STM32F3xx_HAL_Driver/Src/stm32f3xx_hal_pcd_ex.c ****     *pbUsrBuf++ = ((temp >> 0) & 0xFF);
 198              		.loc 1 201 0 discriminator 3
ARM GAS  C:\Users\acw\AppData\Local\Temp\ccJVWwzn.s 			page 8


 199 0012 0D46     		mov	r5, r1
 200 0014 05F8024B 		strb	r4, [r5], #2
 202:Drivers/STM32F3xx_HAL_Driver/Src/stm32f3xx_hal_pcd_ex.c ****     *pbUsrBuf++ = ((temp >> 8) & 0xFF);
 201              		.loc 1 202 0 discriminator 3
 202 0018 240A     		lsrs	r4, r4, #8
 203              	.LVL29:
 204 001a 4C70     		strb	r4, [r1, #1]
 205              	.LVL30:
 198:Drivers/STM32F3xx_HAL_Driver/Src/stm32f3xx_hal_pcd_ex.c ****   {
 206              		.loc 1 198 0 discriminator 3
 207 001c 013E     		subs	r6, r6, #1
 208              	.LVL31:
 209              		.loc 1 202 0 discriminator 3
 210 001e 2946     		mov	r1, r5
 211              	.LVL32:
 212              	.L16:
 198:Drivers/STM32F3xx_HAL_Driver/Src/stm32f3xx_hal_pcd_ex.c ****   {
 213              		.loc 1 198 0 discriminator 1
 214 0020 002E     		cmp	r6, #0
 215 0022 F4D1     		bne	.L17
 203:Drivers/STM32F3xx_HAL_Driver/Src/stm32f3xx_hal_pcd_ex.c ****     pdwVal++;
 204:Drivers/STM32F3xx_HAL_Driver/Src/stm32f3xx_hal_pcd_ex.c ****   }
 205:Drivers/STM32F3xx_HAL_Driver/Src/stm32f3xx_hal_pcd_ex.c **** 
 206:Drivers/STM32F3xx_HAL_Driver/Src/stm32f3xx_hal_pcd_ex.c ****   if (wNBytes % 2)
 216              		.loc 1 206 0
 217 0024 13F0010F 		tst	r3, #1
 218 0028 01D0     		beq	.L15
 219              	.LVL33:
 207:Drivers/STM32F3xx_HAL_Driver/Src/stm32f3xx_hal_pcd_ex.c ****   {
 208:Drivers/STM32F3xx_HAL_Driver/Src/stm32f3xx_hal_pcd_ex.c ****     temp = *pdwVal++;
 220              		.loc 1 208 0
 221 002a 1388     		ldrh	r3, [r2]
 222              	.LVL34:
 209:Drivers/STM32F3xx_HAL_Driver/Src/stm32f3xx_hal_pcd_ex.c ****     *pbUsrBuf++ = ((temp >> 0) & 0xFF);
 223              		.loc 1 209 0
 224 002c 0B70     		strb	r3, [r1]
 225              	.LVL35:
 226              	.L15:
 210:Drivers/STM32F3xx_HAL_Driver/Src/stm32f3xx_hal_pcd_ex.c ****   }
 211:Drivers/STM32F3xx_HAL_Driver/Src/stm32f3xx_hal_pcd_ex.c **** }
 227              		.loc 1 211 0
 228 002e 70BC     		pop	{r4, r5, r6}
 229              	.LCFI6:
 230              		.cfi_restore 6
 231              		.cfi_restore 5
 232              		.cfi_restore 4
 233              		.cfi_def_cfa_offset 0
 234              	.LVL36:
 235 0030 7047     		bx	lr
 236              		.cfi_endproc
 237              	.LFE128:
 239              		.section	.text.HAL_PCDEx_SetConnectionState,"ax",%progbits
 240              		.align	1
 241              		.weak	HAL_PCDEx_SetConnectionState
 242              		.syntax unified
 243              		.thumb
 244              		.thumb_func
ARM GAS  C:\Users\acw\AppData\Local\Temp\ccJVWwzn.s 			page 9


 245              		.fpu fpv4-sp-d16
 247              	HAL_PCDEx_SetConnectionState:
 248              	.LFB129:
 212:Drivers/STM32F3xx_HAL_Driver/Src/stm32f3xx_hal_pcd_ex.c **** #endif /* STM32F303xC                || */
 213:Drivers/STM32F3xx_HAL_Driver/Src/stm32f3xx_hal_pcd_ex.c ****        /* STM32F303x8 || STM32F334x8 || */
 214:Drivers/STM32F3xx_HAL_Driver/Src/stm32f3xx_hal_pcd_ex.c ****        /* STM32F301x8                || */
 215:Drivers/STM32F3xx_HAL_Driver/Src/stm32f3xx_hal_pcd_ex.c ****        /* STM32F373xC || STM32F378xx    */
 216:Drivers/STM32F3xx_HAL_Driver/Src/stm32f3xx_hal_pcd_ex.c **** 
 217:Drivers/STM32F3xx_HAL_Driver/Src/stm32f3xx_hal_pcd_ex.c **** #if defined(STM32F302xE) || defined(STM32F303xE) || \
 218:Drivers/STM32F3xx_HAL_Driver/Src/stm32f3xx_hal_pcd_ex.c ****     defined(STM32F302x8) 
 219:Drivers/STM32F3xx_HAL_Driver/Src/stm32f3xx_hal_pcd_ex.c **** /**
 220:Drivers/STM32F3xx_HAL_Driver/Src/stm32f3xx_hal_pcd_ex.c ****   * @brief Copy a buffer from user memory area to packet memory area (PMA)
 221:Drivers/STM32F3xx_HAL_Driver/Src/stm32f3xx_hal_pcd_ex.c ****   * @param   USBx: USB peripheral instance register address.
 222:Drivers/STM32F3xx_HAL_Driver/Src/stm32f3xx_hal_pcd_ex.c ****   * @param   pbUsrBuf: pointer to user memory area.
 223:Drivers/STM32F3xx_HAL_Driver/Src/stm32f3xx_hal_pcd_ex.c ****   * @param   wPMABufAddr: address into PMA.
 224:Drivers/STM32F3xx_HAL_Driver/Src/stm32f3xx_hal_pcd_ex.c ****   * @param   wNBytes: no. of bytes to be copied.
 225:Drivers/STM32F3xx_HAL_Driver/Src/stm32f3xx_hal_pcd_ex.c ****   * @retval None
 226:Drivers/STM32F3xx_HAL_Driver/Src/stm32f3xx_hal_pcd_ex.c ****   */
 227:Drivers/STM32F3xx_HAL_Driver/Src/stm32f3xx_hal_pcd_ex.c **** void PCD_WritePMA(USB_TypeDef  *USBx, uint8_t *pbUsrBuf, uint16_t wPMABufAddr, uint16_t wNBytes)
 228:Drivers/STM32F3xx_HAL_Driver/Src/stm32f3xx_hal_pcd_ex.c **** {
 229:Drivers/STM32F3xx_HAL_Driver/Src/stm32f3xx_hal_pcd_ex.c ****   uint32_t n =  ((uint32_t)((uint32_t)wNBytes + 1U)) >> 1U;
 230:Drivers/STM32F3xx_HAL_Driver/Src/stm32f3xx_hal_pcd_ex.c ****   uint32_t i;
 231:Drivers/STM32F3xx_HAL_Driver/Src/stm32f3xx_hal_pcd_ex.c ****   uint16_t temp1, temp2;
 232:Drivers/STM32F3xx_HAL_Driver/Src/stm32f3xx_hal_pcd_ex.c ****   uint16_t *pdwVal;
 233:Drivers/STM32F3xx_HAL_Driver/Src/stm32f3xx_hal_pcd_ex.c ****   pdwVal = (uint16_t *)((uint32_t)(wPMABufAddr + (uint32_t)USBx + 0x400U));  
 234:Drivers/STM32F3xx_HAL_Driver/Src/stm32f3xx_hal_pcd_ex.c ****   for (i = n; i != 0U; i--)
 235:Drivers/STM32F3xx_HAL_Driver/Src/stm32f3xx_hal_pcd_ex.c ****   {
 236:Drivers/STM32F3xx_HAL_Driver/Src/stm32f3xx_hal_pcd_ex.c ****     temp1 = (uint16_t) * pbUsrBuf;
 237:Drivers/STM32F3xx_HAL_Driver/Src/stm32f3xx_hal_pcd_ex.c ****     pbUsrBuf++;
 238:Drivers/STM32F3xx_HAL_Driver/Src/stm32f3xx_hal_pcd_ex.c ****     temp2 = temp1 | ((uint16_t)((uint16_t)  * pbUsrBuf << 8U)) ;
 239:Drivers/STM32F3xx_HAL_Driver/Src/stm32f3xx_hal_pcd_ex.c ****     *pdwVal++ = temp2;
 240:Drivers/STM32F3xx_HAL_Driver/Src/stm32f3xx_hal_pcd_ex.c ****     pbUsrBuf++;
 241:Drivers/STM32F3xx_HAL_Driver/Src/stm32f3xx_hal_pcd_ex.c ****   }
 242:Drivers/STM32F3xx_HAL_Driver/Src/stm32f3xx_hal_pcd_ex.c **** }
 243:Drivers/STM32F3xx_HAL_Driver/Src/stm32f3xx_hal_pcd_ex.c **** 
 244:Drivers/STM32F3xx_HAL_Driver/Src/stm32f3xx_hal_pcd_ex.c **** /**
 245:Drivers/STM32F3xx_HAL_Driver/Src/stm32f3xx_hal_pcd_ex.c ****   * @brief Copy a buffer from user memory area to packet memory area (PMA)
 246:Drivers/STM32F3xx_HAL_Driver/Src/stm32f3xx_hal_pcd_ex.c ****   * @param   USBx: USB peripheral instance register address.
 247:Drivers/STM32F3xx_HAL_Driver/Src/stm32f3xx_hal_pcd_ex.c ****   * @param   pbUsrBuf: pointer to user memory area.
 248:Drivers/STM32F3xx_HAL_Driver/Src/stm32f3xx_hal_pcd_ex.c ****   * @param   wPMABufAddr: address into PMA.
 249:Drivers/STM32F3xx_HAL_Driver/Src/stm32f3xx_hal_pcd_ex.c ****   * @param   wNBytes: no. of bytes to be copied.
 250:Drivers/STM32F3xx_HAL_Driver/Src/stm32f3xx_hal_pcd_ex.c ****   * @retval None
 251:Drivers/STM32F3xx_HAL_Driver/Src/stm32f3xx_hal_pcd_ex.c ****   */
 252:Drivers/STM32F3xx_HAL_Driver/Src/stm32f3xx_hal_pcd_ex.c **** void PCD_ReadPMA(USB_TypeDef  *USBx, uint8_t *pbUsrBuf, uint16_t wPMABufAddr, uint16_t wNBytes)
 253:Drivers/STM32F3xx_HAL_Driver/Src/stm32f3xx_hal_pcd_ex.c **** {
 254:Drivers/STM32F3xx_HAL_Driver/Src/stm32f3xx_hal_pcd_ex.c ****   uint32_t n = (uint32_t)wNBytes >> 1U;
 255:Drivers/STM32F3xx_HAL_Driver/Src/stm32f3xx_hal_pcd_ex.c ****   uint32_t i;
 256:Drivers/STM32F3xx_HAL_Driver/Src/stm32f3xx_hal_pcd_ex.c ****   uint16_t *pdwVal;
 257:Drivers/STM32F3xx_HAL_Driver/Src/stm32f3xx_hal_pcd_ex.c ****   uint32_t temp;
 258:Drivers/STM32F3xx_HAL_Driver/Src/stm32f3xx_hal_pcd_ex.c ****   pdwVal = (uint16_t *)((uint32_t)(wPMABufAddr + (uint32_t)USBx + 0x400U));
 259:Drivers/STM32F3xx_HAL_Driver/Src/stm32f3xx_hal_pcd_ex.c **** 
 260:Drivers/STM32F3xx_HAL_Driver/Src/stm32f3xx_hal_pcd_ex.c ****   for (i = n; i != 0U; i--)
 261:Drivers/STM32F3xx_HAL_Driver/Src/stm32f3xx_hal_pcd_ex.c ****   {
 262:Drivers/STM32F3xx_HAL_Driver/Src/stm32f3xx_hal_pcd_ex.c ****     temp = *pdwVal++;
 263:Drivers/STM32F3xx_HAL_Driver/Src/stm32f3xx_hal_pcd_ex.c ****     *pbUsrBuf++ = ((temp >> 0) & 0xFF);
 264:Drivers/STM32F3xx_HAL_Driver/Src/stm32f3xx_hal_pcd_ex.c ****     *pbUsrBuf++ = ((temp >> 8) & 0xFF);
 265:Drivers/STM32F3xx_HAL_Driver/Src/stm32f3xx_hal_pcd_ex.c ****   }
ARM GAS  C:\Users\acw\AppData\Local\Temp\ccJVWwzn.s 			page 10


 266:Drivers/STM32F3xx_HAL_Driver/Src/stm32f3xx_hal_pcd_ex.c **** 
 267:Drivers/STM32F3xx_HAL_Driver/Src/stm32f3xx_hal_pcd_ex.c ****   if (wNBytes % 2)
 268:Drivers/STM32F3xx_HAL_Driver/Src/stm32f3xx_hal_pcd_ex.c ****   {
 269:Drivers/STM32F3xx_HAL_Driver/Src/stm32f3xx_hal_pcd_ex.c ****     temp = *pdwVal++;
 270:Drivers/STM32F3xx_HAL_Driver/Src/stm32f3xx_hal_pcd_ex.c ****     *pbUsrBuf++ = ((temp >> 0) & 0xFF);
 271:Drivers/STM32F3xx_HAL_Driver/Src/stm32f3xx_hal_pcd_ex.c ****   }
 272:Drivers/STM32F3xx_HAL_Driver/Src/stm32f3xx_hal_pcd_ex.c **** }
 273:Drivers/STM32F3xx_HAL_Driver/Src/stm32f3xx_hal_pcd_ex.c **** #endif /* STM32F302xE || STM32F303xE || */
 274:Drivers/STM32F3xx_HAL_Driver/Src/stm32f3xx_hal_pcd_ex.c ****        /* STM32F302xC                || */
 275:Drivers/STM32F3xx_HAL_Driver/Src/stm32f3xx_hal_pcd_ex.c ****        /* STM32F302x8                   */
 276:Drivers/STM32F3xx_HAL_Driver/Src/stm32f3xx_hal_pcd_ex.c **** 
 277:Drivers/STM32F3xx_HAL_Driver/Src/stm32f3xx_hal_pcd_ex.c **** /**
 278:Drivers/STM32F3xx_HAL_Driver/Src/stm32f3xx_hal_pcd_ex.c ****   * @}
 279:Drivers/STM32F3xx_HAL_Driver/Src/stm32f3xx_hal_pcd_ex.c ****   */ 
 280:Drivers/STM32F3xx_HAL_Driver/Src/stm32f3xx_hal_pcd_ex.c **** 
 281:Drivers/STM32F3xx_HAL_Driver/Src/stm32f3xx_hal_pcd_ex.c **** /** @addtogroup PCDEx_Exported_Functions PCDEx Exported Functions
 282:Drivers/STM32F3xx_HAL_Driver/Src/stm32f3xx_hal_pcd_ex.c ****   * @{
 283:Drivers/STM32F3xx_HAL_Driver/Src/stm32f3xx_hal_pcd_ex.c ****   */
 284:Drivers/STM32F3xx_HAL_Driver/Src/stm32f3xx_hal_pcd_ex.c **** 
 285:Drivers/STM32F3xx_HAL_Driver/Src/stm32f3xx_hal_pcd_ex.c **** /** @addtogroup PCDEx_Exported_Functions_Group2 Extended Initialization and de-initialization funct
 286:Drivers/STM32F3xx_HAL_Driver/Src/stm32f3xx_hal_pcd_ex.c ****   * @{
 287:Drivers/STM32F3xx_HAL_Driver/Src/stm32f3xx_hal_pcd_ex.c ****   */
 288:Drivers/STM32F3xx_HAL_Driver/Src/stm32f3xx_hal_pcd_ex.c **** /**
 289:Drivers/STM32F3xx_HAL_Driver/Src/stm32f3xx_hal_pcd_ex.c ****   * @brief  Software Device Connection
 290:Drivers/STM32F3xx_HAL_Driver/Src/stm32f3xx_hal_pcd_ex.c ****   * @param  hpcd PCD handle
 291:Drivers/STM32F3xx_HAL_Driver/Src/stm32f3xx_hal_pcd_ex.c ****   * @param  state Device state
 292:Drivers/STM32F3xx_HAL_Driver/Src/stm32f3xx_hal_pcd_ex.c ****   * @retval None
 293:Drivers/STM32F3xx_HAL_Driver/Src/stm32f3xx_hal_pcd_ex.c ****   */
 294:Drivers/STM32F3xx_HAL_Driver/Src/stm32f3xx_hal_pcd_ex.c ****  __weak void HAL_PCDEx_SetConnectionState(PCD_HandleTypeDef *hpcd, uint8_t state)
 295:Drivers/STM32F3xx_HAL_Driver/Src/stm32f3xx_hal_pcd_ex.c **** {
 249              		.loc 1 295 0
 250              		.cfi_startproc
 251              		@ args = 0, pretend = 0, frame = 0
 252              		@ frame_needed = 0, uses_anonymous_args = 0
 253              		@ link register save eliminated.
 254              	.LVL37:
 296:Drivers/STM32F3xx_HAL_Driver/Src/stm32f3xx_hal_pcd_ex.c ****   /* Prevent unused argument(s) compilation warning */
 297:Drivers/STM32F3xx_HAL_Driver/Src/stm32f3xx_hal_pcd_ex.c ****   UNUSED(hpcd);
 298:Drivers/STM32F3xx_HAL_Driver/Src/stm32f3xx_hal_pcd_ex.c ****   UNUSED(state);
 299:Drivers/STM32F3xx_HAL_Driver/Src/stm32f3xx_hal_pcd_ex.c **** 
 300:Drivers/STM32F3xx_HAL_Driver/Src/stm32f3xx_hal_pcd_ex.c ****   /* NOTE : This function Should not be modified, when the callback is needed,
 301:Drivers/STM32F3xx_HAL_Driver/Src/stm32f3xx_hal_pcd_ex.c ****             the HAL_PCDEx_SetConnectionState could be implenetd in the user file
 302:Drivers/STM32F3xx_HAL_Driver/Src/stm32f3xx_hal_pcd_ex.c ****    */ 
 303:Drivers/STM32F3xx_HAL_Driver/Src/stm32f3xx_hal_pcd_ex.c **** }
 255              		.loc 1 303 0
 256 0000 7047     		bx	lr
 257              		.cfi_endproc
 258              	.LFE129:
 260              		.text
 261              	.Letext0:
 262              		.file 2 "c:\\program files (x86)\\gnu tools arm embedded\\7 2018-q2-update\\arm-none-eabi\\include
 263              		.file 3 "c:\\program files (x86)\\gnu tools arm embedded\\7 2018-q2-update\\arm-none-eabi\\include
 264              		.file 4 "Drivers/CMSIS/Include/core_cm4.h"
 265              		.file 5 "Drivers/CMSIS/Device/ST/STM32F3xx/Include/system_stm32f3xx.h"
 266              		.file 6 "Drivers/CMSIS/Device/ST/STM32F3xx/Include/stm32f373xc.h"
 267              		.file 7 "c:\\program files (x86)\\gnu tools arm embedded\\7 2018-q2-update\\arm-none-eabi\\include
 268              		.file 8 "c:\\program files (x86)\\gnu tools arm embedded\\7 2018-q2-update\\arm-none-eabi\\include
ARM GAS  C:\Users\acw\AppData\Local\Temp\ccJVWwzn.s 			page 11


 269              		.file 9 "c:\\program files (x86)\\gnu tools arm embedded\\7 2018-q2-update\\lib\\gcc\\arm-none-eab
 270              		.file 10 "c:\\program files (x86)\\gnu tools arm embedded\\7 2018-q2-update\\arm-none-eabi\\includ
 271              		.file 11 "Drivers/STM32F3xx_HAL_Driver/Inc/stm32f3xx_hal_def.h"
 272              		.file 12 "Drivers/STM32F3xx_HAL_Driver/Inc/stm32f3xx_hal_pcd.h"
 273              		.file 13 "Drivers/STM32F3xx_HAL_Driver/Inc/stm32f3xx_hal.h"
ARM GAS  C:\Users\acw\AppData\Local\Temp\ccJVWwzn.s 			page 12


DEFINED SYMBOLS
                            *ABS*:00000000 stm32f3xx_hal_pcd_ex.c
C:\Users\acw\AppData\Local\Temp\ccJVWwzn.s:18     .text.HAL_PCDEx_PMAConfig:00000000 $t
C:\Users\acw\AppData\Local\Temp\ccJVWwzn.s:25     .text.HAL_PCDEx_PMAConfig:00000000 HAL_PCDEx_PMAConfig
C:\Users\acw\AppData\Local\Temp\ccJVWwzn.s:96     .text.PCD_WritePMA:00000000 $t
C:\Users\acw\AppData\Local\Temp\ccJVWwzn.s:103    .text.PCD_WritePMA:00000000 PCD_WritePMA
C:\Users\acw\AppData\Local\Temp\ccJVWwzn.s:162    .text.PCD_ReadPMA:00000000 $t
C:\Users\acw\AppData\Local\Temp\ccJVWwzn.s:169    .text.PCD_ReadPMA:00000000 PCD_ReadPMA
C:\Users\acw\AppData\Local\Temp\ccJVWwzn.s:240    .text.HAL_PCDEx_SetConnectionState:00000000 $t
C:\Users\acw\AppData\Local\Temp\ccJVWwzn.s:247    .text.HAL_PCDEx_SetConnectionState:00000000 HAL_PCDEx_SetConnectionState

NO UNDEFINED SYMBOLS
